TN:
SF:E:/_UnityProjects/ECSGame/ECSGame/Assets/Sources/Scripts/Context/ApplicationContext.cs
FN:9,_serviceFactory()
FN:9,_serviceFactory(Sources.Scripts.Factory.ServiceFactory)
FN:24,SetServiceFactory(Sources.Scripts.Factory.ServiceFactory)
FNDA:0,_serviceFactory()
FNDA:0,_serviceFactory(Sources.Scripts.Factory.ServiceFactory)
FNDA:0,SetServiceFactory(Sources.Scripts.Factory.ServiceFactory)
FNF:3
FNH:0
BRF:0
BRH:0
DA:9,0
DA:24,0
DA:25,0
DA:26,0
DA:27,0
DA:28,0
DA:30,0
DA:31,0
DA:33,0
LH:0
LF:9
end_of_record
SF:E:/_UnityProjects/ECSGame/ECSGame/Assets/Sources/Scripts/Core/Loading/AppStart.cs
FN:20,Awake()
FN:28,Start()
FNDA:1,Awake()
FNDA:1,Start()
FNF:2
FNH:2
BRF:0
BRH:0
DA:20,1
DA:21,1
DA:22,1
DA:23,1
DA:24,1
DA:25,1
DA:28,1
DA:29,1
DA:30,1
DA:31,0
DA:33,1
DA:34,1
DA:35,0
DA:37,1
DA:38,0
DA:40,1
DA:41,1
DA:42,1
DA:43,0
DA:45,1
DA:46,0
DA:48,1
DA:49,1
DA:51,0
DA:67,1
DA:69,0
LH:19
LF:26
end_of_record
SF:E:/_UnityProjects/ECSGame/ECSGame/Assets/Sources/Scripts/DI/AppContext.cs
FN:20,Container()
FN:22,Awake()
FN:25,InitializeAsync()
FNDA:0,Container()
FNDA:1,Awake()
FNDA:1,InitializeAsync()
FNF:3
FNH:2
BRF:0
BRH:0
DA:20,0
DA:22,1
DA:25,1
DA:26,1
DA:28,1
DA:33,1
LH:5
LF:6
end_of_record
SF:E:/_UnityProjects/ECSGame/ECSGame/Assets/Sources/Scripts/DI/Container.cs
FN:11,Binder()
FN:12,Cache()
FN:13,Injector()
FN:15,Container()
FN:49,BindAsync()
FN:12,Binder()
FN:13,Cache()
FN:14,Injector()
FN:16,Container()
FN:64,Bind()
FN:24,InitServicesAsync()
FNDA:7,Binder()
FNDA:16,Cache()
FNDA:10,Injector()
FNDA:1,Container()
FNDA:3,BindAsync()
FNDA:16,Binder()
FNDA:10,Cache()
FNDA:0,Injector()
FNDA:3,Container()
FNDA:1,Bind()
FNDA:0,InitServicesAsync()
FNF:11
FNH:9
BRF:0
BRH:0
DA:11,7
DA:12,16
DA:13,10
DA:14,0
DA:15,1
DA:16,3
DA:17,3
DA:18,3
DA:19,3
DA:20,3
DA:21,2
DA:24,0
DA:25,0
DA:27,0
DA:28,0
DA:29,0
DA:32,0
DA:33,0
DA:35,0
DA:36,0
DA:49,3
DA:50,4
DA:52,2
DA:54,2
DA:55,1
DA:56,1
DA:64,1
DA:65,1
DA:67,1
DA:69,1
DA:70,1
DA:71,1
LH:22
LF:32
end_of_record
SF:E:/_UnityProjects/ECSGame/ECSGame/Assets/Sources/Scripts/DI/ContainerBinder.cs
FN:11,GetBinds()
FN:16,BindMain(System.Type, System.Type)
FN:24,Bind(System.Type)
FN:25,Bind(System.Type, System.Type)
FN:26,Bind[T]()
FN:29,Bind[TBase, TImpl]()
FN:32,Bind(System.Collections.Generic.Dictionary[Type,Type])
FN:13,ContainerBinder()
FN:26,Bind(System.Type)
FN:27,Bind(System.Type, System.Type)
FN:28,Bind[T]()
FN:31,Bind[TBase, TImpl]()
FN:34,Bind(System.Collections.Generic.Dictionary[Type,Type])
FNDA:0,GetBinds()
FNDA:14,BindMain(System.Type, System.Type)
FNDA:1,Bind(System.Type)
FNDA:3,Bind(System.Type, System.Type)
FNDA:4,Bind[T]()
FNDA:1,Bind[TBase, TImpl]()
FNDA:3,Bind(System.Collections.Generic.Dictionary[Type,Type])
FNDA:2,ContainerBinder()
FNDA:4,Bind(System.Type)
FNDA:0,Bind(System.Type, System.Type)
FNDA:3,Bind[T]()
FNDA:0,Bind[TBase, TImpl]()
FNDA:2,Bind(System.Collections.Generic.Dictionary[Type,Type])
FNF:13
FNH:10
BRF:0
BRH:0
DA:11,0
DA:13,2
DA:16,14
DA:17,18
DA:19,15
DA:20,5
DA:21,0
DA:22,10
DA:24,1
DA:25,3
DA:26,4
DA:27,0
DA:28,3
DA:29,1
DA:31,0
DA:32,3
DA:33,5
DA:34,2
DA:35,1
DA:36,6
DA:37,1
DA:38,6
DA:39,2
DA:40,2
DA:41,1
DA:42,1
LH:22
LF:26
end_of_record
SF:E:/_UnityProjects/ECSGame/ECSGame/Assets/Sources/Scripts/DI/ContainerCache.cs
FN:15,GetCache()
FN:24,AddMain(System.Type, System.Type)
FN:42,AddToCache(System.Type, System.Object)
FN:45,Add[T]()
FN:48,Add[TBase, TImpl]()
FN:51,Add[T](System.Object)
FN:53,Add(System.Type, System.Object)
FN:17,ContainerCache()
FN:13,ContainerCache()
FN:56,Add()
FN:25,AddMain(System.Type, System.Type)
FN:49,Add[T]()
FN:52,Add[TBase, TImpl]()
FN:55,Add[T](System.Object)
FN:57,Add(System.Type, System.Object)
FN:60,Add()
FNDA:0,GetCache()
FNDA:3,AddMain(System.Type, System.Type)
FNDA:10,AddToCache(System.Type, System.Object)
FNDA:2,Add[T]()
FNDA:1,Add[TBase, TImpl]()
FNDA:2,Add[T](System.Object)
FNDA:0,Add(System.Type, System.Object)
FNDA:3,ContainerCache()
FNDA:2,ContainerCache()
FNDA:1,Add()
FNDA:7,AddMain(System.Type, System.Type)
FNDA:2,Add[T]()
FNDA:0,Add[TBase, TImpl]()
FNDA:1,Add[T](System.Object)
FNDA:7,Add(System.Type, System.Object)
FNDA:2,Add()
FNF:16
FNH:13
BRF:0
BRH:0
DA:13,2
DA:15,0
DA:17,3
DA:18,3
DA:19,3
DA:20,3
DA:24,3
DA:25,7
DA:26,2
DA:27,1
DA:28,2
DA:29,1
DA:30,2
DA:31,1
DA:32,2
DA:33,3
DA:42,10
DA:45,2
DA:48,1
DA:49,2
DA:51,2
DA:52,0
DA:53,0
DA:55,1
DA:56,1
DA:57,7
DA:58,1
DA:59,1
DA:60,2
DA:61,5
DA:62,2
DA:63,2
DA:64,1
DA:66,1
DA:67,1
LH:32
LF:35
end_of_record
SF:E:/_UnityProjects/ECSGame/ECSGame/Assets/Sources/Scripts/DI/ContainerInjector.cs
FN:13,InjectDependenciesAsync()
FNDA:0,InjectDependenciesAsync()
FNF:1
FNH:0
BRF:0
BRH:0
DA:13,0
DA:14,0
DA:16,0
DA:17,0
DA:18,0
DA:20,0
DA:21,0
DA:22,0
DA:27,0
DA:36,0
DA:47,0
DA:48,0
DA:50,0
DA:91,0
DA:92,0
LH:0
LF:15
end_of_record
SF:E:/_UnityProjects/ECSGame/ECSGame/Assets/Sources/Scripts/Factory/ServiceFactory.cs
FN:9,CreateServiceAsync()
FN:22,GetService[T]()
FN:49,GetService(System.Type)
FNDA:3,CreateServiceAsync()
FNDA:0,GetService[T]()
FNDA:2,GetService(System.Type)
FNF:3
FNH:2
BRF:0
BRH:0
DA:9,3
DA:10,4
DA:12,2
DA:13,2
DA:22,0
DA:23,0
DA:25,0
DA:35,0
DA:37,0
DA:38,0
DA:39,0
DA:42,0
DA:43,0
DA:45,0
DA:46,0
DA:49,2
DA:50,2
DA:51,2
DA:52,2
LH:8
LF:19
end_of_record
SF:E:/_UnityProjects/ECSGame/ECSGame/Assets/Sources/Scripts/Systems/MoveSystem.cs
FN:7,MoveSystem()
FNDA:0,MoveSystem()
FNF:1
FNH:0
BRF:0
BRH:0
DA:7,0
DA:8,0
DA:9,0
DA:10,0
LH:0
LF:4
end_of_record
SF:E:/_UnityProjects/ECSGame/ECSGame/Assets/Sources/Scripts/TestConfig/IBindsConfig.cs
FN:15,InitBindings()
FNDA:0,InitBindings()
FNF:1
FNH:0
BRF:0
BRH:0
DA:15,0
DA:16,0
DA:17,0
LH:0
LF:3
end_of_record
SF:E:/_UnityProjects/ECSGame/ECSGame/Assets/Sources/Scripts/TestConfig/LocalService.cs
FN:11,GetServicesList()
FNDA:0,GetServicesList()
FNF:1
FNH:0
BRF:0
BRH:0
DA:11,0
DA:12,0
DA:17,0
LH:0
LF:3
end_of_record
SF:E:/_UnityProjects/ECSGame/ECSGame/Assets/Sources/Scripts/TestConfig/NetServiceConfig.cs
FN:11,GetServicesList()
FNDA:0,GetServicesList()
FNF:1
FNH:0
BRF:0
BRH:0
DA:11,0
LH:0
LF:1
end_of_record
SF:E:/_UnityProjects/ECSGame/ECSGame/Assets/Sources/Scripts/TestConfig/TestBinds.cs
FN:16,GetBindingsList()
FN:11,InitBindings()
FNDA:1,GetBindingsList()
FNDA:1,InitBindings()
FNF:2
FNH:2
BRF:0
BRH:0
DA:11,1
DA:12,1
DA:13,1
DA:16,1
DA:17,1
DA:21,1
LH:6
LF:6
end_of_record
SF:E:/_UnityProjects/ECSGame/ECSGame/Assets/Sources/Scripts/TestDB/CloudDB.cs
FN:8,ShowInfo()
FNDA:0,ShowInfo()
FNF:1
FNH:0
BRF:0
BRH:0
DA:8,0
DA:9,0
DA:10,0
LH:0
LF:3
end_of_record
SF:E:/_UnityProjects/ECSGame/ECSGame/Assets/Sources/Scripts/TestDB/DBController.cs
FN:12,Start()
FN:17,show()
FNDA:0,Start()
FNDA:0,show()
FNF:2
FNH:0
BRF:0
BRH:0
DA:12,0
DA:13,0
DA:14,0
DA:17,0
DA:18,0
DA:19,0
LH:0
LF:6
end_of_record
SF:E:/_UnityProjects/ECSGame/ECSGame/Assets/Sources/Scripts/TestDB/LocalDB.cs
FN:8,ShowInfo()
FNDA:0,ShowInfo()
FNF:1
FNH:0
BRF:0
BRH:0
DA:8,0
DA:9,0
DA:10,0
LH:0
LF:3
end_of_record
SF:E:/_UnityProjects/ECSGame/ECSGame/Assets/Sources/Scripts/TestViews/ModernView.cs
FN:8,ShowInfo()
FNDA:0,ShowInfo()
FNF:1
FNH:0
BRF:0
BRH:0
DA:8,0
DA:9,0
DA:10,0
LH:0
LF:3
end_of_record
SF:E:/_UnityProjects/ECSGame/ECSGame/Assets/Sources/Scripts/TestViews/OldStyleView.cs
FN:8,ShowInfo()
FNDA:0,ShowInfo()
FNF:1
FNH:0
BRF:0
BRH:0
DA:8,0
DA:9,0
DA:10,0
LH:0
LF:3
end_of_record
SF:E:/_UnityProjects/ECSGame/ECSGame/Assets/Sources/Scripts/Utils/DebugConfig.cs
FN:5,DebugConfig()
FNDA:2,DebugConfig()
FNF:1
FNH:1
BRF:0
BRH:0
DA:5,2
DA:6,2
LH:2
LF:2
end_of_record
SF:E:/_UnityProjects/ECSGame/ECSGame/Assets/Sources/Scripts/Utils/Helper.cs
FN:9,TypeNameCutter(System.Type)
FNDA:8,TypeNameCutter(System.Type)
FNF:1
FNH:1
BRF:0
BRH:0
DA:9,8
DA:10,8
DA:11,8
LH:3
LF:3
end_of_record
SF:E:/_UnityProjects/ECSGame/ECSGame/Assets/Sources/Scripts/Utils/JLog.cs
FN:19,Msg(System.Object, System.String, System.String)
FN:22,ShowMsg(System.Object, System.String, System.String)
FN:32,Builder()
FN:57,ShowMultiMsg(System.String, System.String)
FN:68,ShowMsgNumLine(System.String, System.String)
FN:13,JLog()
FN:44,AddLine(System.Object)
FN:53,Build(System.String, System.String)
FN:38,JLoggerBuilder(System.Collections.Generic.List`1[[System.String, mscorlib, Version=4.0.0.0, Culture=neutral, PublicKeyToken=b77a5c561934e089]]&)
FNDA:5,Msg(System.Object, System.String, System.String)
FNDA:5,ShowMsg(System.Object, System.String, System.String)
FNDA:0,Builder()
FNDA:0,ShowMultiMsg(System.String, System.String)
FNDA:5,ShowMsgNumLine(System.String, System.String)
FNDA:2,JLog()
FNDA:0,AddLine(System.Object)
FNDA:0,Build(System.String, System.String)
FNDA:0,JLoggerBuilder(System.Collections.Generic.List`1[[System.String, mscorlib, Version=4.0.0.0, Culture=neutral, PublicKeyToken=b77a5c561934e089]]&)
FNF:9
FNH:4
BRF:0
BRH:0
DA:13,2
DA:14,2
DA:15,2
DA:16,2
DA:19,5
DA:22,5
DA:23,5
DA:25,5
DA:26,5
DA:27,5
DA:32,0
DA:38,0
DA:44,0
DA:45,0
DA:46,0
DA:47,0
DA:53,0
DA:57,0
DA:58,0
DA:60,0
DA:62,0
DA:64,0
DA:65,0
DA:68,5
DA:69,10
DA:71,0
DA:72,0
DA:73,5
LH:13
LF:28
end_of_record
SF:E:/_UnityProjects/ECSGame/ECSGame/Assets/Sources/Scripts/Utils/ReflectionUtils.cs
FN:24,HandInject[T](T, System.Object)
FN:15,ReflectionUtils(Sources.Scripts.DI.Container)
FNDA:3,HandInject[T](T, System.Object)
FNDA:1,ReflectionUtils(Sources.Scripts.DI.Container)
FNF:2
FNH:2
BRF:0
BRH:0
DA:15,1
DA:16,1
DA:17,1
DA:18,1
DA:24,3
DA:29,3
DA:32,3
DA:35,27
DA:36,9
DA:37,12
DA:39,6
DA:40,6
DA:42,10
DA:44,2
DA:47,2
DA:49,2
DA:50,2
DA:52,2
DA:53,2
DA:55,3
DA:56,3
LH:21
LF:21
end_of_record
SF:E:/_UnityProjects/ECSGame/ECSGame/Assets/Tests/DITests/ContainerBinderTests.cs
FN:18,SetUp()
FN:23,BindOverloads_WithNullArgument_ThrowException()
FN:38,BindOverloads_WithNullArguments_ThrowException(System.Type, System.Type)
FN:10,ContainerBinderTests()
FN:19,SetUp()
FN:24,TearDown()
FN:29,Negative_BindOverloads_WithNullArgument_ThrowException()
FN:44,Negative_BindOverloads_WithNullArguments_ThrowException(System.Type, System.Type)
FN:11,ContainerBinderTests()
FNDA:4,SetUp()
FNDA:1,BindOverloads_WithNullArgument_ThrowException()
FNDA:3,BindOverloads_WithNullArguments_ThrowException(System.Type, System.Type)
FNDA:1,ContainerBinderTests()
FNDA:4,SetUp()
FNDA:1,TearDown()
FNDA:1,Negative_BindOverloads_WithNullArgument_ThrowException()
FNDA:0,Negative_BindOverloads_WithNullArguments_ThrowException(System.Type, System.Type)
FNDA:0,ContainerBinderTests()
FNF:9
FNH:7
BRF:0
BRH:0
DA:10,1
DA:11,0
DA:18,4
DA:19,4
DA:20,0
DA:23,1
DA:24,1
DA:25,1
DA:28,1
DA:29,1
DA:30,0
DA:31,1
DA:34,0
DA:35,0
DA:37,0
DA:38,3
DA:39,6
DA:40,3
DA:44,0
DA:45,0
DA:46,0
LH:12
LF:21
end_of_record
SF:E:/_UnityProjects/ECSGame/ECSGame/Assets/Tests/DITests/ContainerFuncTests.cs
FN:17,BindOverloads_ExpectedReturnResults()
FN:11,ContainerFuncTests()
FN:31,GetService_ExpectedReturnResults()
FN:16,BindOverloads_ExpectedReturnResults()
FN:30,GetService_ExpectedReturnResults()
FN:10,ContainerFuncTests()
FNDA:1,BindOverloads_ExpectedReturnResults()
FNDA:1,ContainerFuncTests()
FNDA:1,GetService_ExpectedReturnResults()
FNDA:0,BindOverloads_ExpectedReturnResults()
FNDA:0,GetService_ExpectedReturnResults()
FNDA:0,ContainerFuncTests()
FNF:6
FNH:6
BRF:0
BRH:0
DA:10,0
DA:11,1
DA:12,1
DA:13,1
DA:16,0
DA:17,1
DA:18,1
DA:19,1
DA:20,1
DA:21,1
DA:22,0
DA:23,1
DA:24,1
DA:25,1
DA:26,1
DA:27,1
DA:30,0
DA:31,1
DA:32,0
DA:33,1
DA:36,1
DA:39,1
DA:40,1
LH:18
LF:23
end_of_record
SF:E:/_UnityProjects/ECSGame/ECSGame/Assets/Tests/DITests/ContainerIntegrTests.cs
FN:7,ContainerIntegrTests()
FNDA:0,ContainerIntegrTests()
FNF:1
FNH:0
BRF:0
BRH:0
DA:7,0
DA:8,0
LH:0
LF:2
end_of_record
SF:E:/_UnityProjects/ECSGame/ECSGame/Assets/Tests/DITests/ContainerTests.cs
FN:9,ContainerTests()
FNDA:1,ContainerTests()
FNF:1
FNH:1
BRF:0
BRH:0
DA:9,1
DA:10,1
DA:11,1
DA:12,1
LH:4
LF:4
end_of_record
SF:E:/_UnityProjects/ECSGame/ECSGame/Assets/Tests/DITests/ContainerUnitTests.cs
FN:23,SetUp()
FN:35,BindOverloads_NullArgument_ThrowException()
FN:46,BindOverloads_NotNullArgument_DoesNotThrowException()
FN:13,ContainerUnitTests()
FNDA:2,SetUp()
FNDA:1,BindOverloads_NullArgument_ThrowException()
FNDA:1,BindOverloads_NotNullArgument_DoesNotThrowException()
FNDA:1,ContainerUnitTests()
FNF:4
FNH:4
BRF:0
BRH:0
DA:13,1
DA:14,1
DA:15,1
DA:17,1
DA:23,2
DA:24,2
DA:27,2
DA:30,2
DA:35,1
DA:36,1
DA:37,1
DA:39,1
DA:40,1
DA:42,1
DA:46,1
DA:47,1
DA:48,1
DA:51,1
DA:52,1
DA:54,1
LH:20
LF:20
end_of_record
SF:E:/_UnityProjects/ECSGame/ECSGame/Assets/Tests/ServiceFactoryTests.cs
FN:14,GetService_WithNullArgument_ThrowException()
FN:22,GetService_WithArgument_ReturnExpected()
FN:10,ServiceFactoryTests()
FNDA:1,GetService_WithNullArgument_ThrowException()
FNDA:1,GetService_WithArgument_ReturnExpected()
FNDA:1,ServiceFactoryTests()
FNF:3
FNH:3
BRF:0
BRH:0
DA:10,1
DA:14,1
DA:15,1
DA:16,1
DA:18,1
DA:22,1
DA:24,1
DA:27,1
DA:28,1
LH:9
LF:9
end_of_record
