TN:
SF:E:/_UnityProjects/ECSGame/ECSGame/Assets/Sources/Scripts/Context/ApplicationContext.cs
FN:9,_serviceFactory()
FN:9,_serviceFactory(Sources.Scripts.Factory.ServiceFactory)
FN:24,SetServiceFactory(Sources.Scripts.Factory.ServiceFactory)
FNDA:0,_serviceFactory()
FNDA:0,_serviceFactory(Sources.Scripts.Factory.ServiceFactory)
FNDA:0,SetServiceFactory(Sources.Scripts.Factory.ServiceFactory)
FNF:3
FNH:0
BRF:0
BRH:0
DA:9,0
DA:24,0
DA:25,0
DA:26,0
DA:27,0
DA:28,0
DA:30,0
DA:31,0
DA:33,0
LH:0
LF:9
end_of_record
SF:E:/_UnityProjects/ECSGame/ECSGame/Assets/Sources/Scripts/Core/Loading/AppStart.cs
FN:30,Awake()
FN:95,OnValidate()
FN:44,Start()
FN:20,Awake()
FN:28,Start()
FNDA:1,Awake()
FNDA:0,OnValidate()
FNDA:0,Start()
FNDA:1,Awake()
FNDA:1,Start()
FNF:5
FNH:4
BRF:0
BRH:0
DA:20,1
DA:21,1
DA:22,1
DA:23,1
DA:24,1
DA:25,1
DA:28,1
DA:29,1
DA:30,1
DA:31,1
DA:34,1
DA:35,1
DA:37,0
DA:38,1
DA:40,0
DA:41,1
DA:42,1
DA:43,1
DA:44,0
DA:45,0
DA:46,1
DA:49,1
DA:51,1
DA:52,0
DA:53,0
DA:54,0
DA:59,0
DA:60,0
DA:65,0
DA:68,0
DA:69,1
DA:70,0
DA:73,0
DA:76,0
DA:78,0
DA:84,0
DA:87,0
DA:88,0
DA:89,0
DA:91,0
DA:92,0
DA:95,0
DA:96,0
DA:97,0
DA:99,0
DA:100,0
DA:101,0
LH:20
LF:47
end_of_record
SF:E:/_UnityProjects/ECSGame/ECSGame/Assets/Sources/Scripts/DataBase/DataBaseManager.cs
FN:10,CurrentDB()
FN:10,CurrentDB(Sources.Scripts.Core.Config.Enum.DataBaseEnum)
FN:11,I()
FN:18,GetDB(Sources.Scripts.Core.Config.Enum.DataBaseEnum)
FN:13,DataBaseManager()
FNDA:0,CurrentDB()
FNDA:0,CurrentDB(Sources.Scripts.Core.Config.Enum.DataBaseEnum)
FNDA:0,I()
FNDA:0,GetDB(Sources.Scripts.Core.Config.Enum.DataBaseEnum)
FNDA:0,DataBaseManager()
FNF:5
FNH:0
BRF:0
BRH:0
DA:10,0
DA:11,0
DA:13,0
DA:14,0
DA:15,0
DA:18,0
DA:19,0
DA:21,0
DA:23,0
DA:24,0
DA:25,0
DA:26,0
DA:28,0
LH:0
LF:13
end_of_record
SF:E:/_UnityProjects/ECSGame/ECSGame/Assets/Sources/Scripts/DI/AppContext.cs
FN:19,Container()
FN:21,Awake()
FN:24,InitializeAsync()
FN:20,Container()
FN:22,Awake()
FN:25,InitializeAsync()
FNDA:0,Container()
FNDA:0,Awake()
FNDA:0,InitializeAsync()
FNDA:0,Container()
FNDA:1,Awake()
FNDA:1,InitializeAsync()
FNF:6
FNH:3
BRF:0
BRH:0
DA:19,0
DA:20,0
DA:21,0
DA:22,1
DA:24,0
DA:25,1
DA:26,1
DA:27,0
DA:28,1
DA:32,0
DA:33,1
LH:5
LF:11
end_of_record
SF:E:/_UnityProjects/ECSGame/ECSGame/Assets/Sources/Scripts/DI/Container.cs
FN:12,Injector()
FN:23,I()
FN:16,Container()
FN:52,BindAsync()
FN:12,Binder()
FN:13,Cache()
FN:14,Injector()
FN:50,BindAsync()
FNDA:4,Injector()
FNDA:1,I()
FNDA:2,Container()
FNDA:3,BindAsync()
FNDA:4,Binder()
FNDA:10,Cache()
FNDA:0,Injector()
FNDA:1,BindAsync()
FNF:8
FNH:7
BRF:0
BRH:0
DA:12,4
DA:13,10
DA:14,0
DA:16,2
DA:17,2
DA:18,2
DA:19,2
DA:20,2
DA:21,2
DA:23,1
DA:50,1
DA:51,1
DA:52,3
DA:53,5
DA:55,3
DA:56,1
DA:57,3
DA:58,2
DA:59,2
LH:18
LF:19
end_of_record
SF:E:/_UnityProjects/ECSGame/ECSGame/Assets/Sources/Scripts/DI/ContainerBinder.cs
FN:12,GetBinds()
FN:17,I()
FN:24,BindMain(System.Type, System.Type)
FN:34,Bind(System.Type)
FN:35,Bind(System.Type, System.Type)
FN:36,Bind[T]()
FN:39,Bind[TBase, TImpl]()
FN:42,Bind(System.Collections.Generic.Dictionary[Type,Type])
FN:19,ContainerBinder()
FN:14,ContainerBinder()
FN:11,GetBinds()
FN:16,BindMain(System.Type, System.Type)
FN:24,Bind(System.Type)
FN:25,Bind(System.Type, System.Type)
FN:26,Bind[T]()
FN:29,Bind[TBase, TImpl]()
FN:32,Bind(System.Collections.Generic.Dictionary[Type,Type])
FN:13,ContainerBinder()
FNDA:0,GetBinds()
FNDA:6,I()
FNDA:13,BindMain(System.Type, System.Type)
FNDA:3,Bind(System.Type)
FNDA:4,Bind(System.Type, System.Type)
FNDA:9,Bind[T]()
FNDA:2,Bind[TBase, TImpl]()
FNDA:4,Bind(System.Collections.Generic.Dictionary[Type,Type])
FNDA:9,ContainerBinder()
FNDA:1,ContainerBinder()
FNDA:0,GetBinds()
FNDA:4,BindMain(System.Type, System.Type)
FNDA:13,Bind(System.Type)
FNDA:17,Bind(System.Type, System.Type)
FNDA:3,Bind[T]()
FNDA:17,Bind[TBase, TImpl]()
FNDA:10,Bind(System.Collections.Generic.Dictionary[Type,Type])
FNDA:0,ContainerBinder()
FNF:18
FNH:15
BRF:0
BRH:0
DA:11,0
DA:12,0
DA:13,0
DA:14,1
DA:16,4
DA:17,6
DA:19,9
DA:20,1
DA:21,1
DA:22,4
DA:24,13
DA:25,17
DA:26,3
DA:27,9
DA:29,17
DA:30,1
DA:31,0
DA:32,10
DA:33,1
DA:34,3
DA:35,4
DA:36,9
DA:37,1
DA:38,1
DA:39,2
DA:40,1
DA:42,4
DA:43,5
DA:44,4
DA:46,10
DA:47,2
DA:48,2
DA:49,2
DA:50,3
LH:30
LF:34
end_of_record
SF:E:/_UnityProjects/ECSGame/ECSGame/Assets/Sources/Scripts/DI/ContainerCache.cs
FN:15,I()
FN:22,GetCache()
FN:32,AddMain(System.Type, System.Type)
FN:44,AddToCache(System.Type, System.Object&)
FN:50,Add[T]()
FN:53,Add[TBase, TImpl]()
FN:55,Add[T](System.Object&)
FN:56,Add(System.Type, System.Object&)
FN:17,ContainerCache()
FN:12,ContainerCache()
FN:59,Add()
FN:14,GetCache()
FN:29,AddMain(System.Type, System.Type)
FN:42,AddToCache(System.Type, System.Object&)
FN:52,Add[T]()
FN:55,Add[TBase, TImpl]()
FN:57,Add[T](System.Object&)
FN:58,Add(System.Type, System.Object&)
FN:16,ContainerCache()
FN:61,Add()
FNDA:2,I()
FNDA:0,GetCache()
FNDA:11,AddMain(System.Type, System.Type)
FNDA:9,AddToCache(System.Type, System.Object&)
FNDA:5,Add[T]()
FNDA:1,Add[TBase, TImpl]()
FNDA:4,Add[T](System.Object&)
FNDA:5,Add(System.Type, System.Object&)
FNDA:2,ContainerCache()
FNDA:1,ContainerCache()
FNDA:4,Add()
FNDA:0,GetCache()
FNDA:3,AddMain(System.Type, System.Type)
FNDA:3,AddToCache(System.Type, System.Object&)
FNDA:2,Add[T]()
FNDA:4,Add[TBase, TImpl]()
FNDA:1,Add[T](System.Object&)
FNDA:2,Add(System.Type, System.Object&)
FNDA:1,ContainerCache()
FNDA:5,Add()
FNF:20
FNH:18
BRF:0
BRH:0
DA:12,1
DA:14,0
DA:15,2
DA:16,1
DA:17,2
DA:18,2
DA:19,2
DA:20,1
DA:22,0
DA:29,3
DA:30,3
DA:32,11
DA:33,5
DA:34,10
DA:36,0
DA:38,0
DA:39,3
DA:40,0
DA:41,5
DA:42,3
DA:43,3
DA:44,9
DA:45,16
DA:47,5
DA:48,5
DA:49,3
DA:50,5
DA:52,2
DA:53,1
DA:55,4
DA:56,5
DA:57,1
DA:58,2
DA:59,4
DA:60,5
DA:61,5
DA:62,1
DA:63,10
DA:64,3
DA:65,2
DA:66,7
DA:67,1
DA:68,3
DA:69,4
DA:71,1
DA:72,1
LH:41
LF:46
end_of_record
SF:E:/_UnityProjects/ECSGame/ECSGame/Assets/Sources/Scripts/DI/ContainerInjector.cs
FN:20,InjectDependenciesAsync()
FN:13,InjectDependenciesAsync()
FNDA:0,InjectDependenciesAsync()
FNDA:0,InjectDependenciesAsync()
FNF:2
FNH:0
BRF:0
BRH:0
DA:13,0
DA:14,0
DA:16,0
DA:17,0
DA:18,0
DA:20,0
DA:21,0
DA:22,0
DA:23,0
DA:24,0
DA:25,0
DA:27,0
DA:28,0
DA:29,0
DA:34,0
DA:36,0
DA:43,0
DA:47,0
DA:48,0
DA:50,0
DA:54,0
DA:55,0
DA:57,0
DA:91,0
DA:92,0
DA:98,0
DA:99,0
LH:0
LF:27
end_of_record
SF:E:/_UnityProjects/ECSGame/ECSGame/Assets/Sources/Scripts/Factory/CloudServiceFactory.cs
FN:10,CreateServiceAsync(System.Type)
FN:15,CreateServiceAsync[T]()
FNDA:0,CreateServiceAsync(System.Type)
FNDA:0,CreateServiceAsync[T]()
FNF:2
FNH:0
BRF:0
BRH:0
DA:10,0
DA:11,0
DA:15,0
DA:16,0
LH:0
LF:4
end_of_record
SF:E:/_UnityProjects/ECSGame/ECSGame/Assets/Sources/Scripts/Factory/ServiceFactory.cs
FN:9,CreateServiceAsync()
FNDA:0,CreateServiceAsync()
FNF:1
FNH:0
BRF:0
BRH:0
DA:9,0
DA:10,0
DA:12,0
DA:13,0
LH:0
LF:4
end_of_record
SF:E:/_UnityProjects/ECSGame/ECSGame/Assets/Sources/Scripts/Factory/ServiceFactoryManager.cs
FN:9,CurrentFactory()
FN:9,CurrentFactory(Sources.Scripts.Core.Config.Enum.ServiceFactoryEnum)
FN:10,I()
FN:17,GetFactory(Sources.Scripts.Core.Config.Enum.ServiceFactoryEnum)
FN:12,ServiceFactoryManager()
FNDA:0,CurrentFactory()
FNDA:0,CurrentFactory(Sources.Scripts.Core.Config.Enum.ServiceFactoryEnum)
FNDA:0,I()
FNDA:0,GetFactory(Sources.Scripts.Core.Config.Enum.ServiceFactoryEnum)
FNDA:0,ServiceFactoryManager()
FNF:5
FNH:0
BRF:0
BRH:0
DA:9,0
DA:10,0
DA:12,0
DA:13,0
DA:14,0
DA:17,0
DA:18,0
DA:20,0
DA:22,0
DA:23,0
DA:24,0
DA:26,0
LH:0
LF:12
end_of_record
SF:E:/_UnityProjects/ECSGame/ECSGame/Assets/Sources/Scripts/Factory/StandardServiceFactory.cs
FN:9,CreateServiceAsync()
FNDA:2,CreateServiceAsync()
FNF:1
FNH:1
BRF:0
BRH:0
DA:9,2
DA:10,3
DA:12,1
DA:13,1
LH:4
LF:4
end_of_record
SF:E:/_UnityProjects/ECSGame/ECSGame/Assets/Sources/Scripts/Systems/MoveSystem.cs
FN:7,MoveSystem()
FNDA:0,MoveSystem()
FNF:1
FNH:0
BRF:0
BRH:0
DA:7,0
DA:8,0
DA:9,0
DA:10,0
LH:0
LF:4
end_of_record
SF:E:/_UnityProjects/ECSGame/ECSGame/Assets/Sources/Scripts/TestConfig/IBindsConfig.cs
FN:15,InitBindings()
FNDA:0,InitBindings()
FNF:1
FNH:0
BRF:0
BRH:0
DA:15,0
DA:16,0
DA:17,0
LH:0
LF:3
end_of_record
SF:E:/_UnityProjects/ECSGame/ECSGame/Assets/Sources/Scripts/TestConfig/LocalService.cs
FN:11,GetServicesList()
FNDA:0,GetServicesList()
FNF:1
FNH:0
BRF:0
BRH:0
DA:11,0
DA:12,0
DA:17,0
LH:0
LF:3
end_of_record
SF:E:/_UnityProjects/ECSGame/ECSGame/Assets/Sources/Scripts/TestConfig/NetServiceConfig.cs
FN:11,GetServicesList()
FNDA:0,GetServicesList()
FNF:1
FNH:0
BRF:0
BRH:0
DA:11,0
LH:0
LF:1
end_of_record
SF:E:/_UnityProjects/ECSGame/ECSGame/Assets/Sources/Scripts/TestConfig/TestBinds.cs
FN:16,GetBindingsList()
FN:11,InitBindings()
FNDA:1,GetBindingsList()
FNDA:1,InitBindings()
FNF:2
FNH:2
BRF:0
BRH:0
DA:11,1
DA:12,1
DA:13,1
DA:16,1
DA:17,1
DA:21,1
LH:6
LF:6
end_of_record
SF:E:/_UnityProjects/ECSGame/ECSGame/Assets/Sources/Scripts/TestDB/CloudDB.cs
FN:9,I()
FN:16,ShowInfo()
FN:11,CloudDB()
FN:8,ShowInfo()
FNDA:0,I()
FNDA:0,ShowInfo()
FNDA:0,CloudDB()
FNDA:0,ShowInfo()
FNF:4
FNH:0
BRF:0
BRH:0
DA:8,0
DA:9,0
DA:10,0
DA:11,0
DA:12,0
DA:13,0
DA:16,0
DA:17,0
LH:0
LF:8
end_of_record
SF:E:/_UnityProjects/ECSGame/ECSGame/Assets/Sources/Scripts/TestDB/DBController.cs
FN:12,Start()
FN:17,show()
FNDA:0,Start()
FNDA:0,show()
FNF:2
FNH:0
BRF:0
BRH:0
DA:12,0
DA:13,0
DA:14,0
DA:17,0
DA:18,0
DA:19,0
LH:0
LF:6
end_of_record
SF:E:/_UnityProjects/ECSGame/ECSGame/Assets/Sources/Scripts/TestDB/LocalDB.cs
FN:8,I()
FN:15,ShowInfo()
FN:10,LocalDB()
FN:8,ShowInfo()
FNDA:0,I()
FNDA:0,ShowInfo()
FNDA:0,LocalDB()
FNDA:0,ShowInfo()
FNF:4
FNH:0
BRF:0
BRH:0
DA:8,0
DA:9,0
DA:10,0
DA:11,0
DA:12,0
DA:15,0
DA:16,0
LH:0
LF:7
end_of_record
SF:E:/_UnityProjects/ECSGame/ECSGame/Assets/Sources/Scripts/TestDB/PrefsDB.cs
FN:6,I()
FN:13,ShowInfo()
FN:8,PrefsDB()
FNDA:0,I()
FNDA:0,ShowInfo()
FNDA:0,PrefsDB()
FNF:3
FNH:0
BRF:0
BRH:0
DA:6,0
DA:8,0
DA:9,0
DA:10,0
DA:13,0
DA:14,0
LH:0
LF:6
end_of_record
SF:E:/_UnityProjects/ECSGame/ECSGame/Assets/Sources/Scripts/TestViews/ModernView.cs
FN:8,ShowInfo()
FNDA:0,ShowInfo()
FNF:1
FNH:0
BRF:0
BRH:0
DA:8,0
DA:9,0
DA:10,0
LH:0
LF:3
end_of_record
SF:E:/_UnityProjects/ECSGame/ECSGame/Assets/Sources/Scripts/TestViews/OldStyleView.cs
FN:8,ShowInfo()
FNDA:0,ShowInfo()
FNF:1
FNH:0
BRF:0
BRH:0
DA:8,0
DA:9,0
DA:10,0
LH:0
LF:3
end_of_record
SF:E:/_UnityProjects/ECSGame/ECSGame/Assets/Sources/Scripts/Utils/DebugConfig.cs
FN:5,DebugConfig()
FNDA:1,DebugConfig()
FNF:1
FNH:1
BRF:0
BRH:0
DA:5,1
DA:6,1
LH:2
LF:2
end_of_record
SF:E:/_UnityProjects/ECSGame/ECSGame/Assets/Sources/Scripts/Utils/Helper.cs
FN:9,TypeNameCutter(System.Type)
FNDA:26,TypeNameCutter(System.Type)
FNF:1
FNH:1
BRF:0
BRH:0
DA:9,26
DA:10,26
DA:11,26
LH:3
LF:3
end_of_record
SF:E:/_UnityProjects/ECSGame/ECSGame/Assets/Sources/Scripts/Utils/JLog.cs
FN:19,Msg(System.Object, System.String, System.String)
FN:22,ShowMsg(System.Object, System.String, System.String)
FN:32,Builder()
FN:57,ShowMultiMsg(System.String, System.String)
FN:68,ShowMsgNumLine(System.String, System.String)
FN:13,JLog()
FN:44,AddLine(System.Object)
FN:53,Build(System.String, System.String)
FN:38,JLoggerBuilder(System.Collections.Generic.List`1[[System.String, mscorlib, Version=4.0.0.0, Culture=neutral, PublicKeyToken=b77a5c561934e089]]&)
FNDA:16,Msg(System.Object, System.String, System.String)
FNDA:16,ShowMsg(System.Object, System.String, System.String)
FNDA:0,Builder()
FNDA:0,ShowMultiMsg(System.String, System.String)
FNDA:16,ShowMsgNumLine(System.String, System.String)
FNDA:1,JLog()
FNDA:0,AddLine(System.Object)
FNDA:0,Build(System.String, System.String)
FNDA:0,JLoggerBuilder(System.Collections.Generic.List`1[[System.String, mscorlib, Version=4.0.0.0, Culture=neutral, PublicKeyToken=b77a5c561934e089]]&)
FNF:9
FNH:4
BRF:0
BRH:0
DA:13,1
DA:14,1
DA:15,1
DA:16,1
DA:19,16
DA:22,16
DA:23,16
DA:25,16
DA:26,16
DA:27,16
DA:32,0
DA:38,0
DA:44,0
DA:45,0
DA:46,0
DA:47,0
DA:53,0
DA:57,0
DA:58,0
DA:60,0
DA:62,0
DA:64,0
DA:65,0
DA:68,16
DA:69,32
DA:71,0
DA:72,0
DA:73,16
LH:13
LF:28
end_of_record
SF:E:/_UnityProjects/ECSGame/ECSGame/Assets/Sources/Scripts/Utils/ReflectionUtils.cs
FN:24,HandInject[T](T, System.Object)
FN:15,ReflectionUtils(Sources.Scripts.DI.Container)
FNDA:3,HandInject[T](T, System.Object)
FNDA:1,ReflectionUtils(Sources.Scripts.DI.Container)
FNF:2
FNH:2
BRF:0
BRH:0
DA:15,1
DA:16,1
DA:17,1
DA:18,1
DA:24,3
DA:29,3
DA:31,0
DA:32,3
DA:34,0
DA:35,27
DA:36,9
DA:37,12
DA:38,0
DA:39,6
DA:40,6
DA:41,0
DA:42,10
DA:44,2
DA:46,0
DA:47,2
DA:49,2
DA:50,2
DA:52,2
DA:53,2
DA:55,3
DA:56,3
LH:21
LF:26
end_of_record
SF:E:/_UnityProjects/ECSGame/ECSGame/Assets/Tests/ContainerTests/BinderTests.cs
FN:17,BindOverloads_WithNullArgument_1Arg_ThrowException()
FN:30,BindOverloads_WithNullArguments_2Arg_ThrowException(System.Type, System.Type)
FN:36,BindOverloads_WithCorrectArgument_1Arg_DoesNotThrowException()
FN:46,BindOverloads_WithCorrectArguments_2Arg_DoesNotThrowException()
FN:13,ContainerBinderTests()
FNDA:1,BindOverloads_WithNullArgument_1Arg_ThrowException()
FNDA:3,BindOverloads_WithNullArguments_2Arg_ThrowException(System.Type, System.Type)
FNDA:1,BindOverloads_WithCorrectArgument_1Arg_DoesNotThrowException()
FNDA:1,BindOverloads_WithCorrectArguments_2Arg_DoesNotThrowException()
FNDA:1,ContainerBinderTests()
FNF:5
FNH:5
BRF:0
BRH:0
DA:13,1
DA:17,1
DA:18,1
DA:19,1
DA:21,1
DA:22,1
DA:23,1
DA:30,3
DA:31,6
DA:32,3
DA:36,1
DA:37,1
DA:38,1
DA:40,1
DA:41,1
DA:42,1
DA:46,1
DA:47,2
DA:48,1
LH:19
LF:19
end_of_record
SF:E:/_UnityProjects/ECSGame/ECSGame/Assets/Tests/ContainerTests/CacheTests.cs
FN:20,Add_WithNullArgument_1Arg_ThrowException()
FN:31,Add_WithNullArgument_2Arg_ThrowException()
FN:44,Add_WithCorrectArgument_1And2Arg_DoesNotThrowException()
FN:11,ContainerCacheTests()
FN:12,ContainerCacheTests()
FNDA:1,Add_WithNullArgument_1Arg_ThrowException()
FNDA:1,Add_WithNullArgument_2Arg_ThrowException()
FNDA:1,Add_WithCorrectArgument_1And2Arg_DoesNotThrowException()
FNDA:1,ContainerCacheTests()
FNDA:1,ContainerCacheTests()
FNF:5
FNH:5
BRF:0
BRH:0
DA:11,1
DA:12,1
DA:13,1
DA:15,1
DA:20,1
DA:21,1
DA:22,1
DA:24,1
DA:25,1
DA:26,1
DA:31,1
DA:32,1
DA:33,1
DA:35,1
DA:36,1
DA:38,1
DA:39,1
DA:40,1
DA:44,1
DA:45,1
DA:46,1
DA:48,1
DA:49,1
DA:51,1
DA:52,1
DA:54,1
DA:55,1
DA:56,1
LH:28
LF:28
end_of_record
SF:E:/_UnityProjects/ECSGame/ECSGame/Assets/Tests/ContainerTests/ContainerTests.cs
FN:21,SetUp()
FN:33,BindOverloads_NullArgument_ThrowException()
FN:44,BindOverloads_NotNullArgument_DoesNotThrowException()
FN:56,BindOverloads_ExpectedReturnResults()
FN:14,ContainerTests()
FN:70,GetService_ExpectedReturnResults()
FN:22,SetUp()
FN:34,BindOverloads_NullArgument_ThrowException()
FN:45,BindOverloads_NotNullArgument_DoesNotThrowException()
FN:57,BindOverloads_ExpectedReturnResults()
FN:15,ContainerTests()
FN:71,GetService_ExpectedReturnResults()
FNDA:4,SetUp()
FNDA:1,BindOverloads_NullArgument_ThrowException()
FNDA:1,BindOverloads_NotNullArgument_DoesNotThrowException()
FNDA:1,BindOverloads_ExpectedReturnResults()
FNDA:1,ContainerTests()
FNDA:1,GetService_ExpectedReturnResults()
FNDA:4,SetUp()
FNDA:1,BindOverloads_NullArgument_ThrowException()
FNDA:1,BindOverloads_NotNullArgument_DoesNotThrowException()
FNDA:1,BindOverloads_ExpectedReturnResults()
FNDA:1,ContainerTests()
FNDA:0,GetService_ExpectedReturnResults()
FNF:12
FNH:12
BRF:0
BRH:0
DA:14,1
DA:15,1
DA:16,1
DA:17,1
DA:18,0
DA:21,4
DA:22,4
DA:23,0
DA:26,4
DA:29,4
DA:33,1
DA:34,1
DA:35,1
DA:36,0
DA:37,1
DA:38,1
DA:39,0
DA:40,1
DA:41,0
DA:44,1
DA:45,1
DA:46,1
DA:47,0
DA:49,1
DA:50,1
DA:51,0
DA:52,1
DA:53,0
DA:56,1
DA:57,1
DA:58,1
DA:59,1
DA:60,1
DA:61,0
DA:62,1
DA:63,1
DA:64,1
DA:65,1
DA:66,1
DA:67,0
DA:70,1
DA:71,0
DA:72,1
DA:73,0
DA:75,1
DA:76,0
DA:78,1
DA:79,1
DA:80,0
LH:35
LF:49
end_of_record
SF:E:/_UnityProjects/ECSGame/ECSGame/Assets/Tests/Factory/ServiceFactoryTests.cs
FN:14,GetService_WithNullArgument_ThrowException()
FN:22,GetService_WithArgument_ReturnExpected()
FN:10,ServiceFactoryTests()
FNDA:1,GetService_WithNullArgument_ThrowException()
FNDA:1,GetService_WithArgument_ReturnExpected()
FNDA:1,ServiceFactoryTests()
FNF:3
FNH:3
BRF:0
BRH:0
DA:10,1
DA:14,1
DA:15,1
DA:16,1
DA:18,1
DA:22,1
DA:24,1
DA:27,1
DA:28,1
LH:9
LF:9
end_of_record
