<?xml version="1.0" encoding="utf-8"?>
<CoverageSession xmlns:xsd="http://www.w3.org/2001/XMLSchema" xmlns:xsi="http://www.w3.org/2001/XMLSchema-instance" Version="0.0.0.0">
  <Summary numSequencePoints="157" visitedSequencePoints="112" numBranchPoints="0" visitedBranchPoints="0" sequenceCoverage="71.34" branchCoverage="0.0" maxCyclomaticComplexity="0" minCyclomaticComplexity="0" maxCrapScore="0" minCrapScore="0" visitedClasses="16" numClasses="18" visitedMethods="29" numMethods="33" />
  <Modules>
    <Module>
      <Summary numSequencePoints="157" visitedSequencePoints="112" numBranchPoints="0" visitedBranchPoints="0" sequenceCoverage="71.34" branchCoverage="0.0" maxCyclomaticComplexity="0" minCyclomaticComplexity="0" maxCrapScore="0" minCrapScore="0" visitedClasses="16" numClasses="18" visitedMethods="29" numMethods="33" />
      <ModuleTime>0001-01-01T00:00:00</ModuleTime>
      <ModuleName>ECSGame</ModuleName>
      <Files>
        <File uid="3" fullPath="E:/_UnityProjects/ECSGame/ECSGame/Assets/Sources/Scripts/Utils/DebugConfig.cs" />
        <File uid="4" fullPath="E:/_UnityProjects/ECSGame/ECSGame/Assets/Sources/Scripts/Utils/Helper.cs" />
        <File uid="5" fullPath="E:/_UnityProjects/ECSGame/ECSGame/Assets/Sources/Scripts/Utils/JLog.cs" />
        <File uid="6" fullPath="E:/_UnityProjects/ECSGame/ECSGame/Assets/Sources/Scripts/Utils/ReflectionUtils.cs" />
        <File uid="7" fullPath="E:/_UnityProjects/ECSGame/ECSGame/Assets/Sources/Scripts/TestViews/ModernView.cs" />
        <File uid="8" fullPath="E:/_UnityProjects/ECSGame/ECSGame/Assets/Sources/Scripts/TestViews/OldStyleView.cs" />
        <File uid="9" fullPath="E:/_UnityProjects/ECSGame/ECSGame/Assets/Sources/Scripts/TestDB/CloudDB.cs" />
        <File uid="10" fullPath="E:/_UnityProjects/ECSGame/ECSGame/Assets/Sources/Scripts/TestDB/DBController.cs" />
        <File uid="11" fullPath="E:/_UnityProjects/ECSGame/ECSGame/Assets/Sources/Scripts/TestDB/LocalDB.cs" />
        <File uid="12" fullPath="E:/_UnityProjects/ECSGame/ECSGame/Assets/Sources/Scripts/TestConfig/LocalService.cs" />
        <File uid="13" fullPath="E:/_UnityProjects/ECSGame/ECSGame/Assets/Sources/Scripts/TestConfig/NetServiceConfig.cs" />
        <File uid="14" fullPath="E:/_UnityProjects/ECSGame/ECSGame/Assets/Sources/Scripts/TestConfig/TestBinds.cs" />
        <File uid="15" fullPath="E:/_UnityProjects/ECSGame/ECSGame/Assets/Sources/Scripts/Systems/MoveSystem.cs" />
        <File uid="16" fullPath="E:/_UnityProjects/ECSGame/ECSGame/Assets/Sources/Scripts/Factory/ServiceFactory.cs" />
        <File uid="17" fullPath="E:/_UnityProjects/ECSGame/ECSGame/Assets/Sources/Scripts/DI/AppContext.cs" />
        <File uid="18" fullPath="E:/_UnityProjects/ECSGame/ECSGame/Assets/Sources/Scripts/DI/Container.cs" />
        <File uid="19" fullPath="E:/_UnityProjects/ECSGame/ECSGame/Assets/Sources/Scripts/DI/ContainerBinder.cs" />
        <File uid="20" fullPath="E:/_UnityProjects/ECSGame/ECSGame/Assets/Sources/Scripts/DI/ContainerCache.cs" />
        <File uid="21" fullPath="E:/_UnityProjects/ECSGame/ECSGame/Assets/Sources/Scripts/Core/Loading/AppStart.cs" />
        <File uid="22" fullPath="E:/_UnityProjects/ECSGame/ECSGame/Assets/Sources/Scripts/Context/ApplicationContext.cs" />
        <File uid="23" fullPath="E:/_UnityProjects/ECSGame/ECSGame/Assets/Sources/Scripts/TestConfig/IBindsConfig.cs" />
        <File uid="24" fullPath="E:/_UnityProjects/ECSGame/ECSGame/Assets/Sources/Scripts/DI/ContainerInjector.cs" />
      </Files>
      <Classes>
        <Class>
          <Summary numSequencePoints="3" visitedSequencePoints="3" numBranchPoints="0" visitedBranchPoints="0" sequenceCoverage="100.0" branchCoverage="0.0" maxCyclomaticComplexity="0" minCyclomaticComplexity="0" maxCrapScore="0" minCrapScore="0" visitedClasses="1" numClasses="1" visitedMethods="1" numMethods="1" />
          <FullName>Sources.Scripts.Utils.Helper</FullName>
          <Methods>
            <Method visited="true" cyclomaticComplexity="0" nPathComplexity="0" sequenceCoverage="100.0" branchCoverage="0" crapScore="0" isConstructor="false" isStatic="true" isGetter="false" isSetter="false">
              <Summary numSequencePoints="3" visitedSequencePoints="3" numBranchPoints="0" visitedBranchPoints="0" sequenceCoverage="100.0" branchCoverage="0" maxCyclomaticComplexity="0" minCyclomaticComplexity="0" maxCrapScore="0" minCrapScore="0" visitedClasses="0" numClasses="0" visitedMethods="1" numMethods="1" />
              <MetadataToken>100663301</MetadataToken>
              <Name>static System.String Sources.Scripts.Utils.Helper::TypeNameCutter(System.Type)</Name>
              <FileRef uid="4" />
              <SequencePoints>
                <SequencePoint vc="2" uspid="1043" ordinal="0" offset="0" sl="9" sc="9" el="9" ec="9" bec="0" bev="0" fileid="4" />
                <SequencePoint vc="2" uspid="1044" ordinal="0" offset="1" sl="10" sc="13" el="10" ec="13" bec="0" bev="0" fileid="4" />
                <SequencePoint vc="2" uspid="1045" ordinal="0" offset="23" sl="11" sc="9" el="11" ec="9" bec="0" bev="0" fileid="4" />
              </SequencePoints>
              <BranchPoints />
            </Method>
          </Methods>
        </Class>
        <Class>
          <Summary numSequencePoints="13" visitedSequencePoints="10" numBranchPoints="0" visitedBranchPoints="0" sequenceCoverage="76.92" branchCoverage="0.0" maxCyclomaticComplexity="0" minCyclomaticComplexity="0" maxCrapScore="0" minCrapScore="0" visitedClasses="1" numClasses="1" visitedMethods="3" numMethods="3" />
          <FullName>Sources.Scripts.Utils.JLog</FullName>
          <Methods>
            <Method visited="true" cyclomaticComplexity="0" nPathComplexity="0" sequenceCoverage="100.0" branchCoverage="0" crapScore="0" isConstructor="false" isStatic="true" isGetter="false" isSetter="false">
              <Summary numSequencePoints="1" visitedSequencePoints="1" numBranchPoints="0" visitedBranchPoints="0" sequenceCoverage="100.0" branchCoverage="0" maxCyclomaticComplexity="0" minCyclomaticComplexity="0" maxCrapScore="0" minCrapScore="0" visitedClasses="0" numClasses="0" visitedMethods="1" numMethods="1" />
              <MetadataToken>100663302</MetadataToken>
              <Name>static System.Void Sources.Scripts.Utils.JLog::Msg(System.Object, System.String, System.String)</Name>
              <FileRef uid="5" />
              <SequencePoints>
                <SequencePoint vc="2" uspid="1046" ordinal="0" offset="0" sl="19" sc="16" el="19" ec="16" bec="0" bev="0" fileid="5" />
              </SequencePoints>
              <BranchPoints />
            </Method>
            <Method visited="true" cyclomaticComplexity="0" nPathComplexity="0" sequenceCoverage="83.33" branchCoverage="0" crapScore="0" isConstructor="false" isStatic="true" isGetter="false" isSetter="false">
              <Summary numSequencePoints="6" visitedSequencePoints="5" numBranchPoints="0" visitedBranchPoints="0" sequenceCoverage="83.33" branchCoverage="0" maxCyclomaticComplexity="0" minCyclomaticComplexity="0" maxCrapScore="0" minCrapScore="0" visitedClasses="0" numClasses="0" visitedMethods="1" numMethods="1" />
              <MetadataToken>100663303</MetadataToken>
              <Name>static System.Void Sources.Scripts.Utils.JLog::ShowMsg(System.Object, System.String, System.String)</Name>
              <FileRef uid="5" />
              <SequencePoints>
                <SequencePoint vc="2" uspid="1047" ordinal="0" offset="0" sl="22" sc="9" el="22" ec="9" bec="0" bev="0" fileid="5" />
                <SequencePoint vc="2" uspid="1048" ordinal="0" offset="1" sl="23" sc="13" el="23" ec="13" bec="0" bev="0" fileid="5" />
                <SequencePoint vc="0" uspid="1049" ordinal="0" offset="13" sl="23" sc="24" el="23" ec="24" bec="0" bev="0" fileid="5" />
                <SequencePoint vc="2" uspid="1050" ordinal="0" offset="15" sl="25" sc="13" el="25" ec="13" bec="0" bev="0" fileid="5" />
                <SequencePoint vc="2" uspid="1051" ordinal="0" offset="23" sl="26" sc="13" el="26" ec="13" bec="0" bev="0" fileid="5" />
                <SequencePoint vc="2" uspid="1052" ordinal="0" offset="30" sl="27" sc="9" el="27" ec="9" bec="0" bev="0" fileid="5" />
              </SequencePoints>
              <BranchPoints />
            </Method>
            <Method visited="true" cyclomaticComplexity="0" nPathComplexity="0" sequenceCoverage="66.67" branchCoverage="0" crapScore="0" isConstructor="false" isStatic="true" isGetter="false" isSetter="false">
              <Summary numSequencePoints="6" visitedSequencePoints="4" numBranchPoints="0" visitedBranchPoints="0" sequenceCoverage="66.67" branchCoverage="0" maxCyclomaticComplexity="0" minCyclomaticComplexity="0" maxCrapScore="0" minCrapScore="0" visitedClasses="0" numClasses="0" visitedMethods="1" numMethods="1" />
              <MetadataToken>100663306</MetadataToken>
              <Name>static System.Void Sources.Scripts.Utils.JLog::ShowMsgNumLine(System.String, System.String)</Name>
              <FileRef uid="5" />
              <SequencePoints>
                <SequencePoint vc="2" uspid="1065" ordinal="0" offset="0" sl="68" sc="9" el="68" ec="9" bec="0" bev="0" fileid="5" />
                <SequencePoint vc="2" uspid="1066" ordinal="0" offset="1" sl="69" sc="13" el="69" ec="13" bec="0" bev="0" fileid="5" />
                <SequencePoint vc="2" uspid="1067" ordinal="0" offset="13" sl="69" sc="34" el="69" ec="34" bec="0" bev="0" fileid="5" />
                <SequencePoint vc="0" uspid="1068" ordinal="0" offset="15" sl="71" sc="13" el="71" ec="13" bec="0" bev="0" fileid="5" />
                <SequencePoint vc="0" uspid="1069" ordinal="0" offset="69" sl="72" sc="13" el="72" ec="13" bec="0" bev="0" fileid="5" />
                <SequencePoint vc="2" uspid="1070" ordinal="0" offset="81" sl="73" sc="9" el="73" ec="9" bec="0" bev="0" fileid="5" />
              </SequencePoints>
              <BranchPoints />
            </Method>
          </Methods>
        </Class>
        <Class>
          <Summary numSequencePoints="26" visitedSequencePoints="26" numBranchPoints="0" visitedBranchPoints="0" sequenceCoverage="100.0" branchCoverage="0.0" maxCyclomaticComplexity="0" minCyclomaticComplexity="0" maxCrapScore="0" minCrapScore="0" visitedClasses="1" numClasses="1" visitedMethods="2" numMethods="2" />
          <FullName>Sources.Scripts.Utils.ReflectionUtils</FullName>
          <Methods>
            <Method visited="true" cyclomaticComplexity="0" nPathComplexity="0" sequenceCoverage="100.0" branchCoverage="0" crapScore="0" isConstructor="false" isStatic="false" isGetter="false" isSetter="false">
              <Summary numSequencePoints="22" visitedSequencePoints="22" numBranchPoints="0" visitedBranchPoints="0" sequenceCoverage="100.0" branchCoverage="0" maxCyclomaticComplexity="0" minCyclomaticComplexity="0" maxCrapScore="0" minCrapScore="0" visitedClasses="0" numClasses="0" visitedMethods="1" numMethods="1" />
              <MetadataToken>100663309</MetadataToken>
              <Name>Sources.Scripts.Utils.ReflectionUtils Sources.Scripts.Utils.ReflectionUtils::HandInject[T](T, System.Object)</Name>
              <FileRef uid="6" />
              <SequencePoints>
                <SequencePoint vc="3" uspid="1075" ordinal="0" offset="0" sl="24" sc="0" el="24" ec="0" bec="0" bev="0" fileid="6" />
                <SequencePoint vc="3" uspid="1076" ordinal="0" offset="1" sl="29" sc="0" el="29" ec="0" bec="0" bev="0" fileid="6" />
                <SequencePoint vc="3" uspid="1077" ordinal="0" offset="13" sl="32" sc="0" el="32" ec="0" bec="0" bev="0" fileid="6" />
                <SequencePoint vc="3" uspid="1078" ordinal="0" offset="31" sl="35" sc="0" el="35" ec="0" bec="0" bev="0" fileid="6" />
                <SequencePoint vc="3" uspid="1079" ordinal="0" offset="32" sl="35" sc="0" el="35" ec="0" bec="0" bev="0" fileid="6" />
                <SequencePoint vc="9" uspid="1080" ordinal="0" offset="41" sl="35" sc="0" el="35" ec="0" bec="0" bev="0" fileid="6" />
                <SequencePoint vc="9" uspid="1081" ordinal="0" offset="45" sl="36" sc="0" el="36" ec="0" bec="0" bev="0" fileid="6" />
                <SequencePoint vc="9" uspid="1082" ordinal="0" offset="46" sl="37" sc="0" el="37" ec="0" bec="0" bev="0" fileid="6" />
                <SequencePoint vc="3" uspid="1083" ordinal="0" offset="71" sl="37" sc="0" el="37" ec="0" bec="0" bev="0" fileid="6" />
                <SequencePoint vc="6" uspid="1084" ordinal="0" offset="76" sl="39" sc="0" el="39" ec="0" bec="0" bev="0" fileid="6" />
                <SequencePoint vc="6" uspid="1085" ordinal="0" offset="95" sl="40" sc="0" el="40" ec="0" bec="0" bev="0" fileid="6" />
                <SequencePoint vc="6" uspid="1086" ordinal="0" offset="119" sl="42" sc="0" el="42" ec="0" bec="0" bev="0" fileid="6" />
                <SequencePoint vc="4" uspid="1087" ordinal="0" offset="137" sl="42" sc="0" el="42" ec="0" bec="0" bev="0" fileid="6" />
                <SequencePoint vc="2" uspid="1088" ordinal="0" offset="139" sl="44" sc="0" el="44" ec="0" bec="0" bev="0" fileid="6" />
                <SequencePoint vc="2" uspid="1089" ordinal="0" offset="151" sl="47" sc="0" el="47" ec="0" bec="0" bev="0" fileid="6" />
                <SequencePoint vc="2" uspid="1090" ordinal="0" offset="164" sl="49" sc="0" el="49" ec="0" bec="0" bev="0" fileid="6" />
                <SequencePoint vc="2" uspid="1091" ordinal="0" offset="178" sl="50" sc="0" el="50" ec="0" bec="0" bev="0" fileid="6" />
                <SequencePoint vc="2" uspid="1092" ordinal="0" offset="206" sl="52" sc="0" el="52" ec="0" bec="0" bev="0" fileid="6" />
                <SequencePoint vc="2" uspid="1093" ordinal="0" offset="240" sl="53" sc="0" el="53" ec="0" bec="0" bev="0" fileid="6" />
                <SequencePoint vc="12" uspid="1094" ordinal="0" offset="245" sl="35" sc="0" el="35" ec="0" bec="0" bev="0" fileid="6" />
                <SequencePoint vc="3" uspid="1095" ordinal="0" offset="254" sl="55" sc="0" el="55" ec="0" bec="0" bev="0" fileid="6" />
                <SequencePoint vc="3" uspid="1096" ordinal="0" offset="259" sl="56" sc="0" el="56" ec="0" bec="0" bev="0" fileid="6" />
              </SequencePoints>
              <BranchPoints />
            </Method>
            <Method visited="true" cyclomaticComplexity="0" nPathComplexity="0" sequenceCoverage="100.0" branchCoverage="0" crapScore="0" isConstructor="true" isStatic="false" isGetter="false" isSetter="false">
              <Summary numSequencePoints="4" visitedSequencePoints="4" numBranchPoints="0" visitedBranchPoints="0" sequenceCoverage="100.0" branchCoverage="0" maxCyclomaticComplexity="0" minCyclomaticComplexity="0" maxCrapScore="0" minCrapScore="0" visitedClasses="0" numClasses="0" visitedMethods="1" numMethods="1" />
              <MetadataToken>100663308</MetadataToken>
              <Name>Sources.Scripts.Utils.ReflectionUtils::ReflectionUtils(Sources.Scripts.DI.Container)</Name>
              <FileRef uid="6" />
              <SequencePoints>
                <SequencePoint vc="1" uspid="1097" ordinal="0" offset="0" sl="15" sc="9" el="15" ec="9" bec="0" bev="0" fileid="6" />
                <SequencePoint vc="1" uspid="1098" ordinal="0" offset="7" sl="16" sc="9" el="16" ec="9" bec="0" bev="0" fileid="6" />
                <SequencePoint vc="1" uspid="1099" ordinal="0" offset="8" sl="17" sc="13" el="17" ec="13" bec="0" bev="0" fileid="6" />
                <SequencePoint vc="1" uspid="1100" ordinal="0" offset="15" sl="18" sc="9" el="18" ec="9" bec="0" bev="0" fileid="6" />
              </SequencePoints>
              <BranchPoints />
            </Method>
          </Methods>
        </Class>
        <Class>
          <Summary numSequencePoints="14" visitedSequencePoints="0" numBranchPoints="0" visitedBranchPoints="0" sequenceCoverage="0.0" branchCoverage="0.0" maxCyclomaticComplexity="0" minCyclomaticComplexity="0" maxCrapScore="0" minCrapScore="0" visitedClasses="0" numClasses="1" visitedMethods="0" numMethods="1" />
          <FullName>Sources.Scripts.Factory.ServiceFactory</FullName>
          <Methods>
            <Method visited="false" cyclomaticComplexity="0" nPathComplexity="0" sequenceCoverage="0.0" branchCoverage="0" crapScore="0" isConstructor="false" isStatic="false" isGetter="false" isSetter="false">
              <Summary numSequencePoints="14" visitedSequencePoints="0" numBranchPoints="0" visitedBranchPoints="0" sequenceCoverage="0.0" branchCoverage="0" maxCyclomaticComplexity="0" minCyclomaticComplexity="0" maxCrapScore="0" minCrapScore="0" visitedClasses="0" numClasses="0" visitedMethods="0" numMethods="1" />
              <MetadataToken>100663333</MetadataToken>
              <Name>T Sources.Scripts.Factory.ServiceFactory::GetService[T]()</Name>
              <FileRef uid="16" />
              <SequencePoints>
                <SequencePoint vc="0" uspid="1130" ordinal="0" offset="0" sl="22" sc="0" el="22" ec="0" bec="0" bev="0" fileid="16" />
                <SequencePoint vc="0" uspid="1131" ordinal="0" offset="1" sl="23" sc="0" el="23" ec="0" bec="0" bev="0" fileid="16" />
                <SequencePoint vc="0" uspid="1132" ordinal="0" offset="12" sl="25" sc="0" el="25" ec="0" bec="0" bev="0" fileid="16" />
                <SequencePoint vc="0" uspid="1133" ordinal="0" offset="20" sl="35" sc="0" el="35" ec="0" bec="0" bev="0" fileid="16" />
                <SequencePoint vc="0" uspid="1134" ordinal="0" offset="37" sl="37" sc="0" el="37" ec="0" bec="0" bev="0" fileid="16" />
                <SequencePoint vc="0" uspid="1135" ordinal="0" offset="38" sl="37" sc="0" el="37" ec="0" bec="0" bev="0" fileid="16" />
                <SequencePoint vc="0" uspid="1136" ordinal="0" offset="44" sl="37" sc="0" el="37" ec="0" bec="0" bev="0" fileid="16" />
                <SequencePoint vc="0" uspid="1137" ordinal="0" offset="49" sl="38" sc="0" el="38" ec="0" bec="0" bev="0" fileid="16" />
                <SequencePoint vc="0" uspid="1138" ordinal="0" offset="50" sl="39" sc="0" el="39" ec="0" bec="0" bev="0" fileid="16" />
                <SequencePoint vc="0" uspid="1139" ordinal="0" offset="69" sl="42" sc="0" el="42" ec="0" bec="0" bev="0" fileid="16" />
                <SequencePoint vc="0" uspid="1140" ordinal="0" offset="92" sl="43" sc="0" el="43" ec="0" bec="0" bev="0" fileid="16" />
                <SequencePoint vc="0" uspid="1141" ordinal="0" offset="97" sl="37" sc="0" el="37" ec="0" bec="0" bev="0" fileid="16" />
                <SequencePoint vc="0" uspid="1142" ordinal="0" offset="103" sl="45" sc="0" el="45" ec="0" bec="0" bev="0" fileid="16" />
                <SequencePoint vc="0" uspid="1143" ordinal="0" offset="108" sl="46" sc="0" el="46" ec="0" bec="0" bev="0" fileid="16" />
              </SequencePoints>
              <BranchPoints />
            </Method>
          </Methods>
        </Class>
        <Class>
          <Summary numSequencePoints="1" visitedSequencePoints="1" numBranchPoints="0" visitedBranchPoints="0" sequenceCoverage="100.0" branchCoverage="0.0" maxCyclomaticComplexity="0" minCyclomaticComplexity="0" maxCrapScore="0" minCrapScore="0" visitedClasses="1" numClasses="1" visitedMethods="1" numMethods="1" />
          <FullName>Sources.Scripts.DI.AppContext</FullName>
          <Methods>
            <Method visited="true" cyclomaticComplexity="0" nPathComplexity="0" sequenceCoverage="100.0" branchCoverage="0" crapScore="0" isConstructor="false" isStatic="false" isGetter="false" isSetter="false">
              <Summary numSequencePoints="1" visitedSequencePoints="1" numBranchPoints="0" visitedBranchPoints="0" sequenceCoverage="100.0" branchCoverage="0" maxCyclomaticComplexity="0" minCyclomaticComplexity="0" maxCrapScore="0" minCrapScore="0" visitedClasses="0" numClasses="0" visitedMethods="1" numMethods="1" />
              <MetadataToken>100663337</MetadataToken>
              <Name>System.Void Sources.Scripts.DI.AppContext::Awake()</Name>
              <FileRef uid="17" />
              <SequencePoints>
                <SequencePoint vc="1" uspid="1149" ordinal="0" offset="0" sl="21" sc="33" el="21" ec="33" bec="0" bev="0" fileid="17" />
              </SequencePoints>
              <BranchPoints />
            </Method>
          </Methods>
        </Class>
        <Class>
          <Summary numSequencePoints="8" visitedSequencePoints="8" numBranchPoints="0" visitedBranchPoints="0" sequenceCoverage="100.0" branchCoverage="0.0" maxCyclomaticComplexity="0" minCyclomaticComplexity="0" maxCrapScore="0" minCrapScore="0" visitedClasses="1" numClasses="1" visitedMethods="3" numMethods="3" />
          <FullName>Sources.Scripts.DI.Container</FullName>
          <Methods>
            <Method visited="true" cyclomaticComplexity="0" nPathComplexity="0" sequenceCoverage="100.0" branchCoverage="0" crapScore="0" isConstructor="false" isStatic="false" isGetter="true" isSetter="false">
              <Summary numSequencePoints="1" visitedSequencePoints="1" numBranchPoints="0" visitedBranchPoints="0" sequenceCoverage="100.0" branchCoverage="0" maxCyclomaticComplexity="0" minCyclomaticComplexity="0" maxCrapScore="0" minCrapScore="0" visitedClasses="0" numClasses="0" visitedMethods="1" numMethods="1" />
              <MetadataToken>100663340</MetadataToken>
              <Name>Sources.Scripts.DI.ContainerBinder Sources.Scripts.DI.Container::get_Binder()</Name>
              <FileRef uid="18" />
              <SequencePoints>
                <SequencePoint vc="5" uspid="1150" ordinal="0" offset="0" sl="12" sc="41" el="12" ec="41" bec="0" bev="0" fileid="18" />
              </SequencePoints>
              <BranchPoints />
            </Method>
            <Method visited="true" cyclomaticComplexity="0" nPathComplexity="0" sequenceCoverage="100.0" branchCoverage="0" crapScore="0" isConstructor="false" isStatic="false" isGetter="true" isSetter="false">
              <Summary numSequencePoints="1" visitedSequencePoints="1" numBranchPoints="0" visitedBranchPoints="0" sequenceCoverage="100.0" branchCoverage="0" maxCyclomaticComplexity="0" minCyclomaticComplexity="0" maxCrapScore="0" minCrapScore="0" visitedClasses="0" numClasses="0" visitedMethods="1" numMethods="1" />
              <MetadataToken>100663341</MetadataToken>
              <Name>Sources.Scripts.DI.ContainerCache Sources.Scripts.DI.Container::get_Cache()</Name>
              <FileRef uid="18" />
              <SequencePoints>
                <SequencePoint vc="12" uspid="1151" ordinal="0" offset="0" sl="13" sc="39" el="13" ec="39" bec="0" bev="0" fileid="18" />
              </SequencePoints>
              <BranchPoints />
            </Method>
            <Method visited="true" cyclomaticComplexity="0" nPathComplexity="0" sequenceCoverage="100.0" branchCoverage="0" crapScore="0" isConstructor="true" isStatic="false" isGetter="false" isSetter="false">
              <Summary numSequencePoints="6" visitedSequencePoints="6" numBranchPoints="0" visitedBranchPoints="0" sequenceCoverage="100.0" branchCoverage="0" maxCyclomaticComplexity="0" minCyclomaticComplexity="0" maxCrapScore="0" minCrapScore="0" visitedClasses="0" numClasses="0" visitedMethods="1" numMethods="1" />
              <MetadataToken>100663343</MetadataToken>
              <Name>Sources.Scripts.DI.Container::Container()</Name>
              <FileRef uid="18" />
              <SequencePoints>
                <SequencePoint vc="1" uspid="1153" ordinal="0" offset="0" sl="16" sc="9" el="16" ec="9" bec="0" bev="0" fileid="18" />
                <SequencePoint vc="1" uspid="1154" ordinal="0" offset="7" sl="17" sc="9" el="17" ec="9" bec="0" bev="0" fileid="18" />
                <SequencePoint vc="1" uspid="1155" ordinal="0" offset="8" sl="18" sc="13" el="18" ec="13" bec="0" bev="0" fileid="18" />
                <SequencePoint vc="1" uspid="1156" ordinal="0" offset="19" sl="19" sc="13" el="19" ec="13" bec="0" bev="0" fileid="18" />
                <SequencePoint vc="1" uspid="1157" ordinal="0" offset="30" sl="20" sc="13" el="20" ec="13" bec="0" bev="0" fileid="18" />
                <SequencePoint vc="1" uspid="1158" ordinal="0" offset="41" sl="21" sc="9" el="21" ec="9" bec="0" bev="0" fileid="18" />
              </SequencePoints>
              <BranchPoints />
            </Method>
          </Methods>
        </Class>
        <Class>
          <Summary numSequencePoints="8" visitedSequencePoints="6" numBranchPoints="0" visitedBranchPoints="0" sequenceCoverage="75.00" branchCoverage="0.0" maxCyclomaticComplexity="0" minCyclomaticComplexity="0" maxCrapScore="0" minCrapScore="0" visitedClasses="1" numClasses="1" visitedMethods="3" numMethods="4" />
          <FullName>Sources.Scripts.DI.ContainerBinder</FullName>
          <Methods>
            <Method visited="true" cyclomaticComplexity="0" nPathComplexity="0" sequenceCoverage="100.0" branchCoverage="0" crapScore="0" isConstructor="false" isStatic="false" isGetter="false" isSetter="false">
              <Summary numSequencePoints="1" visitedSequencePoints="1" numBranchPoints="0" visitedBranchPoints="0" sequenceCoverage="100.0" branchCoverage="0" maxCyclomaticComplexity="0" minCyclomaticComplexity="0" maxCrapScore="0" minCrapScore="0" visitedClasses="0" numClasses="0" visitedMethods="1" numMethods="1" />
              <MetadataToken>100663350</MetadataToken>
              <Name>System.Collections.Generic.Dictionary[Type,Type] Sources.Scripts.DI.ContainerBinder::GetBinds()</Name>
              <FileRef uid="19" />
              <SequencePoints>
                <SequencePoint vc="1" uspid="1159" ordinal="0" offset="0" sl="11" sc="53" el="11" ec="53" bec="0" bev="0" fileid="19" />
              </SequencePoints>
              <BranchPoints />
            </Method>
            <Method visited="true" cyclomaticComplexity="0" nPathComplexity="0" sequenceCoverage="80.00" branchCoverage="0" crapScore="0" isConstructor="false" isStatic="true" isGetter="false" isSetter="false">
              <Summary numSequencePoints="5" visitedSequencePoints="4" numBranchPoints="0" visitedBranchPoints="0" sequenceCoverage="80.00" branchCoverage="0" maxCyclomaticComplexity="0" minCyclomaticComplexity="0" maxCrapScore="0" minCrapScore="0" visitedClasses="0" numClasses="0" visitedMethods="1" numMethods="1" />
              <MetadataToken>100663351</MetadataToken>
              <Name>static System.Void Sources.Scripts.DI.ContainerBinder::BindMain(System.Type, System.Type)</Name>
              <FileRef uid="19" />
              <SequencePoints>
                <SequencePoint vc="4" uspid="1160" ordinal="0" offset="0" sl="16" sc="9" el="16" ec="9" bec="0" bev="0" fileid="19" />
                <SequencePoint vc="4" uspid="1161" ordinal="0" offset="1" sl="17" sc="13" el="17" ec="13" bec="0" bev="0" fileid="19" />
                <SequencePoint vc="0" uspid="1162" ordinal="0" offset="24" sl="17" sc="55" el="17" ec="55" bec="0" bev="0" fileid="19" />
                <SequencePoint vc="4" uspid="1163" ordinal="0" offset="30" sl="19" sc="13" el="19" ec="13" bec="0" bev="0" fileid="19" />
                <SequencePoint vc="4" uspid="1164" ordinal="0" offset="43" sl="20" sc="9" el="20" ec="9" bec="0" bev="0" fileid="19" />
              </SequencePoints>
              <BranchPoints />
            </Method>
            <Method visited="true" cyclomaticComplexity="0" nPathComplexity="0" sequenceCoverage="100.0" branchCoverage="0" crapScore="0" isConstructor="false" isStatic="false" isGetter="false" isSetter="false">
              <Summary numSequencePoints="1" visitedSequencePoints="1" numBranchPoints="0" visitedBranchPoints="0" sequenceCoverage="100.0" branchCoverage="0" maxCyclomaticComplexity="0" minCyclomaticComplexity="0" maxCrapScore="0" minCrapScore="0" visitedClasses="0" numClasses="0" visitedMethods="1" numMethods="1" />
              <MetadataToken>100663354</MetadataToken>
              <Name>System.Void Sources.Scripts.DI.ContainerBinder::Bind[T]()</Name>
              <FileRef uid="19" />
              <SequencePoints>
                <SequencePoint vc="4" uspid="1167" ordinal="0" offset="0" sl="26" sc="0" el="26" ec="0" bec="0" bev="0" fileid="19" />
              </SequencePoints>
              <BranchPoints />
            </Method>
            <Method visited="false" cyclomaticComplexity="0" nPathComplexity="0" sequenceCoverage="0.0" branchCoverage="0" crapScore="0" isConstructor="false" isStatic="false" isGetter="false" isSetter="false">
              <Summary numSequencePoints="1" visitedSequencePoints="0" numBranchPoints="0" visitedBranchPoints="0" sequenceCoverage="0.0" branchCoverage="0" maxCyclomaticComplexity="0" minCyclomaticComplexity="0" maxCrapScore="0" minCrapScore="0" visitedClasses="0" numClasses="0" visitedMethods="0" numMethods="1" />
              <MetadataToken>100663355</MetadataToken>
              <Name>System.Void Sources.Scripts.DI.ContainerBinder::Bind[TBase, TImpl]()</Name>
              <FileRef uid="19" />
              <SequencePoints>
                <SequencePoint vc="0" uspid="1168" ordinal="0" offset="0" sl="29" sc="0" el="29" ec="0" bec="0" bev="0" fileid="19" />
              </SequencePoints>
              <BranchPoints />
            </Method>
          </Methods>
        </Class>
        <Class>
          <Summary numSequencePoints="16" visitedSequencePoints="13" numBranchPoints="0" visitedBranchPoints="0" sequenceCoverage="81.25" branchCoverage="0.0" maxCyclomaticComplexity="0" minCyclomaticComplexity="0" maxCrapScore="0" minCrapScore="0" visitedClasses="1" numClasses="1" visitedMethods="7" numMethods="8" />
          <FullName>Sources.Scripts.DI.ContainerCache</FullName>
          <Methods>
            <Method visited="true" cyclomaticComplexity="0" nPathComplexity="0" sequenceCoverage="100.0" branchCoverage="0" crapScore="0" isConstructor="false" isStatic="false" isGetter="false" isSetter="false">
              <Summary numSequencePoints="1" visitedSequencePoints="1" numBranchPoints="0" visitedBranchPoints="0" sequenceCoverage="100.0" branchCoverage="0" maxCyclomaticComplexity="0" minCyclomaticComplexity="0" maxCrapScore="0" minCrapScore="0" visitedClasses="0" numClasses="0" visitedMethods="1" numMethods="1" />
              <MetadataToken>100663359</MetadataToken>
              <Name>System.Collections.Generic.Dictionary[Type,Object] Sources.Scripts.DI.ContainerCache::GetCache()</Name>
              <FileRef uid="20" />
              <SequencePoints>
                <SequencePoint vc="1" uspid="1183" ordinal="0" offset="0" sl="14" sc="55" el="14" ec="55" bec="0" bev="0" fileid="20" />
              </SequencePoints>
              <BranchPoints />
            </Method>
            <Method visited="true" cyclomaticComplexity="0" nPathComplexity="0" sequenceCoverage="66.67" branchCoverage="0" crapScore="0" isConstructor="false" isStatic="false" isGetter="false" isSetter="false">
              <Summary numSequencePoints="6" visitedSequencePoints="4" numBranchPoints="0" visitedBranchPoints="0" sequenceCoverage="66.67" branchCoverage="0" maxCyclomaticComplexity="0" minCyclomaticComplexity="0" maxCrapScore="0" minCrapScore="0" visitedClasses="0" numClasses="0" visitedMethods="1" numMethods="1" />
              <MetadataToken>100663361</MetadataToken>
              <Name>System.Void Sources.Scripts.DI.ContainerCache::AddMain(System.Type, System.Type)</Name>
              <FileRef uid="20" />
              <SequencePoints>
                <SequencePoint vc="2" uspid="1184" ordinal="0" offset="0" sl="24" sc="9" el="24" ec="9" bec="0" bev="0" fileid="20" />
                <SequencePoint vc="2" uspid="1185" ordinal="0" offset="1" sl="25" sc="13" el="25" ec="13" bec="0" bev="0" fileid="20" />
                <SequencePoint vc="2" uspid="1186" ordinal="0" offset="16" sl="25" sc="46" el="25" ec="46" bec="0" bev="0" fileid="20" />
                <SequencePoint vc="0" uspid="1187" ordinal="0" offset="18" sl="27" sc="13" el="27" ec="13" bec="0" bev="0" fileid="20" />
                <SequencePoint vc="0" uspid="1188" ordinal="0" offset="37" sl="29" sc="13" el="29" ec="13" bec="0" bev="0" fileid="20" />
                <SequencePoint vc="2" uspid="1189" ordinal="0" offset="80" sl="31" sc="9" el="31" ec="9" bec="0" bev="0" fileid="20" />
              </SequencePoints>
              <BranchPoints />
            </Method>
            <Method visited="true" cyclomaticComplexity="0" nPathComplexity="0" sequenceCoverage="100.0" branchCoverage="0" crapScore="0" isConstructor="false" isStatic="true" isGetter="false" isSetter="false">
              <Summary numSequencePoints="1" visitedSequencePoints="1" numBranchPoints="0" visitedBranchPoints="0" sequenceCoverage="100.0" branchCoverage="0" maxCyclomaticComplexity="0" minCyclomaticComplexity="0" maxCrapScore="0" minCrapScore="0" visitedClasses="0" numClasses="0" visitedMethods="1" numMethods="1" />
              <MetadataToken>100663363</MetadataToken>
              <Name>static System.Void Sources.Scripts.DI.ContainerCache::AddToCache(System.Type, System.Object)</Name>
              <FileRef uid="20" />
              <SequencePoints>
                <SequencePoint vc="4" uspid="1190" ordinal="0" offset="0" sl="40" sc="71" el="40" ec="71" bec="0" bev="0" fileid="20" />
              </SequencePoints>
              <BranchPoints />
            </Method>
            <Method visited="true" cyclomaticComplexity="0" nPathComplexity="0" sequenceCoverage="100.0" branchCoverage="0" crapScore="0" isConstructor="false" isStatic="false" isGetter="false" isSetter="false">
              <Summary numSequencePoints="1" visitedSequencePoints="1" numBranchPoints="0" visitedBranchPoints="0" sequenceCoverage="100.0" branchCoverage="0" maxCyclomaticComplexity="0" minCyclomaticComplexity="0" maxCrapScore="0" minCrapScore="0" visitedClasses="0" numClasses="0" visitedMethods="1" numMethods="1" />
              <MetadataToken>100663364</MetadataToken>
              <Name>System.Void Sources.Scripts.DI.ContainerCache::Add[T]()</Name>
              <FileRef uid="20" />
              <SequencePoints>
                <SequencePoint vc="2" uspid="1191" ordinal="0" offset="0" sl="47" sc="0" el="47" ec="0" bec="0" bev="0" fileid="20" />
              </SequencePoints>
              <BranchPoints />
            </Method>
            <Method visited="false" cyclomaticComplexity="0" nPathComplexity="0" sequenceCoverage="0.0" branchCoverage="0" crapScore="0" isConstructor="false" isStatic="false" isGetter="false" isSetter="false">
              <Summary numSequencePoints="1" visitedSequencePoints="0" numBranchPoints="0" visitedBranchPoints="0" sequenceCoverage="0.0" branchCoverage="0" maxCyclomaticComplexity="0" minCyclomaticComplexity="0" maxCrapScore="0" minCrapScore="0" visitedClasses="0" numClasses="0" visitedMethods="0" numMethods="1" />
              <MetadataToken>100663365</MetadataToken>
              <Name>System.Void Sources.Scripts.DI.ContainerCache::Add[TBase, TImpl]()</Name>
              <FileRef uid="20" />
              <SequencePoints>
                <SequencePoint vc="0" uspid="1192" ordinal="0" offset="0" sl="50" sc="0" el="50" ec="0" bec="0" bev="0" fileid="20" />
              </SequencePoints>
              <BranchPoints />
            </Method>
            <Method visited="true" cyclomaticComplexity="0" nPathComplexity="0" sequenceCoverage="100.0" branchCoverage="0" crapScore="0" isConstructor="false" isStatic="false" isGetter="false" isSetter="false">
              <Summary numSequencePoints="1" visitedSequencePoints="1" numBranchPoints="0" visitedBranchPoints="0" sequenceCoverage="100.0" branchCoverage="0" maxCyclomaticComplexity="0" minCyclomaticComplexity="0" maxCrapScore="0" minCrapScore="0" visitedClasses="0" numClasses="0" visitedMethods="1" numMethods="1" />
              <MetadataToken>100663366</MetadataToken>
              <Name>System.Void Sources.Scripts.DI.ContainerCache::Add[T](System.Object)</Name>
              <FileRef uid="20" />
              <SequencePoints>
                <SequencePoint vc="2" uspid="1193" ordinal="0" offset="0" sl="53" sc="0" el="53" ec="0" bec="0" bev="0" fileid="20" />
              </SequencePoints>
              <BranchPoints />
            </Method>
            <Method visited="true" cyclomaticComplexity="0" nPathComplexity="0" sequenceCoverage="100.0" branchCoverage="0" crapScore="0" isConstructor="false" isStatic="false" isGetter="false" isSetter="false">
              <Summary numSequencePoints="1" visitedSequencePoints="1" numBranchPoints="0" visitedBranchPoints="0" sequenceCoverage="100.0" branchCoverage="0" maxCyclomaticComplexity="0" minCyclomaticComplexity="0" maxCrapScore="0" minCrapScore="0" visitedClasses="0" numClasses="0" visitedMethods="1" numMethods="1" />
              <MetadataToken>100663367</MetadataToken>
              <Name>System.Void Sources.Scripts.DI.ContainerCache::Add(System.Type, System.Object)</Name>
              <FileRef uid="20" />
              <SequencePoints>
                <SequencePoint vc="2" uspid="1194" ordinal="0" offset="0" sl="55" sc="56" el="55" ec="56" bec="0" bev="0" fileid="20" />
              </SequencePoints>
              <BranchPoints />
            </Method>
            <Method visited="true" cyclomaticComplexity="0" nPathComplexity="0" sequenceCoverage="100.0" branchCoverage="0" crapScore="0" isConstructor="true" isStatic="false" isGetter="false" isSetter="false">
              <Summary numSequencePoints="4" visitedSequencePoints="4" numBranchPoints="0" visitedBranchPoints="0" sequenceCoverage="100.0" branchCoverage="0" maxCyclomaticComplexity="0" minCyclomaticComplexity="0" maxCrapScore="0" minCrapScore="0" visitedClasses="0" numClasses="0" visitedMethods="1" numMethods="1" />
              <MetadataToken>100663360</MetadataToken>
              <Name>Sources.Scripts.DI.ContainerCache::ContainerCache()</Name>
              <FileRef uid="20" />
              <SequencePoints>
                <SequencePoint vc="1" uspid="1195" ordinal="0" offset="0" sl="16" sc="9" el="16" ec="9" bec="0" bev="0" fileid="20" />
                <SequencePoint vc="1" uspid="1196" ordinal="0" offset="7" sl="17" sc="9" el="17" ec="9" bec="0" bev="0" fileid="20" />
                <SequencePoint vc="1" uspid="1197" ordinal="0" offset="8" sl="18" sc="13" el="18" ec="13" bec="0" bev="0" fileid="20" />
                <SequencePoint vc="1" uspid="1198" ordinal="0" offset="19" sl="19" sc="9" el="19" ec="9" bec="0" bev="0" fileid="20" />
              </SequencePoints>
              <BranchPoints />
            </Method>
          </Methods>
        </Class>
        <Class>
          <Summary numSequencePoints="6" visitedSequencePoints="6" numBranchPoints="0" visitedBranchPoints="0" sequenceCoverage="100.0" branchCoverage="0.0" maxCyclomaticComplexity="0" minCyclomaticComplexity="0" maxCrapScore="0" minCrapScore="0" visitedClasses="1" numClasses="1" visitedMethods="1" numMethods="1" />
          <FullName>Sources.Scripts.Core.Loading.AppStart</FullName>
          <Methods>
            <Method visited="true" cyclomaticComplexity="0" nPathComplexity="0" sequenceCoverage="100.0" branchCoverage="0" crapScore="0" isConstructor="false" isStatic="false" isGetter="false" isSetter="false">
              <Summary numSequencePoints="6" visitedSequencePoints="6" numBranchPoints="0" visitedBranchPoints="0" sequenceCoverage="100.0" branchCoverage="0" maxCyclomaticComplexity="0" minCyclomaticComplexity="0" maxCrapScore="0" minCrapScore="0" visitedClasses="0" numClasses="0" visitedMethods="1" numMethods="1" />
              <MetadataToken>100663375</MetadataToken>
              <Name>System.Void Sources.Scripts.Core.Loading.AppStart::Awake()</Name>
              <FileRef uid="21" />
              <SequencePoints>
                <SequencePoint vc="1" uspid="1200" ordinal="0" offset="0" sl="19" sc="9" el="19" ec="9" bec="0" bev="0" fileid="21" />
                <SequencePoint vc="1" uspid="1201" ordinal="0" offset="1" sl="20" sc="13" el="20" ec="13" bec="0" bev="0" fileid="21" />
                <SequencePoint vc="1" uspid="1202" ordinal="0" offset="13" sl="21" sc="13" el="21" ec="13" bec="0" bev="0" fileid="21" />
                <SequencePoint vc="1" uspid="1203" ordinal="0" offset="30" sl="22" sc="13" el="22" ec="13" bec="0" bev="0" fileid="21" />
                <SequencePoint vc="1" uspid="1204" ordinal="0" offset="41" sl="23" sc="13" el="23" ec="13" bec="0" bev="0" fileid="21" />
                <SequencePoint vc="1" uspid="1205" ordinal="0" offset="52" sl="24" sc="9" el="24" ec="9" bec="0" bev="0" fileid="21" />
              </SequencePoints>
              <BranchPoints />
            </Method>
          </Methods>
        </Class>
        <Class>
          <Summary numSequencePoints="5" visitedSequencePoints="3" numBranchPoints="0" visitedBranchPoints="0" sequenceCoverage="60.00" branchCoverage="0.0" maxCyclomaticComplexity="0" minCyclomaticComplexity="0" maxCrapScore="0" minCrapScore="0" visitedClasses="1" numClasses="1" visitedMethods="1" numMethods="1" />
          <FullName>Sources.Scripts.TestConfig.TestBinds/&lt;InitBindings&gt;d__0</FullName>
          <Methods>
            <Method visited="true" cyclomaticComplexity="0" nPathComplexity="0" sequenceCoverage="60.00" branchCoverage="0" crapScore="0" isConstructor="false" isStatic="false" isGetter="false" isSetter="false">
              <Summary numSequencePoints="5" visitedSequencePoints="3" numBranchPoints="0" visitedBranchPoints="0" sequenceCoverage="60.00" branchCoverage="0" maxCyclomaticComplexity="0" minCyclomaticComplexity="0" maxCrapScore="0" minCrapScore="0" visitedClasses="0" numClasses="0" visitedMethods="1" numMethods="1" />
              <MetadataToken>100663391</MetadataToken>
              <Name>System.Void Sources.Scripts.TestConfig.TestBinds/&lt;InitBindings&gt;d__0::MoveNext()</Name>
              <FileRef uid="14" />
              <SequencePoints>
                <SequencePoint vc="1" uspid="1225" ordinal="0" offset="14" sl="13" sc="9" el="13" ec="9" bec="0" bev="0" fileid="14" />
                <SequencePoint vc="1" uspid="1226" ordinal="0" offset="15" sl="14" sc="13" el="14" ec="13" bec="0" bev="0" fileid="14" />
                <SequencePoint vc="0" uspid="1227" ordinal="0" offset="44" sl="14" sc="13" el="14" ec="13" bec="0" bev="0" fileid="14" />
                <SequencePoint vc="0" uspid="1228" ordinal="0" offset="71" sl="14" sc="13" el="14" ec="13" bec="0" bev="0" fileid="14" />
                <SequencePoint vc="1" uspid="1229" ordinal="0" offset="133" sl="15" sc="9" el="15" ec="9" bec="0" bev="0" fileid="14" />
              </SequencePoints>
              <BranchPoints />
            </Method>
          </Methods>
        </Class>
        <Class>
          <Summary numSequencePoints="6" visitedSequencePoints="4" numBranchPoints="0" visitedBranchPoints="0" sequenceCoverage="66.67" branchCoverage="0.0" maxCyclomaticComplexity="0" minCyclomaticComplexity="0" maxCrapScore="0" minCrapScore="0" visitedClasses="1" numClasses="1" visitedMethods="1" numMethods="1" />
          <FullName>Sources.Scripts.DI.AppContext/&lt;InitializeAsync&gt;d__7</FullName>
          <Methods>
            <Method visited="true" cyclomaticComplexity="0" nPathComplexity="0" sequenceCoverage="66.67" branchCoverage="0" crapScore="0" isConstructor="false" isStatic="false" isGetter="false" isSetter="false">
              <Summary numSequencePoints="6" visitedSequencePoints="4" numBranchPoints="0" visitedBranchPoints="0" sequenceCoverage="66.67" branchCoverage="0" maxCyclomaticComplexity="0" minCyclomaticComplexity="0" maxCrapScore="0" minCrapScore="0" visitedClasses="0" numClasses="0" visitedMethods="1" numMethods="1" />
              <MetadataToken>100663394</MetadataToken>
              <Name>System.Void Sources.Scripts.DI.AppContext/&lt;InitializeAsync&gt;d__7::MoveNext()</Name>
              <FileRef uid="17" />
              <SequencePoints>
                <SequencePoint vc="1" uspid="1230" ordinal="0" offset="14" sl="24" sc="9" el="24" ec="9" bec="0" bev="0" fileid="17" />
                <SequencePoint vc="1" uspid="1231" ordinal="0" offset="15" sl="25" sc="13" el="25" ec="13" bec="0" bev="0" fileid="17" />
                <SequencePoint vc="1" uspid="1232" ordinal="0" offset="43" sl="27" sc="13" el="27" ec="13" bec="0" bev="0" fileid="17" />
                <SequencePoint vc="0" uspid="1233" ordinal="0" offset="72" sl="27" sc="13" el="27" ec="13" bec="0" bev="0" fileid="17" />
                <SequencePoint vc="0" uspid="1234" ordinal="0" offset="99" sl="27" sc="13" el="27" ec="13" bec="0" bev="0" fileid="17" />
                <SequencePoint vc="1" uspid="1235" ordinal="0" offset="161" sl="32" sc="9" el="32" ec="9" bec="0" bev="0" fileid="17" />
              </SequencePoints>
              <BranchPoints />
            </Method>
          </Methods>
        </Class>
        <Class>
          <Summary numSequencePoints="5" visitedSequencePoints="5" numBranchPoints="0" visitedBranchPoints="0" sequenceCoverage="100.0" branchCoverage="0.0" maxCyclomaticComplexity="0" minCyclomaticComplexity="0" maxCrapScore="0" minCrapScore="0" visitedClasses="1" numClasses="1" visitedMethods="1" numMethods="1" />
          <FullName>Sources.Scripts.DI.Container&lt;Bind&gt;d__12[T]</FullName>
          <Methods>
            <Method visited="true" cyclomaticComplexity="0" nPathComplexity="0" sequenceCoverage="100.0" branchCoverage="0" crapScore="0" isConstructor="false" isStatic="false" isGetter="false" isSetter="false">
              <Summary numSequencePoints="5" visitedSequencePoints="5" numBranchPoints="0" visitedBranchPoints="0" sequenceCoverage="100.0" branchCoverage="0" maxCyclomaticComplexity="0" minCyclomaticComplexity="0" maxCrapScore="0" minCrapScore="0" visitedClasses="0" numClasses="0" visitedMethods="1" numMethods="1" />
              <MetadataToken>100663397</MetadataToken>
              <Name>System.Void Sources.Scripts.DI.Container&lt;Bind&gt;d__12[T]::MoveNext()</Name>
              <FileRef uid="18" />
              <SequencePoints>
                <SequencePoint vc="2" uspid="1236" ordinal="0" offset="14" sl="43" sc="0" el="43" ec="0" bec="0" bev="0" fileid="18" />
                <SequencePoint vc="2" uspid="1237" ordinal="0" offset="15" sl="44" sc="0" el="44" ec="0" bec="0" bev="0" fileid="18" />
                <SequencePoint vc="2" uspid="1238" ordinal="0" offset="32" sl="45" sc="0" el="45" ec="0" bec="0" bev="0" fileid="18" />
                <SequencePoint vc="2" uspid="1239" ordinal="0" offset="49" sl="46" sc="0" el="46" ec="0" bec="0" bev="0" fileid="18" />
                <SequencePoint vc="2" uspid="1240" ordinal="0" offset="187" sl="47" sc="0" el="47" ec="0" bec="0" bev="0" fileid="18" />
              </SequencePoints>
              <BranchPoints />
            </Method>
          </Methods>
        </Class>
        <Class>
          <Summary numSequencePoints="5" visitedSequencePoints="0" numBranchPoints="0" visitedBranchPoints="0" sequenceCoverage="0.0" branchCoverage="0.0" maxCyclomaticComplexity="0" minCyclomaticComplexity="0" maxCrapScore="0" minCrapScore="0" visitedClasses="0" numClasses="1" visitedMethods="0" numMethods="1" />
          <FullName>Sources.Scripts.DI.Container&lt;Bind&gt;d__13[TBase,TImpl]</FullName>
          <Methods>
            <Method visited="false" cyclomaticComplexity="0" nPathComplexity="0" sequenceCoverage="0.0" branchCoverage="0" crapScore="0" isConstructor="false" isStatic="false" isGetter="false" isSetter="false">
              <Summary numSequencePoints="5" visitedSequencePoints="0" numBranchPoints="0" visitedBranchPoints="0" sequenceCoverage="0.0" branchCoverage="0" maxCyclomaticComplexity="0" minCyclomaticComplexity="0" maxCrapScore="0" minCrapScore="0" visitedClasses="0" numClasses="0" visitedMethods="0" numMethods="1" />
              <MetadataToken>100663400</MetadataToken>
              <Name>System.Void Sources.Scripts.DI.Container&lt;Bind&gt;d__13[TBase,TImpl]::MoveNext()</Name>
              <FileRef uid="18" />
              <SequencePoints>
                <SequencePoint vc="0" uspid="1241" ordinal="0" offset="14" sl="50" sc="0" el="50" ec="0" bec="0" bev="0" fileid="18" />
                <SequencePoint vc="0" uspid="1242" ordinal="0" offset="15" sl="51" sc="0" el="51" ec="0" bec="0" bev="0" fileid="18" />
                <SequencePoint vc="0" uspid="1243" ordinal="0" offset="32" sl="52" sc="0" el="52" ec="0" bec="0" bev="0" fileid="18" />
                <SequencePoint vc="0" uspid="1244" ordinal="0" offset="49" sl="53" sc="0" el="53" ec="0" bec="0" bev="0" fileid="18" />
                <SequencePoint vc="0" uspid="1245" ordinal="0" offset="192" sl="54" sc="0" el="54" ec="0" bec="0" bev="0" fileid="18" />
              </SequencePoints>
              <BranchPoints />
            </Method>
          </Methods>
        </Class>
        <Class>
          <Summary numSequencePoints="7" visitedSequencePoints="6" numBranchPoints="0" visitedBranchPoints="0" sequenceCoverage="85.71" branchCoverage="0.0" maxCyclomaticComplexity="0" minCyclomaticComplexity="0" maxCrapScore="0" minCrapScore="0" visitedClasses="1" numClasses="1" visitedMethods="1" numMethods="1" />
          <FullName>Sources.Scripts.DI.Container&lt;Bind&gt;d__14[T]</FullName>
          <Methods>
            <Method visited="true" cyclomaticComplexity="0" nPathComplexity="0" sequenceCoverage="85.71" branchCoverage="0" crapScore="0" isConstructor="false" isStatic="false" isGetter="false" isSetter="false">
              <Summary numSequencePoints="7" visitedSequencePoints="6" numBranchPoints="0" visitedBranchPoints="0" sequenceCoverage="85.71" branchCoverage="0" maxCyclomaticComplexity="0" minCyclomaticComplexity="0" maxCrapScore="0" minCrapScore="0" visitedClasses="0" numClasses="0" visitedMethods="1" numMethods="1" />
              <MetadataToken>100663403</MetadataToken>
              <Name>System.Void Sources.Scripts.DI.Container&lt;Bind&gt;d__14[T]::MoveNext()</Name>
              <FileRef uid="18" />
              <SequencePoints>
                <SequencePoint vc="2" uspid="1246" ordinal="0" offset="17" sl="57" sc="0" el="57" ec="0" bec="0" bev="0" fileid="18" />
                <SequencePoint vc="2" uspid="1247" ordinal="0" offset="18" sl="58" sc="0" el="58" ec="0" bec="0" bev="0" fileid="18" />
                <SequencePoint vc="0" uspid="1248" ordinal="0" offset="36" sl="58" sc="0" el="58" ec="0" bec="0" bev="0" fileid="18" />
                <SequencePoint vc="2" uspid="1249" ordinal="0" offset="42" sl="60" sc="0" el="60" ec="0" bec="0" bev="0" fileid="18" />
                <SequencePoint vc="2" uspid="1250" ordinal="0" offset="59" sl="61" sc="0" el="61" ec="0" bec="0" bev="0" fileid="18" />
                <SequencePoint vc="2" uspid="1251" ordinal="0" offset="87" sl="62" sc="0" el="62" ec="0" bec="0" bev="0" fileid="18" />
                <SequencePoint vc="2" uspid="1252" ordinal="0" offset="226" sl="63" sc="0" el="63" ec="0" bec="0" bev="0" fileid="18" />
              </SequencePoints>
              <BranchPoints />
            </Method>
          </Methods>
        </Class>
        <Class>
          <Summary numSequencePoints="1" visitedSequencePoints="1" numBranchPoints="0" visitedBranchPoints="0" sequenceCoverage="100.0" branchCoverage="0.0" maxCyclomaticComplexity="0" minCyclomaticComplexity="0" maxCrapScore="0" minCrapScore="0" visitedClasses="1" numClasses="1" visitedMethods="1" numMethods="1" />
          <FullName>Sources.Scripts.DI.Container&lt;GetService&gt;d__11[T]</FullName>
          <Methods>
            <Method visited="true" cyclomaticComplexity="0" nPathComplexity="0" sequenceCoverage="100.0" branchCoverage="0" crapScore="0" isConstructor="false" isStatic="false" isGetter="false" isSetter="false">
              <Summary numSequencePoints="1" visitedSequencePoints="1" numBranchPoints="0" visitedBranchPoints="0" sequenceCoverage="100.0" branchCoverage="0" maxCyclomaticComplexity="0" minCyclomaticComplexity="0" maxCrapScore="0" minCrapScore="0" visitedClasses="0" numClasses="0" visitedMethods="1" numMethods="1" />
              <MetadataToken>100663409</MetadataToken>
              <Name>System.Void Sources.Scripts.DI.Container&lt;GetService&gt;d__11[T]::MoveNext()</Name>
              <FileRef uid="18" />
              <SequencePoints>
                <SequencePoint vc="4" uspid="1264" ordinal="0" offset="14" sl="38" sc="0" el="38" ec="0" bec="0" bev="0" fileid="18" />
              </SequencePoints>
              <BranchPoints />
            </Method>
          </Methods>
        </Class>
        <Class>
          <Summary numSequencePoints="1" visitedSequencePoints="1" numBranchPoints="0" visitedBranchPoints="0" sequenceCoverage="100.0" branchCoverage="0.0" maxCyclomaticComplexity="0" minCyclomaticComplexity="0" maxCrapScore="0" minCrapScore="0" visitedClasses="1" numClasses="1" visitedMethods="1" numMethods="1" />
          <FullName>Sources.Scripts.DI.ContainerCache&lt;Get&gt;d__13[T]</FullName>
          <Methods>
            <Method visited="true" cyclomaticComplexity="0" nPathComplexity="0" sequenceCoverage="100.0" branchCoverage="0" crapScore="0" isConstructor="false" isStatic="false" isGetter="false" isSetter="false">
              <Summary numSequencePoints="1" visitedSequencePoints="1" numBranchPoints="0" visitedBranchPoints="0" sequenceCoverage="100.0" branchCoverage="0" maxCyclomaticComplexity="0" minCyclomaticComplexity="0" maxCrapScore="0" minCrapScore="0" visitedClasses="0" numClasses="0" visitedMethods="1" numMethods="1" />
              <MetadataToken>100663421</MetadataToken>
              <Name>System.Void Sources.Scripts.DI.ContainerCache&lt;Get&gt;d__13[T]::MoveNext()</Name>
              <FileRef uid="20" />
              <SequencePoints>
                <SequencePoint vc="4" uspid="1288" ordinal="0" offset="14" sl="72" sc="0" el="72" ec="0" bec="0" bev="0" fileid="20" />
              </SequencePoints>
              <BranchPoints />
            </Method>
          </Methods>
        </Class>
        <Class>
          <Summary numSequencePoints="7" visitedSequencePoints="4" numBranchPoints="0" visitedBranchPoints="0" sequenceCoverage="57.14" branchCoverage="0.0" maxCyclomaticComplexity="0" minCyclomaticComplexity="0" maxCrapScore="0" minCrapScore="0" visitedClasses="1" numClasses="1" visitedMethods="1" numMethods="1" />
          <FullName>Sources.Scripts.DI.ContainerCache/&lt;GetFromCache&gt;d__5</FullName>
          <Methods>
            <Method visited="true" cyclomaticComplexity="0" nPathComplexity="0" sequenceCoverage="57.14" branchCoverage="0" crapScore="0" isConstructor="false" isStatic="false" isGetter="false" isSetter="false">
              <Summary numSequencePoints="7" visitedSequencePoints="4" numBranchPoints="0" visitedBranchPoints="0" sequenceCoverage="57.14" branchCoverage="0" maxCyclomaticComplexity="0" minCyclomaticComplexity="0" maxCrapScore="0" minCrapScore="0" visitedClasses="0" numClasses="0" visitedMethods="1" numMethods="1" />
              <MetadataToken>100663424</MetadataToken>
              <Name>System.Void Sources.Scripts.DI.ContainerCache/&lt;GetFromCache&gt;d__5::MoveNext()</Name>
              <FileRef uid="20" />
              <SequencePoints>
                <SequencePoint vc="4" uspid="1289" ordinal="0" offset="14" sl="34" sc="9" el="34" ec="9" bec="0" bev="0" fileid="20" />
                <SequencePoint vc="4" uspid="1290" ordinal="0" offset="15" sl="35" sc="13" el="35" ec="13" bec="0" bev="0" fileid="20" />
                <SequencePoint vc="4" uspid="1291" ordinal="0" offset="41" sl="35" sc="57" el="35" ec="57" bec="0" bev="0" fileid="20" />
                <SequencePoint vc="0" uspid="1292" ordinal="0" offset="76" sl="35" sc="57" el="35" ec="57" bec="0" bev="0" fileid="20" />
                <SequencePoint vc="0" uspid="1293" ordinal="0" offset="107" sl="35" sc="57" el="35" ec="57" bec="0" bev="0" fileid="20" />
                <SequencePoint vc="0" uspid="1294" ordinal="0" offset="157" sl="37" sc="13" el="37" ec="13" bec="0" bev="0" fileid="20" />
                <SequencePoint vc="4" uspid="1295" ordinal="0" offset="212" sl="38" sc="9" el="38" ec="9" bec="0" bev="0" fileid="20" />
              </SequencePoints>
              <BranchPoints />
            </Method>
          </Methods>
        </Class>
        <Class>
          <Summary numSequencePoints="25" visitedSequencePoints="15" numBranchPoints="0" visitedBranchPoints="0" sequenceCoverage="60.00" branchCoverage="0.0" maxCyclomaticComplexity="0" minCyclomaticComplexity="0" maxCrapScore="0" minCrapScore="0" visitedClasses="1" numClasses="1" visitedMethods="1" numMethods="1" />
          <FullName>Sources.Scripts.Core.Loading.AppStart/&lt;Start&gt;d__6</FullName>
          <Methods>
            <Method visited="true" cyclomaticComplexity="0" nPathComplexity="0" sequenceCoverage="60.00" branchCoverage="0" crapScore="0" isConstructor="false" isStatic="false" isGetter="false" isSetter="false">
              <Summary numSequencePoints="25" visitedSequencePoints="15" numBranchPoints="0" visitedBranchPoints="0" sequenceCoverage="60.00" branchCoverage="0" maxCyclomaticComplexity="0" minCyclomaticComplexity="0" maxCrapScore="0" minCrapScore="0" visitedClasses="0" numClasses="0" visitedMethods="1" numMethods="1" />
              <MetadataToken>100663430</MetadataToken>
              <Name>System.Void Sources.Scripts.Core.Loading.AppStart/&lt;Start&gt;d__6::MoveNext()</Name>
              <FileRef uid="21" />
              <SequencePoints>
                <SequencePoint vc="1" uspid="1318" ordinal="0" offset="57" sl="27" sc="9" el="27" ec="9" bec="0" bev="0" fileid="21" />
                <SequencePoint vc="1" uspid="1319" ordinal="0" offset="58" sl="29" sc="13" el="29" ec="13" bec="0" bev="0" fileid="21" />
                <SequencePoint vc="0" uspid="1320" ordinal="0" offset="98" sl="29" sc="13" el="29" ec="13" bec="0" bev="0" fileid="21" />
                <SequencePoint vc="0" uspid="1321" ordinal="0" offset="128" sl="29" sc="13" el="29" ec="13" bec="0" bev="0" fileid="21" />
                <SequencePoint vc="1" uspid="1322" ordinal="0" offset="164" sl="30" sc="13" el="30" ec="13" bec="0" bev="0" fileid="21" />
                <SequencePoint vc="0" uspid="1323" ordinal="0" offset="215" sl="30" sc="13" el="30" ec="13" bec="0" bev="0" fileid="21" />
                <SequencePoint vc="0" uspid="1324" ordinal="0" offset="245" sl="30" sc="13" el="30" ec="13" bec="0" bev="0" fileid="21" />
                <SequencePoint vc="1" uspid="1325" ordinal="0" offset="281" sl="31" sc="13" el="31" ec="13" bec="0" bev="0" fileid="21" />
                <SequencePoint vc="0" uspid="1326" ordinal="0" offset="322" sl="31" sc="13" el="31" ec="13" bec="0" bev="0" fileid="21" />
                <SequencePoint vc="0" uspid="1327" ordinal="0" offset="353" sl="31" sc="13" el="31" ec="13" bec="0" bev="0" fileid="21" />
                <SequencePoint vc="1" uspid="1328" ordinal="0" offset="419" sl="34" sc="13" el="34" ec="13" bec="0" bev="0" fileid="21" />
                <SequencePoint vc="0" uspid="1329" ordinal="0" offset="471" sl="34" sc="13" el="34" ec="13" bec="0" bev="0" fileid="21" />
                <SequencePoint vc="0" uspid="1330" ordinal="0" offset="502" sl="34" sc="13" el="34" ec="13" bec="0" bev="0" fileid="21" />
                <SequencePoint vc="1" uspid="1331" ordinal="0" offset="539" sl="37" sc="13" el="37" ec="13" bec="0" bev="0" fileid="21" />
                <SequencePoint vc="1" uspid="1332" ordinal="0" offset="561" sl="38" sc="13" el="38" ec="13" bec="0" bev="0" fileid="21" />
                <SequencePoint vc="1" uspid="1333" ordinal="0" offset="595" sl="39" sc="13" el="39" ec="13" bec="0" bev="0" fileid="21" />
                <SequencePoint vc="1" uspid="1334" ordinal="0" offset="629" sl="40" sc="13" el="40" ec="13" bec="0" bev="0" fileid="21" />
                <SequencePoint vc="1" uspid="1335" ordinal="0" offset="668" sl="43" sc="13" el="43" ec="13" bec="0" bev="0" fileid="21" />
                <SequencePoint vc="0" uspid="1336" ordinal="0" offset="709" sl="43" sc="13" el="43" ec="13" bec="0" bev="0" fileid="21" />
                <SequencePoint vc="0" uspid="1337" ordinal="0" offset="740" sl="43" sc="13" el="43" ec="13" bec="0" bev="0" fileid="21" />
                <SequencePoint vc="1" uspid="1338" ordinal="0" offset="777" sl="50" sc="13" el="50" ec="13" bec="0" bev="0" fileid="21" />
                <SequencePoint vc="1" uspid="1339" ordinal="0" offset="829" sl="51" sc="13" el="51" ec="13" bec="0" bev="0" fileid="21" />
                <SequencePoint vc="1" uspid="1340" ordinal="0" offset="881" sl="53" sc="13" el="53" ec="13" bec="0" bev="0" fileid="21" />
                <SequencePoint vc="1" uspid="1341" ordinal="0" offset="892" sl="54" sc="13" el="54" ec="13" bec="0" bev="0" fileid="21" />
                <SequencePoint vc="1" uspid="1342" ordinal="0" offset="938" sl="55" sc="9" el="55" ec="9" bec="0" bev="0" fileid="21" />
              </SequencePoints>
              <BranchPoints />
            </Method>
          </Methods>
        </Class>
      </Classes>
    </Module>
  </Modules>
</CoverageSession>