<?xml version="1.0" encoding="utf-8"?>
<CoverageSession xmlns:xsd="http://www.w3.org/2001/XMLSchema" xmlns:xsi="http://www.w3.org/2001/XMLSchema-instance" Version="0.0.0.0">
  <Summary numSequencePoints="180" visitedSequencePoints="86" numBranchPoints="0" visitedBranchPoints="0" sequenceCoverage="47.78" branchCoverage="0.0" maxCyclomaticComplexity="7" minCyclomaticComplexity="1" maxCrapScore="30" minCrapScore="1" visitedClasses="12" numClasses="21" visitedMethods="36" numMethods="49" />
  <Modules>
    <Module>
      <Summary numSequencePoints="74" visitedSequencePoints="59" numBranchPoints="0" visitedBranchPoints="0" sequenceCoverage="79.73" branchCoverage="0.0" maxCyclomaticComplexity="3" minCyclomaticComplexity="1" maxCrapScore="6.28" minCrapScore="1" visitedClasses="6" numClasses="6" visitedMethods="28" numMethods="28" />
      <ModuleTime>0001-01-01T00:00:00</ModuleTime>
      <ModuleName>Tests</ModuleName>
      <Files>
        <File uid="1" fullPath="E:/_UnityProjects/ECSGame/ECSGame/Assets/Tests/Factory/ServiceFactoryTests.cs" />
        <File uid="2" fullPath="E:/_UnityProjects/ECSGame/ECSGame/Assets/Tests/ContainerTests/BinderTests.cs" />
        <File uid="3" fullPath="E:/_UnityProjects/ECSGame/ECSGame/Assets/Tests/ContainerTests/CacheTests.cs" />
        <File uid="4" fullPath="E:/_UnityProjects/ECSGame/ECSGame/Assets/Tests/ContainerTests/ContainerTests.cs" />
      </Files>
      <Classes>
        <Class>
          <Summary numSequencePoints="9" visitedSequencePoints="9" numBranchPoints="0" visitedBranchPoints="0" sequenceCoverage="100.0" branchCoverage="0.0" maxCyclomaticComplexity="1" minCyclomaticComplexity="1" maxCrapScore="1" minCrapScore="1" visitedClasses="1" numClasses="1" visitedMethods="4" numMethods="4" />
          <FullName>Tests.Factory.ServiceFactoryTests</FullName>
          <Methods>
            <Method visited="true" cyclomaticComplexity="1" nPathComplexity="0" sequenceCoverage="100.0" branchCoverage="0" crapScore="1" isConstructor="false" isStatic="false" isGetter="false" isSetter="false">
              <Summary numSequencePoints="3" visitedSequencePoints="3" numBranchPoints="0" visitedBranchPoints="0" sequenceCoverage="100.0" branchCoverage="0" maxCyclomaticComplexity="1" minCyclomaticComplexity="1" maxCrapScore="1" minCrapScore="1" visitedClasses="0" numClasses="0" visitedMethods="1" numMethods="1" />
              <MetadataToken>100663307</MetadataToken>
              <Name>System.Void Tests.Factory.ServiceFactoryTests::GetService_WithNullArgument_ThrowException()</Name>
              <FileRef uid="1" />
              <SequencePoints>
                <SequencePoint vc="1" uspid="494" ordinal="0" offset="0" sl="14" sc="9" el="14" ec="9" bec="0" bev="0" fileid="1" />
                <SequencePoint vc="1" uspid="495" ordinal="0" offset="1" sl="15" sc="13" el="15" ec="13" bec="0" bev="0" fileid="1" />
                <SequencePoint vc="1" uspid="496" ordinal="0" offset="29" sl="18" sc="9" el="18" ec="9" bec="0" bev="0" fileid="1" />
              </SequencePoints>
              <BranchPoints />
            </Method>
            <Method visited="true" cyclomaticComplexity="1" nPathComplexity="0" sequenceCoverage="100.0" branchCoverage="0" crapScore="1" isConstructor="false" isStatic="false" isGetter="false" isSetter="false">
              <Summary numSequencePoints="4" visitedSequencePoints="4" numBranchPoints="0" visitedBranchPoints="0" sequenceCoverage="100.0" branchCoverage="0" maxCyclomaticComplexity="1" minCyclomaticComplexity="1" maxCrapScore="1" minCrapScore="1" visitedClasses="0" numClasses="0" visitedMethods="1" numMethods="1" />
              <MetadataToken>100663308</MetadataToken>
              <Name>System.Void Tests.Factory.ServiceFactoryTests::GetService_WithArgument_ReturnExpected()</Name>
              <FileRef uid="1" />
              <SequencePoints>
                <SequencePoint vc="1" uspid="497" ordinal="0" offset="0" sl="22" sc="9" el="22" ec="9" bec="0" bev="0" fileid="1" />
                <SequencePoint vc="1" uspid="498" ordinal="0" offset="1" sl="24" sc="13" el="24" ec="13" bec="0" bev="0" fileid="1" />
                <SequencePoint vc="1" uspid="499" ordinal="0" offset="28" sl="27" sc="13" el="27" ec="13" bec="0" bev="0" fileid="1" />
                <SequencePoint vc="1" uspid="500" ordinal="0" offset="55" sl="28" sc="9" el="28" ec="9" bec="0" bev="0" fileid="1" />
              </SequencePoints>
              <BranchPoints />
            </Method>
            <Method visited="true" cyclomaticComplexity="1" nPathComplexity="0" sequenceCoverage="100.0" branchCoverage="0" crapScore="1" isConstructor="false" isStatic="false" isGetter="false" isSetter="false">
              <Summary numSequencePoints="1" visitedSequencePoints="1" numBranchPoints="0" visitedBranchPoints="0" sequenceCoverage="100.0" branchCoverage="0" maxCyclomaticComplexity="1" minCyclomaticComplexity="1" maxCrapScore="1" minCrapScore="1" visitedClasses="0" numClasses="0" visitedMethods="1" numMethods="1" />
              <MetadataToken>100663310</MetadataToken>
              <Name>System.Threading.Tasks.Task Tests.Factory.ServiceFactoryTests::&lt;GetService_WithNullArgument_ThrowException&gt;b__1_0()</Name>
              <FileRef uid="1" />
              <SequencePoints>
                <SequencePoint vc="1" uspid="501" ordinal="0" offset="0" sl="16" sc="23" el="16" ec="23" bec="0" bev="0" fileid="1" />
              </SequencePoints>
              <BranchPoints />
            </Method>
            <Method visited="true" cyclomaticComplexity="1" nPathComplexity="0" sequenceCoverage="100.0" branchCoverage="0" crapScore="1" isConstructor="true" isStatic="false" isGetter="false" isSetter="false">
              <Summary numSequencePoints="1" visitedSequencePoints="1" numBranchPoints="0" visitedBranchPoints="0" sequenceCoverage="100.0" branchCoverage="0" maxCyclomaticComplexity="1" minCyclomaticComplexity="1" maxCrapScore="1" minCrapScore="1" visitedClasses="0" numClasses="0" visitedMethods="1" numMethods="1" />
              <MetadataToken>100663309</MetadataToken>
              <Name>Tests.Factory.ServiceFactoryTests::ServiceFactoryTests()</Name>
              <FileRef uid="1" />
              <SequencePoints>
                <SequencePoint vc="1" uspid="502" ordinal="0" offset="0" sl="10" sc="9" el="10" ec="9" bec="0" bev="0" fileid="1" />
              </SequencePoints>
              <BranchPoints />
            </Method>
          </Methods>
        </Class>
        <Class>
          <Summary numSequencePoints="1" visitedSequencePoints="1" numBranchPoints="0" visitedBranchPoints="0" sequenceCoverage="100.0" branchCoverage="0.0" maxCyclomaticComplexity="1" minCyclomaticComplexity="1" maxCrapScore="1" minCrapScore="1" visitedClasses="1" numClasses="1" visitedMethods="1" numMethods="1" />
          <FullName>Tests.ContainerTests.ContainerBinderTests</FullName>
          <Methods>
            <Method visited="true" cyclomaticComplexity="1" nPathComplexity="0" sequenceCoverage="100.0" branchCoverage="0" crapScore="1" isConstructor="true" isStatic="true" isGetter="false" isSetter="false">
              <Summary numSequencePoints="1" visitedSequencePoints="1" numBranchPoints="0" visitedBranchPoints="0" sequenceCoverage="100.0" branchCoverage="0" maxCyclomaticComplexity="1" minCyclomaticComplexity="1" maxCrapScore="1" minCrapScore="1" visitedClasses="0" numClasses="0" visitedMethods="1" numMethods="1" />
              <MetadataToken>100663316</MetadataToken>
              <Name>static Tests.ContainerTests.ContainerBinderTests::ContainerBinderTests()</Name>
              <FileRef uid="2" />
              <SequencePoints>
                <SequencePoint vc="1" uspid="517" ordinal="0" offset="0" sl="14" sc="9" el="14" ec="9" bec="0" bev="0" fileid="2" />
              </SequencePoints>
              <BranchPoints />
            </Method>
          </Methods>
        </Class>
        <Class>
          <Summary numSequencePoints="28" visitedSequencePoints="28" numBranchPoints="0" visitedBranchPoints="0" sequenceCoverage="100.0" branchCoverage="0.0" maxCyclomaticComplexity="1" minCyclomaticComplexity="1" maxCrapScore="1" minCrapScore="1" visitedClasses="1" numClasses="1" visitedMethods="14" numMethods="14" />
          <FullName>Tests.ContainerTests.ContainerCacheTests</FullName>
          <Methods>
            <Method visited="true" cyclomaticComplexity="1" nPathComplexity="0" sequenceCoverage="100.0" branchCoverage="0" crapScore="1" isConstructor="false" isStatic="false" isGetter="false" isSetter="false">
              <Summary numSequencePoints="4" visitedSequencePoints="4" numBranchPoints="0" visitedBranchPoints="0" sequenceCoverage="100.0" branchCoverage="0" maxCyclomaticComplexity="1" minCyclomaticComplexity="1" maxCrapScore="1" minCrapScore="1" visitedClasses="0" numClasses="0" visitedMethods="1" numMethods="1" />
              <MetadataToken>100663317</MetadataToken>
              <Name>System.Void Tests.ContainerTests.ContainerCacheTests::Add_WithNullArgument_1Arg_ThrowException()</Name>
              <FileRef uid="3" />
              <SequencePoints>
                <SequencePoint vc="1" uspid="518" ordinal="0" offset="0" sl="21" sc="9" el="21" ec="9" bec="0" bev="0" fileid="3" />
                <SequencePoint vc="1" uspid="519" ordinal="0" offset="1" sl="22" sc="13" el="22" ec="13" bec="0" bev="0" fileid="3" />
                <SequencePoint vc="1" uspid="520" ordinal="0" offset="29" sl="25" sc="13" el="25" ec="13" bec="0" bev="0" fileid="3" />
                <SequencePoint vc="1" uspid="521" ordinal="0" offset="57" sl="27" sc="9" el="27" ec="9" bec="0" bev="0" fileid="3" />
              </SequencePoints>
              <BranchPoints />
            </Method>
            <Method visited="true" cyclomaticComplexity="1" nPathComplexity="0" sequenceCoverage="100.0" branchCoverage="0" crapScore="1" isConstructor="false" isStatic="false" isGetter="false" isSetter="false">
              <Summary numSequencePoints="5" visitedSequencePoints="5" numBranchPoints="0" visitedBranchPoints="0" sequenceCoverage="100.0" branchCoverage="0" maxCyclomaticComplexity="1" minCyclomaticComplexity="1" maxCrapScore="1" minCrapScore="1" visitedClasses="0" numClasses="0" visitedMethods="1" numMethods="1" />
              <MetadataToken>100663318</MetadataToken>
              <Name>System.Void Tests.ContainerTests.ContainerCacheTests::Add_WithNullArgument_2Arg_ThrowException()</Name>
              <FileRef uid="3" />
              <SequencePoints>
                <SequencePoint vc="1" uspid="522" ordinal="0" offset="0" sl="32" sc="9" el="32" ec="9" bec="0" bev="0" fileid="3" />
                <SequencePoint vc="1" uspid="523" ordinal="0" offset="1" sl="33" sc="13" el="33" ec="13" bec="0" bev="0" fileid="3" />
                <SequencePoint vc="1" uspid="524" ordinal="0" offset="29" sl="36" sc="13" el="36" ec="13" bec="0" bev="0" fileid="3" />
                <SequencePoint vc="1" uspid="525" ordinal="0" offset="57" sl="39" sc="13" el="39" ec="13" bec="0" bev="0" fileid="3" />
                <SequencePoint vc="1" uspid="526" ordinal="0" offset="85" sl="41" sc="9" el="41" ec="9" bec="0" bev="0" fileid="3" />
              </SequencePoints>
              <BranchPoints />
            </Method>
            <Method visited="true" cyclomaticComplexity="1" nPathComplexity="0" sequenceCoverage="100.0" branchCoverage="0" crapScore="1" isConstructor="false" isStatic="false" isGetter="false" isSetter="false">
              <Summary numSequencePoints="6" visitedSequencePoints="6" numBranchPoints="0" visitedBranchPoints="0" sequenceCoverage="100.0" branchCoverage="0" maxCyclomaticComplexity="1" minCyclomaticComplexity="1" maxCrapScore="1" minCrapScore="1" visitedClasses="0" numClasses="0" visitedMethods="1" numMethods="1" />
              <MetadataToken>100663319</MetadataToken>
              <Name>System.Void Tests.ContainerTests.ContainerCacheTests::Add_WithCorrectArgument_1And2Arg_DoesNotThrowException()</Name>
              <FileRef uid="3" />
              <SequencePoints>
                <SequencePoint vc="1" uspid="527" ordinal="0" offset="0" sl="45" sc="9" el="45" ec="9" bec="0" bev="0" fileid="3" />
                <SequencePoint vc="1" uspid="528" ordinal="0" offset="1" sl="46" sc="13" el="46" ec="13" bec="0" bev="0" fileid="3" />
                <SequencePoint vc="1" uspid="529" ordinal="0" offset="29" sl="49" sc="13" el="49" ec="13" bec="0" bev="0" fileid="3" />
                <SequencePoint vc="1" uspid="530" ordinal="0" offset="57" sl="52" sc="13" el="52" ec="13" bec="0" bev="0" fileid="3" />
                <SequencePoint vc="1" uspid="531" ordinal="0" offset="85" sl="55" sc="13" el="55" ec="13" bec="0" bev="0" fileid="3" />
                <SequencePoint vc="1" uspid="532" ordinal="0" offset="113" sl="57" sc="9" el="57" ec="9" bec="0" bev="0" fileid="3" />
              </SequencePoints>
              <BranchPoints />
            </Method>
            <Method visited="true" cyclomaticComplexity="1" nPathComplexity="0" sequenceCoverage="100.0" branchCoverage="0" crapScore="1" isConstructor="false" isStatic="false" isGetter="false" isSetter="false">
              <Summary numSequencePoints="1" visitedSequencePoints="1" numBranchPoints="0" visitedBranchPoints="0" sequenceCoverage="100.0" branchCoverage="0" maxCyclomaticComplexity="1" minCyclomaticComplexity="1" maxCrapScore="1" minCrapScore="1" visitedClasses="0" numClasses="0" visitedMethods="1" numMethods="1" />
              <MetadataToken>100663322</MetadataToken>
              <Name>System.Void Tests.ContainerTests.ContainerCacheTests::&lt;Add_WithNullArgument_1Arg_ThrowException&gt;b__4_0()</Name>
              <FileRef uid="3" />
              <SequencePoints>
                <SequencePoint vc="1" uspid="533" ordinal="0" offset="0" sl="23" sc="23" el="23" ec="23" bec="0" bev="0" fileid="3" />
              </SequencePoints>
              <BranchPoints />
            </Method>
            <Method visited="true" cyclomaticComplexity="1" nPathComplexity="0" sequenceCoverage="100.0" branchCoverage="0" crapScore="1" isConstructor="false" isStatic="false" isGetter="false" isSetter="false">
              <Summary numSequencePoints="1" visitedSequencePoints="1" numBranchPoints="0" visitedBranchPoints="0" sequenceCoverage="100.0" branchCoverage="0" maxCyclomaticComplexity="1" minCyclomaticComplexity="1" maxCrapScore="1" minCrapScore="1" visitedClasses="0" numClasses="0" visitedMethods="1" numMethods="1" />
              <MetadataToken>100663323</MetadataToken>
              <Name>System.Threading.Tasks.Task Tests.ContainerTests.ContainerCacheTests::&lt;Add_WithNullArgument_1Arg_ThrowException&gt;b__4_1()</Name>
              <FileRef uid="3" />
              <SequencePoints>
                <SequencePoint vc="1" uspid="534" ordinal="0" offset="0" sl="26" sc="23" el="26" ec="23" bec="0" bev="0" fileid="3" />
              </SequencePoints>
              <BranchPoints />
            </Method>
            <Method visited="true" cyclomaticComplexity="1" nPathComplexity="0" sequenceCoverage="100.0" branchCoverage="0" crapScore="1" isConstructor="false" isStatic="false" isGetter="false" isSetter="false">
              <Summary numSequencePoints="1" visitedSequencePoints="1" numBranchPoints="0" visitedBranchPoints="0" sequenceCoverage="100.0" branchCoverage="0" maxCyclomaticComplexity="1" minCyclomaticComplexity="1" maxCrapScore="1" minCrapScore="1" visitedClasses="0" numClasses="0" visitedMethods="1" numMethods="1" />
              <MetadataToken>100663324</MetadataToken>
              <Name>System.Void Tests.ContainerTests.ContainerCacheTests::&lt;Add_WithNullArgument_2Arg_ThrowException&gt;b__5_0()</Name>
              <FileRef uid="3" />
              <SequencePoints>
                <SequencePoint vc="1" uspid="535" ordinal="0" offset="0" sl="34" sc="23" el="34" ec="23" bec="0" bev="0" fileid="3" />
              </SequencePoints>
              <BranchPoints />
            </Method>
            <Method visited="true" cyclomaticComplexity="1" nPathComplexity="0" sequenceCoverage="100.0" branchCoverage="0" crapScore="1" isConstructor="false" isStatic="false" isGetter="false" isSetter="false">
              <Summary numSequencePoints="1" visitedSequencePoints="1" numBranchPoints="0" visitedBranchPoints="0" sequenceCoverage="100.0" branchCoverage="0" maxCyclomaticComplexity="1" minCyclomaticComplexity="1" maxCrapScore="1" minCrapScore="1" visitedClasses="0" numClasses="0" visitedMethods="1" numMethods="1" />
              <MetadataToken>100663325</MetadataToken>
              <Name>System.Void Tests.ContainerTests.ContainerCacheTests::&lt;Add_WithNullArgument_2Arg_ThrowException&gt;b__5_1()</Name>
              <FileRef uid="3" />
              <SequencePoints>
                <SequencePoint vc="1" uspid="536" ordinal="0" offset="0" sl="37" sc="23" el="37" ec="23" bec="0" bev="0" fileid="3" />
              </SequencePoints>
              <BranchPoints />
            </Method>
            <Method visited="true" cyclomaticComplexity="1" nPathComplexity="0" sequenceCoverage="100.0" branchCoverage="0" crapScore="1" isConstructor="false" isStatic="false" isGetter="false" isSetter="false">
              <Summary numSequencePoints="1" visitedSequencePoints="1" numBranchPoints="0" visitedBranchPoints="0" sequenceCoverage="100.0" branchCoverage="0" maxCyclomaticComplexity="1" minCyclomaticComplexity="1" maxCrapScore="1" minCrapScore="1" visitedClasses="0" numClasses="0" visitedMethods="1" numMethods="1" />
              <MetadataToken>100663326</MetadataToken>
              <Name>System.Void Tests.ContainerTests.ContainerCacheTests::&lt;Add_WithNullArgument_2Arg_ThrowException&gt;b__5_2()</Name>
              <FileRef uid="3" />
              <SequencePoints>
                <SequencePoint vc="1" uspid="537" ordinal="0" offset="0" sl="40" sc="23" el="40" ec="23" bec="0" bev="0" fileid="3" />
              </SequencePoints>
              <BranchPoints />
            </Method>
            <Method visited="true" cyclomaticComplexity="1" nPathComplexity="0" sequenceCoverage="100.0" branchCoverage="0" crapScore="1" isConstructor="false" isStatic="false" isGetter="false" isSetter="false">
              <Summary numSequencePoints="1" visitedSequencePoints="1" numBranchPoints="0" visitedBranchPoints="0" sequenceCoverage="100.0" branchCoverage="0" maxCyclomaticComplexity="1" minCyclomaticComplexity="1" maxCrapScore="1" minCrapScore="1" visitedClasses="0" numClasses="0" visitedMethods="1" numMethods="1" />
              <MetadataToken>100663327</MetadataToken>
              <Name>System.Void Tests.ContainerTests.ContainerCacheTests::&lt;Add_WithCorrectArgument_1And2Arg_DoesNotThrowException&gt;b__6_0()</Name>
              <FileRef uid="3" />
              <SequencePoints>
                <SequencePoint vc="1" uspid="538" ordinal="0" offset="0" sl="47" sc="23" el="47" ec="23" bec="0" bev="0" fileid="3" />
              </SequencePoints>
              <BranchPoints />
            </Method>
            <Method visited="true" cyclomaticComplexity="1" nPathComplexity="0" sequenceCoverage="100.0" branchCoverage="0" crapScore="1" isConstructor="false" isStatic="false" isGetter="false" isSetter="false">
              <Summary numSequencePoints="1" visitedSequencePoints="1" numBranchPoints="0" visitedBranchPoints="0" sequenceCoverage="100.0" branchCoverage="0" maxCyclomaticComplexity="1" minCyclomaticComplexity="1" maxCrapScore="1" minCrapScore="1" visitedClasses="0" numClasses="0" visitedMethods="1" numMethods="1" />
              <MetadataToken>100663328</MetadataToken>
              <Name>System.Threading.Tasks.Task Tests.ContainerTests.ContainerCacheTests::&lt;Add_WithCorrectArgument_1And2Arg_DoesNotThrowException&gt;b__6_1()</Name>
              <FileRef uid="3" />
              <SequencePoints>
                <SequencePoint vc="1" uspid="539" ordinal="0" offset="0" sl="50" sc="23" el="50" ec="23" bec="0" bev="0" fileid="3" />
              </SequencePoints>
              <BranchPoints />
            </Method>
            <Method visited="true" cyclomaticComplexity="1" nPathComplexity="0" sequenceCoverage="100.0" branchCoverage="0" crapScore="1" isConstructor="false" isStatic="false" isGetter="false" isSetter="false">
              <Summary numSequencePoints="1" visitedSequencePoints="1" numBranchPoints="0" visitedBranchPoints="0" sequenceCoverage="100.0" branchCoverage="0" maxCyclomaticComplexity="1" minCyclomaticComplexity="1" maxCrapScore="1" minCrapScore="1" visitedClasses="0" numClasses="0" visitedMethods="1" numMethods="1" />
              <MetadataToken>100663329</MetadataToken>
              <Name>System.Void Tests.ContainerTests.ContainerCacheTests::&lt;Add_WithCorrectArgument_1And2Arg_DoesNotThrowException&gt;b__6_2()</Name>
              <FileRef uid="3" />
              <SequencePoints>
                <SequencePoint vc="1" uspid="540" ordinal="0" offset="0" sl="53" sc="23" el="53" ec="23" bec="0" bev="0" fileid="3" />
              </SequencePoints>
              <BranchPoints />
            </Method>
            <Method visited="true" cyclomaticComplexity="1" nPathComplexity="0" sequenceCoverage="100.0" branchCoverage="0" crapScore="1" isConstructor="false" isStatic="false" isGetter="false" isSetter="false">
              <Summary numSequencePoints="1" visitedSequencePoints="1" numBranchPoints="0" visitedBranchPoints="0" sequenceCoverage="100.0" branchCoverage="0" maxCyclomaticComplexity="1" minCyclomaticComplexity="1" maxCrapScore="1" minCrapScore="1" visitedClasses="0" numClasses="0" visitedMethods="1" numMethods="1" />
              <MetadataToken>100663330</MetadataToken>
              <Name>System.Void Tests.ContainerTests.ContainerCacheTests::&lt;Add_WithCorrectArgument_1And2Arg_DoesNotThrowException&gt;b__6_3()</Name>
              <FileRef uid="3" />
              <SequencePoints>
                <SequencePoint vc="1" uspid="541" ordinal="0" offset="0" sl="56" sc="23" el="56" ec="23" bec="0" bev="0" fileid="3" />
              </SequencePoints>
              <BranchPoints />
            </Method>
            <Method visited="true" cyclomaticComplexity="1" nPathComplexity="0" sequenceCoverage="100.0" branchCoverage="0" crapScore="1" isConstructor="true" isStatic="false" isGetter="false" isSetter="false">
              <Summary numSequencePoints="1" visitedSequencePoints="1" numBranchPoints="0" visitedBranchPoints="0" sequenceCoverage="100.0" branchCoverage="0" maxCyclomaticComplexity="1" minCyclomaticComplexity="1" maxCrapScore="1" minCrapScore="1" visitedClasses="0" numClasses="0" visitedMethods="1" numMethods="1" />
              <MetadataToken>100663320</MetadataToken>
              <Name>Tests.ContainerTests.ContainerCacheTests::ContainerCacheTests()</Name>
              <FileRef uid="3" />
              <SequencePoints>
                <SequencePoint vc="1" uspid="542" ordinal="0" offset="0" sl="12" sc="9" el="12" ec="9" bec="0" bev="0" fileid="3" />
              </SequencePoints>
              <BranchPoints />
            </Method>
            <Method visited="true" cyclomaticComplexity="1" nPathComplexity="0" sequenceCoverage="100.0" branchCoverage="0" crapScore="1" isConstructor="true" isStatic="true" isGetter="false" isSetter="false">
              <Summary numSequencePoints="3" visitedSequencePoints="3" numBranchPoints="0" visitedBranchPoints="0" sequenceCoverage="100.0" branchCoverage="0" maxCyclomaticComplexity="1" minCyclomaticComplexity="1" maxCrapScore="1" minCrapScore="1" visitedClasses="0" numClasses="0" visitedMethods="1" numMethods="1" />
              <MetadataToken>100663321</MetadataToken>
              <Name>static Tests.ContainerTests.ContainerCacheTests::ContainerCacheTests()</Name>
              <FileRef uid="3" />
              <SequencePoints>
                <SequencePoint vc="1" uspid="543" ordinal="0" offset="0" sl="13" sc="9" el="13" ec="9" bec="0" bev="0" fileid="3" />
                <SequencePoint vc="1" uspid="544" ordinal="0" offset="10" sl="14" sc="9" el="14" ec="9" bec="0" bev="0" fileid="3" />
                <SequencePoint vc="1" uspid="545" ordinal="0" offset="20" sl="16" sc="9" el="16" ec="9" bec="0" bev="0" fileid="3" />
              </SequencePoints>
              <BranchPoints />
            </Method>
          </Methods>
        </Class>
        <Class>
          <Summary numSequencePoints="26" visitedSequencePoints="16" numBranchPoints="0" visitedBranchPoints="0" sequenceCoverage="61.54" branchCoverage="0.0" maxCyclomaticComplexity="3" minCyclomaticComplexity="1" maxCrapScore="4.12" minCrapScore="1" visitedClasses="1" numClasses="1" visitedMethods="5" numMethods="5" />
          <FullName>Tests.ContainerTests.ContainerTests</FullName>
          <Methods>
            <Method visited="true" cyclomaticComplexity="1" nPathComplexity="0" sequenceCoverage="100.0" branchCoverage="0" crapScore="1" isConstructor="false" isStatic="false" isGetter="false" isSetter="false">
              <Summary numSequencePoints="4" visitedSequencePoints="4" numBranchPoints="0" visitedBranchPoints="0" sequenceCoverage="100.0" branchCoverage="0" maxCyclomaticComplexity="1" minCyclomaticComplexity="1" maxCrapScore="1" minCrapScore="1" visitedClasses="0" numClasses="0" visitedMethods="1" numMethods="1" />
              <MetadataToken>100663331</MetadataToken>
              <Name>System.Void Tests.ContainerTests.ContainerTests::SetUp()</Name>
              <FileRef uid="4" />
              <SequencePoints>
                <SequencePoint vc="4" uspid="546" ordinal="0" offset="0" sl="22" sc="9" el="22" ec="9" bec="0" bev="0" fileid="4" />
                <SequencePoint vc="4" uspid="547" ordinal="0" offset="1" sl="23" sc="13" el="23" ec="13" bec="0" bev="0" fileid="4" />
                <SequencePoint vc="4" uspid="548" ordinal="0" offset="113" sl="27" sc="13" el="27" ec="13" bec="0" bev="0" fileid="4" />
                <SequencePoint vc="4" uspid="549" ordinal="0" offset="196" sl="30" sc="9" el="30" ec="9" bec="0" bev="0" fileid="4" />
              </SequencePoints>
              <BranchPoints />
            </Method>
            <Method visited="true" cyclomaticComplexity="3" nPathComplexity="0" sequenceCoverage="100.0" branchCoverage="0" crapScore="3" isConstructor="false" isStatic="false" isGetter="false" isSetter="false">
              <Summary numSequencePoints="4" visitedSequencePoints="4" numBranchPoints="0" visitedBranchPoints="0" sequenceCoverage="100.0" branchCoverage="0" maxCyclomaticComplexity="3" minCyclomaticComplexity="3" maxCrapScore="3" minCrapScore="3" visitedClasses="0" numClasses="0" visitedMethods="1" numMethods="1" />
              <MetadataToken>100663332</MetadataToken>
              <Name>System.Void Tests.ContainerTests.ContainerTests::BindOverloads_NullArgument_ThrowException()</Name>
              <FileRef uid="4" />
              <SequencePoints>
                <SequencePoint vc="1" uspid="550" ordinal="0" offset="0" sl="34" sc="9" el="34" ec="9" bec="0" bev="0" fileid="4" />
                <SequencePoint vc="1" uspid="551" ordinal="0" offset="1" sl="35" sc="13" el="35" ec="13" bec="0" bev="0" fileid="4" />
                <SequencePoint vc="1" uspid="552" ordinal="0" offset="48" sl="38" sc="13" el="38" ec="13" bec="0" bev="0" fileid="4" />
                <SequencePoint vc="1" uspid="553" ordinal="0" offset="95" sl="41" sc="9" el="41" ec="9" bec="0" bev="0" fileid="4" />
              </SequencePoints>
              <BranchPoints />
            </Method>
            <Method visited="true" cyclomaticComplexity="3" nPathComplexity="0" sequenceCoverage="50.00" branchCoverage="0" crapScore="4.12" isConstructor="false" isStatic="false" isGetter="false" isSetter="false">
              <Summary numSequencePoints="4" visitedSequencePoints="2" numBranchPoints="0" visitedBranchPoints="0" sequenceCoverage="50.00" branchCoverage="0" maxCyclomaticComplexity="3" minCyclomaticComplexity="3" maxCrapScore="4.12" minCrapScore="4.12" visitedClasses="0" numClasses="0" visitedMethods="1" numMethods="1" />
              <MetadataToken>100663333</MetadataToken>
              <Name>System.Void Tests.ContainerTests.ContainerTests::BindOverloads_NotNullArgument_DoesNotThrowException()</Name>
              <FileRef uid="4" />
              <SequencePoints>
                <SequencePoint vc="1" uspid="554" ordinal="0" offset="0" sl="45" sc="9" el="45" ec="9" bec="0" bev="0" fileid="4" />
                <SequencePoint vc="1" uspid="555" ordinal="0" offset="1" sl="46" sc="13" el="46" ec="13" bec="0" bev="0" fileid="4" />
                <SequencePoint vc="0" uspid="556" ordinal="0" offset="48" sl="50" sc="13" el="50" ec="13" bec="0" bev="0" fileid="4" />
                <SequencePoint vc="0" uspid="557" ordinal="0" offset="95" sl="53" sc="9" el="53" ec="9" bec="0" bev="0" fileid="4" />
              </SequencePoints>
              <BranchPoints />
            </Method>
            <Method visited="true" cyclomaticComplexity="1" nPathComplexity="0" sequenceCoverage="20.00" branchCoverage="0" crapScore="1.51" isConstructor="false" isStatic="false" isGetter="false" isSetter="false">
              <Summary numSequencePoints="10" visitedSequencePoints="2" numBranchPoints="0" visitedBranchPoints="0" sequenceCoverage="20.00" branchCoverage="0" maxCyclomaticComplexity="1" minCyclomaticComplexity="1" maxCrapScore="1.51" minCrapScore="1.51" visitedClasses="0" numClasses="0" visitedMethods="1" numMethods="1" />
              <MetadataToken>100663334</MetadataToken>
              <Name>System.Void Tests.ContainerTests.ContainerTests::BindOverloads_ExpectedReturnResults()</Name>
              <FileRef uid="4" />
              <SequencePoints>
                <SequencePoint vc="1" uspid="558" ordinal="0" offset="0" sl="57" sc="9" el="57" ec="9" bec="0" bev="0" fileid="4" />
                <SequencePoint vc="1" uspid="559" ordinal="0" offset="1" sl="58" sc="13" el="58" ec="13" bec="0" bev="0" fileid="4" />
                <SequencePoint vc="0" uspid="560" ordinal="0" offset="22" sl="59" sc="13" el="59" ec="13" bec="0" bev="0" fileid="4" />
                <SequencePoint vc="0" uspid="561" ordinal="0" offset="43" sl="60" sc="13" el="60" ec="13" bec="0" bev="0" fileid="4" />
                <SequencePoint vc="0" uspid="562" ordinal="0" offset="69" sl="61" sc="13" el="61" ec="13" bec="0" bev="0" fileid="4" />
                <SequencePoint vc="0" uspid="563" ordinal="0" offset="90" sl="63" sc="13" el="63" ec="13" bec="0" bev="0" fileid="4" />
                <SequencePoint vc="0" uspid="564" ordinal="0" offset="122" sl="64" sc="13" el="64" ec="13" bec="0" bev="0" fileid="4" />
                <SequencePoint vc="0" uspid="565" ordinal="0" offset="154" sl="65" sc="13" el="65" ec="13" bec="0" bev="0" fileid="4" />
                <SequencePoint vc="0" uspid="566" ordinal="0" offset="186" sl="66" sc="13" el="66" ec="13" bec="0" bev="0" fileid="4" />
                <SequencePoint vc="0" uspid="567" ordinal="0" offset="208" sl="67" sc="9" el="67" ec="9" bec="0" bev="0" fileid="4" />
              </SequencePoints>
              <BranchPoints />
            </Method>
            <Method visited="true" cyclomaticComplexity="1" nPathComplexity="0" sequenceCoverage="100.0" branchCoverage="0" crapScore="1" isConstructor="true" isStatic="true" isGetter="false" isSetter="false">
              <Summary numSequencePoints="4" visitedSequencePoints="4" numBranchPoints="0" visitedBranchPoints="0" sequenceCoverage="100.0" branchCoverage="0" maxCyclomaticComplexity="1" minCyclomaticComplexity="1" maxCrapScore="1" minCrapScore="1" visitedClasses="0" numClasses="0" visitedMethods="1" numMethods="1" />
              <MetadataToken>100663337</MetadataToken>
              <Name>static Tests.ContainerTests.ContainerTests::ContainerTests()</Name>
              <FileRef uid="4" />
              <SequencePoints>
                <SequencePoint vc="1" uspid="568" ordinal="0" offset="0" sl="15" sc="9" el="15" ec="9" bec="0" bev="0" fileid="4" />
                <SequencePoint vc="1" uspid="569" ordinal="0" offset="10" sl="16" sc="9" el="16" ec="9" bec="0" bev="0" fileid="4" />
                <SequencePoint vc="1" uspid="570" ordinal="0" offset="20" sl="17" sc="9" el="17" ec="9" bec="0" bev="0" fileid="4" />
                <SequencePoint vc="1" uspid="571" ordinal="0" offset="30" sl="18" sc="9" el="18" ec="9" bec="0" bev="0" fileid="4" />
              </SequencePoints>
              <BranchPoints />
            </Method>
          </Methods>
        </Class>
        <Class>
          <Summary numSequencePoints="3" visitedSequencePoints="3" numBranchPoints="0" visitedBranchPoints="0" sequenceCoverage="100.0" branchCoverage="0.0" maxCyclomaticComplexity="1" minCyclomaticComplexity="1" maxCrapScore="1" minCrapScore="1" visitedClasses="1" numClasses="1" visitedMethods="3" numMethods="3" />
          <FullName>Tests.ContainerTests.ContainerTests/&lt;&gt;c</FullName>
          <Methods>
            <Method visited="true" cyclomaticComplexity="1" nPathComplexity="0" sequenceCoverage="100.0" branchCoverage="0" crapScore="1" isConstructor="false" isStatic="false" isGetter="false" isSetter="false">
              <Summary numSequencePoints="1" visitedSequencePoints="1" numBranchPoints="0" visitedBranchPoints="0" sequenceCoverage="100.0" branchCoverage="0" maxCyclomaticComplexity="1" minCyclomaticComplexity="1" maxCrapScore="1" minCrapScore="1" visitedClasses="0" numClasses="0" visitedMethods="1" numMethods="1" />
              <MetadataToken>100663349</MetadataToken>
              <Name>System.Threading.Tasks.Task Tests.ContainerTests.ContainerTests/&lt;&gt;c::&lt;BindOverloads_NullArgument_ThrowException&gt;b__5_0()</Name>
              <FileRef uid="4" />
              <SequencePoints>
                <SequencePoint vc="1" uspid="578" ordinal="0" offset="0" sl="36" sc="23" el="36" ec="23" bec="0" bev="0" fileid="4" />
              </SequencePoints>
              <BranchPoints />
            </Method>
            <Method visited="true" cyclomaticComplexity="1" nPathComplexity="0" sequenceCoverage="100.0" branchCoverage="0" crapScore="1" isConstructor="false" isStatic="false" isGetter="false" isSetter="false">
              <Summary numSequencePoints="1" visitedSequencePoints="1" numBranchPoints="0" visitedBranchPoints="0" sequenceCoverage="100.0" branchCoverage="0" maxCyclomaticComplexity="1" minCyclomaticComplexity="1" maxCrapScore="1" minCrapScore="1" visitedClasses="0" numClasses="0" visitedMethods="1" numMethods="1" />
              <MetadataToken>100663350</MetadataToken>
              <Name>System.Threading.Tasks.Task Tests.ContainerTests.ContainerTests/&lt;&gt;c::&lt;BindOverloads_NullArgument_ThrowException&gt;b__5_1()</Name>
              <FileRef uid="4" />
              <SequencePoints>
                <SequencePoint vc="1" uspid="579" ordinal="0" offset="0" sl="39" sc="23" el="39" ec="23" bec="0" bev="0" fileid="4" />
              </SequencePoints>
              <BranchPoints />
            </Method>
            <Method visited="true" cyclomaticComplexity="1" nPathComplexity="0" sequenceCoverage="100.0" branchCoverage="0" crapScore="1" isConstructor="false" isStatic="false" isGetter="false" isSetter="false">
              <Summary numSequencePoints="1" visitedSequencePoints="1" numBranchPoints="0" visitedBranchPoints="0" sequenceCoverage="100.0" branchCoverage="0" maxCyclomaticComplexity="1" minCyclomaticComplexity="1" maxCrapScore="1" minCrapScore="1" visitedClasses="0" numClasses="0" visitedMethods="1" numMethods="1" />
              <MetadataToken>100663351</MetadataToken>
              <Name>System.Threading.Tasks.Task Tests.ContainerTests.ContainerTests/&lt;&gt;c::&lt;BindOverloads_NotNullArgument_DoesNotThrowException&gt;b__6_0()</Name>
              <FileRef uid="4" />
              <SequencePoints>
                <SequencePoint vc="1" uspid="580" ordinal="0" offset="0" sl="47" sc="23" el="47" ec="23" bec="0" bev="0" fileid="4" />
              </SequencePoints>
              <BranchPoints />
            </Method>
          </Methods>
        </Class>
        <Class>
          <Summary numSequencePoints="7" visitedSequencePoints="2" numBranchPoints="0" visitedBranchPoints="0" sequenceCoverage="28.57" branchCoverage="0.0" maxCyclomaticComplexity="3" minCyclomaticComplexity="3" maxCrapScore="6.28" minCrapScore="6.28" visitedClasses="1" numClasses="1" visitedMethods="1" numMethods="1" />
          <FullName>Tests.ContainerTests.ContainerTests/&lt;GetService_ExpectedReturnResults&gt;d__8</FullName>
          <Methods>
            <Method visited="true" cyclomaticComplexity="3" nPathComplexity="0" sequenceCoverage="28.57" branchCoverage="0" crapScore="6.28" isConstructor="false" isStatic="false" isGetter="false" isSetter="false">
              <Summary numSequencePoints="7" visitedSequencePoints="2" numBranchPoints="0" visitedBranchPoints="0" sequenceCoverage="28.57" branchCoverage="0" maxCyclomaticComplexity="3" minCyclomaticComplexity="3" maxCrapScore="6.28" minCrapScore="6.28" visitedClasses="0" numClasses="0" visitedMethods="1" numMethods="1" />
              <MetadataToken>100663354</MetadataToken>
              <Name>System.Void Tests.ContainerTests.ContainerTests/&lt;GetService_ExpectedReturnResults&gt;d__8::MoveNext()</Name>
              <FileRef uid="4" />
              <SequencePoints>
                <SequencePoint vc="1" uspid="582" ordinal="0" offset="14" sl="71" sc="9" el="71" ec="9" bec="0" bev="0" fileid="4" />
                <SequencePoint vc="1" uspid="583" ordinal="0" offset="15" sl="73" sc="13" el="73" ec="13" bec="0" bev="0" fileid="4" />
                <SequencePoint vc="0" uspid="584" ordinal="0" offset="49" sl="73" sc="13" el="73" ec="13" bec="0" bev="0" fileid="4" />
                <SequencePoint vc="0" uspid="585" ordinal="0" offset="79" sl="73" sc="13" el="73" ec="13" bec="0" bev="0" fileid="4" />
                <SequencePoint vc="0" uspid="586" ordinal="0" offset="115" sl="76" sc="13" el="76" ec="13" bec="0" bev="0" fileid="4" />
                <SequencePoint vc="0" uspid="587" ordinal="0" offset="136" sl="79" sc="13" el="79" ec="13" bec="0" bev="0" fileid="4" />
                <SequencePoint vc="0" uspid="588" ordinal="0" offset="201" sl="80" sc="9" el="80" ec="9" bec="0" bev="0" fileid="4" />
              </SequencePoints>
              <BranchPoints />
            </Method>
          </Methods>
        </Class>
      </Classes>
    </Module>
    <Module>
      <Summary numSequencePoints="106" visitedSequencePoints="27" numBranchPoints="0" visitedBranchPoints="0" sequenceCoverage="25.47" branchCoverage="0.0" maxCyclomaticComplexity="7" minCyclomaticComplexity="1" maxCrapScore="30" minCrapScore="1" visitedClasses="6" numClasses="15" visitedMethods="8" numMethods="21" />
      <ModuleTime>0001-01-01T00:00:00</ModuleTime>
      <ModuleName>ECSGame</ModuleName>
      <Files>
        <File uid="5" fullPath="E:/_UnityProjects/ECSGame/ECSGame/Assets/Sources/Scripts/Utils/DebugConfig.cs" />
        <File uid="6" fullPath="E:/_UnityProjects/ECSGame/ECSGame/Assets/Sources/Scripts/Utils/Helper.cs" />
        <File uid="7" fullPath="E:/_UnityProjects/ECSGame/ECSGame/Assets/Sources/Scripts/Utils/JLog.cs" />
        <File uid="8" fullPath="E:/_UnityProjects/ECSGame/ECSGame/Assets/Sources/Scripts/Utils/ReflectionUtils.cs" />
        <File uid="9" fullPath="E:/_UnityProjects/ECSGame/ECSGame/Assets/Sources/Scripts/TestViews/ModernView.cs" />
        <File uid="10" fullPath="E:/_UnityProjects/ECSGame/ECSGame/Assets/Sources/Scripts/TestViews/OldStyleView.cs" />
        <File uid="11" fullPath="E:/_UnityProjects/ECSGame/ECSGame/Assets/Sources/Scripts/TestDB/CloudDB.cs" />
        <File uid="12" fullPath="E:/_UnityProjects/ECSGame/ECSGame/Assets/Sources/Scripts/TestDB/DBController.cs" />
        <File uid="13" fullPath="E:/_UnityProjects/ECSGame/ECSGame/Assets/Sources/Scripts/TestDB/LocalDB.cs" />
        <File uid="14" fullPath="E:/_UnityProjects/ECSGame/ECSGame/Assets/Sources/Scripts/TestDB/PrefsDB.cs" />
        <File uid="15" fullPath="E:/_UnityProjects/ECSGame/ECSGame/Assets/Sources/Scripts/TestConfig/LocalService.cs" />
        <File uid="16" fullPath="E:/_UnityProjects/ECSGame/ECSGame/Assets/Sources/Scripts/TestConfig/NetServiceConfig.cs" />
        <File uid="17" fullPath="E:/_UnityProjects/ECSGame/ECSGame/Assets/Sources/Scripts/TestConfig/TestBinds.cs" />
        <File uid="18" fullPath="E:/_UnityProjects/ECSGame/ECSGame/Assets/Sources/Scripts/Systems/MoveSystem.cs" />
        <File uid="19" fullPath="E:/_UnityProjects/ECSGame/ECSGame/Assets/Sources/Scripts/Factory/CloudServiceFactory.cs" />
        <File uid="20" fullPath="E:/_UnityProjects/ECSGame/ECSGame/Assets/Sources/Scripts/Factory/ServiceFactoryManager.cs" />
        <File uid="21" fullPath="E:/_UnityProjects/ECSGame/ECSGame/Assets/Sources/Scripts/DI/AppContext.cs" />
        <File uid="22" fullPath="E:/_UnityProjects/ECSGame/ECSGame/Assets/Sources/Scripts/DI/ContainerBinder.cs" />
        <File uid="23" fullPath="E:/_UnityProjects/ECSGame/ECSGame/Assets/Sources/Scripts/DI/ContainerCache.cs" />
        <File uid="24" fullPath="E:/_UnityProjects/ECSGame/ECSGame/Assets/Sources/Scripts/DI/MyContainer.cs" />
        <File uid="25" fullPath="E:/_UnityProjects/ECSGame/ECSGame/Assets/Sources/Scripts/DataBase/DataBaseManager.cs" />
        <File uid="26" fullPath="E:/_UnityProjects/ECSGame/ECSGame/Assets/Sources/Scripts/Core/Loading/AppStart.cs" />
        <File uid="27" fullPath="E:/_UnityProjects/ECSGame/ECSGame/Assets/Sources/Scripts/Core/Config/ConfigurationManager.cs" />
        <File uid="28" fullPath="E:/_UnityProjects/ECSGame/ECSGame/Assets/Sources/Scripts/TestConfig/IBindsConfiguration.cs" />
        <File uid="29" fullPath="E:/_UnityProjects/ECSGame/ECSGame/Assets/Sources/Scripts/Factory/StandardServiceFactory.cs" />
        <File uid="30" fullPath="E:/_UnityProjects/ECSGame/ECSGame/Assets/Sources/Scripts/DI/ContainerInjector.cs" />
      </Files>
      <Classes>
        <Class>
          <Summary numSequencePoints="21" visitedSequencePoints="0" numBranchPoints="0" visitedBranchPoints="0" sequenceCoverage="0.0" branchCoverage="0.0" maxCyclomaticComplexity="5" minCyclomaticComplexity="5" maxCrapScore="30" minCrapScore="30" visitedClasses="0" numClasses="1" visitedMethods="0" numMethods="1" />
          <FullName>Sources.Scripts.Utils.ReflectionUtils</FullName>
          <Methods>
            <Method visited="false" cyclomaticComplexity="5" nPathComplexity="0" sequenceCoverage="0.0" branchCoverage="0" crapScore="30" isConstructor="false" isStatic="false" isGetter="false" isSetter="false">
              <Summary numSequencePoints="21" visitedSequencePoints="0" numBranchPoints="0" visitedBranchPoints="0" sequenceCoverage="0.0" branchCoverage="0" maxCyclomaticComplexity="5" minCyclomaticComplexity="5" maxCrapScore="30" minCrapScore="30" visitedClasses="0" numClasses="0" visitedMethods="0" numMethods="1" />
              <MetadataToken>100663311</MetadataToken>
              <Name>Sources.Scripts.Utils.ReflectionUtils Sources.Scripts.Utils.ReflectionUtils::HandInject[T](T, System.Object)</Name>
              <FileRef uid="8" />
              <SequencePoints>
                <SequencePoint vc="0" uspid="623" ordinal="0" offset="0" sl="76" sc="0" el="76" ec="0" bec="0" bev="0" fileid="8" />
                <SequencePoint vc="0" uspid="624" ordinal="0" offset="1" sl="81" sc="0" el="81" ec="0" bec="0" bev="0" fileid="8" />
                <SequencePoint vc="0" uspid="625" ordinal="0" offset="13" sl="83" sc="0" el="83" ec="0" bec="0" bev="0" fileid="8" />
                <SequencePoint vc="0" uspid="626" ordinal="0" offset="31" sl="85" sc="0" el="85" ec="0" bec="0" bev="0" fileid="8" />
                <SequencePoint vc="0" uspid="627" ordinal="0" offset="32" sl="85" sc="0" el="85" ec="0" bec="0" bev="0" fileid="8" />
                <SequencePoint vc="0" uspid="628" ordinal="0" offset="41" sl="85" sc="0" el="85" ec="0" bec="0" bev="0" fileid="8" />
                <SequencePoint vc="0" uspid="629" ordinal="0" offset="45" sl="86" sc="0" el="86" ec="0" bec="0" bev="0" fileid="8" />
                <SequencePoint vc="0" uspid="630" ordinal="0" offset="46" sl="87" sc="0" el="87" ec="0" bec="0" bev="0" fileid="8" />
                <SequencePoint vc="0" uspid="631" ordinal="0" offset="71" sl="87" sc="0" el="87" ec="0" bec="0" bev="0" fileid="8" />
                <SequencePoint vc="0" uspid="632" ordinal="0" offset="76" sl="89" sc="0" el="89" ec="0" bec="0" bev="0" fileid="8" />
                <SequencePoint vc="0" uspid="633" ordinal="0" offset="95" sl="90" sc="0" el="90" ec="0" bec="0" bev="0" fileid="8" />
                <SequencePoint vc="0" uspid="634" ordinal="0" offset="119" sl="92" sc="0" el="92" ec="0" bec="0" bev="0" fileid="8" />
                <SequencePoint vc="0" uspid="635" ordinal="0" offset="137" sl="92" sc="0" el="92" ec="0" bec="0" bev="0" fileid="8" />
                <SequencePoint vc="0" uspid="636" ordinal="0" offset="139" sl="95" sc="0" el="95" ec="0" bec="0" bev="0" fileid="8" />
                <SequencePoint vc="0" uspid="637" ordinal="0" offset="152" sl="97" sc="0" el="97" ec="0" bec="0" bev="0" fileid="8" />
                <SequencePoint vc="0" uspid="638" ordinal="0" offset="166" sl="98" sc="0" el="98" ec="0" bec="0" bev="0" fileid="8" />
                <SequencePoint vc="0" uspid="639" ordinal="0" offset="189" sl="100" sc="0" el="100" ec="0" bec="0" bev="0" fileid="8" />
                <SequencePoint vc="0" uspid="640" ordinal="0" offset="223" sl="101" sc="0" el="101" ec="0" bec="0" bev="0" fileid="8" />
                <SequencePoint vc="0" uspid="641" ordinal="0" offset="228" sl="85" sc="0" el="85" ec="0" bec="0" bev="0" fileid="8" />
                <SequencePoint vc="0" uspid="642" ordinal="0" offset="237" sl="103" sc="0" el="103" ec="0" bec="0" bev="0" fileid="8" />
                <SequencePoint vc="0" uspid="643" ordinal="0" offset="242" sl="104" sc="0" el="104" ec="0" bec="0" bev="0" fileid="8" />
              </SequencePoints>
              <BranchPoints />
            </Method>
          </Methods>
        </Class>
        <Class>
          <Summary numSequencePoints="2" visitedSequencePoints="0" numBranchPoints="0" visitedBranchPoints="0" sequenceCoverage="0.0" branchCoverage="0.0" maxCyclomaticComplexity="1" minCyclomaticComplexity="1" maxCrapScore="2" minCrapScore="2" visitedClasses="0" numClasses="1" visitedMethods="0" numMethods="1" />
          <FullName>Sources.Scripts.Factory.CloudServiceFactory</FullName>
          <Methods>
            <Method visited="false" cyclomaticComplexity="1" nPathComplexity="0" sequenceCoverage="0.0" branchCoverage="0" crapScore="2" isConstructor="false" isStatic="false" isGetter="false" isSetter="false">
              <Summary numSequencePoints="2" visitedSequencePoints="0" numBranchPoints="0" visitedBranchPoints="0" sequenceCoverage="0.0" branchCoverage="0" maxCyclomaticComplexity="1" minCyclomaticComplexity="1" maxCrapScore="2" minCrapScore="2" visitedClasses="0" numClasses="0" visitedMethods="0" numMethods="1" />
              <MetadataToken>100663341</MetadataToken>
              <Name>System.Threading.Tasks.Task[T] Sources.Scripts.Factory.CloudServiceFactory::CreateServiceAsync[T]()</Name>
              <FileRef uid="19" />
              <SequencePoints>
                <SequencePoint vc="0" uspid="691" ordinal="0" offset="0" sl="15" sc="0" el="15" ec="0" bec="0" bev="0" fileid="19" />
                <SequencePoint vc="0" uspid="692" ordinal="0" offset="1" sl="16" sc="0" el="16" ec="0" bec="0" bev="0" fileid="19" />
              </SequencePoints>
              <BranchPoints />
            </Method>
          </Methods>
        </Class>
        <Class>
          <Summary numSequencePoints="8" visitedSequencePoints="0" numBranchPoints="0" visitedBranchPoints="0" sequenceCoverage="0.0" branchCoverage="0.0" maxCyclomaticComplexity="2" minCyclomaticComplexity="1" maxCrapScore="6" minCrapScore="2" visitedClasses="0" numClasses="1" visitedMethods="0" numMethods="3" />
          <FullName>Sources.Scripts.DI.ContainerBinder</FullName>
          <Methods>
            <Method visited="false" cyclomaticComplexity="1" nPathComplexity="0" sequenceCoverage="0.0" branchCoverage="0" crapScore="2" isConstructor="false" isStatic="false" isGetter="false" isSetter="false">
              <Summary numSequencePoints="1" visitedSequencePoints="0" numBranchPoints="0" visitedBranchPoints="0" sequenceCoverage="0.0" branchCoverage="0" maxCyclomaticComplexity="1" minCyclomaticComplexity="1" maxCrapScore="2" minCrapScore="2" visitedClasses="0" numClasses="0" visitedMethods="0" numMethods="1" />
              <MetadataToken>100663364</MetadataToken>
              <Name>System.Void Sources.Scripts.DI.ContainerBinder::Bind[T]()</Name>
              <FileRef uid="22" />
              <SequencePoints>
                <SequencePoint vc="0" uspid="730" ordinal="0" offset="0" sl="37" sc="0" el="37" ec="0" bec="0" bev="0" fileid="22" />
              </SequencePoints>
              <BranchPoints />
            </Method>
            <Method visited="false" cyclomaticComplexity="1" nPathComplexity="0" sequenceCoverage="0.0" branchCoverage="0" crapScore="2" isConstructor="false" isStatic="false" isGetter="false" isSetter="false">
              <Summary numSequencePoints="1" visitedSequencePoints="0" numBranchPoints="0" visitedBranchPoints="0" sequenceCoverage="0.0" branchCoverage="0" maxCyclomaticComplexity="1" minCyclomaticComplexity="1" maxCrapScore="2" minCrapScore="2" visitedClasses="0" numClasses="0" visitedMethods="0" numMethods="1" />
              <MetadataToken>100663365</MetadataToken>
              <Name>System.Void Sources.Scripts.DI.ContainerBinder::Bind[TBase, TImpl]()</Name>
              <FileRef uid="22" />
              <SequencePoints>
                <SequencePoint vc="0" uspid="731" ordinal="0" offset="0" sl="40" sc="0" el="40" ec="0" bec="0" bev="0" fileid="22" />
              </SequencePoints>
              <BranchPoints />
            </Method>
            <Method visited="false" cyclomaticComplexity="2" nPathComplexity="0" sequenceCoverage="0.0" branchCoverage="0" crapScore="6" isConstructor="false" isStatic="false" isGetter="false" isSetter="false">
              <Summary numSequencePoints="6" visitedSequencePoints="0" numBranchPoints="0" visitedBranchPoints="0" sequenceCoverage="0.0" branchCoverage="0" maxCyclomaticComplexity="2" minCyclomaticComplexity="2" maxCrapScore="6" minCrapScore="6" visitedClasses="0" numClasses="0" visitedMethods="0" numMethods="1" />
              <MetadataToken>100663367</MetadataToken>
              <Name>System.Void Sources.Scripts.DI.ContainerBinder::Bind[T](System.Type)</Name>
              <FileRef uid="22" />
              <SequencePoints>
                <SequencePoint vc="0" uspid="745" ordinal="0" offset="0" sl="54" sc="0" el="54" ec="0" bec="0" bev="0" fileid="22" />
                <SequencePoint vc="0" uspid="746" ordinal="0" offset="1" sl="55" sc="0" el="55" ec="0" bec="0" bev="0" fileid="22" />
                <SequencePoint vc="0" uspid="747" ordinal="0" offset="12" sl="55" sc="0" el="55" ec="0" bec="0" bev="0" fileid="22" />
                <SequencePoint vc="0" uspid="748" ordinal="0" offset="18" sl="56" sc="0" el="56" ec="0" bec="0" bev="0" fileid="22" />
                <SequencePoint vc="0" uspid="749" ordinal="0" offset="45" sl="57" sc="0" el="57" ec="0" bec="0" bev="0" fileid="22" />
                <SequencePoint vc="0" uspid="750" ordinal="0" offset="62" sl="58" sc="0" el="58" ec="0" bec="0" bev="0" fileid="22" />
              </SequencePoints>
              <BranchPoints />
            </Method>
          </Methods>
        </Class>
        <Class>
          <Summary numSequencePoints="9" visitedSequencePoints="7" numBranchPoints="0" visitedBranchPoints="0" sequenceCoverage="77.78" branchCoverage="0.0" maxCyclomaticComplexity="3" minCyclomaticComplexity="1" maxCrapScore="3" minCrapScore="1" visitedClasses="1" numClasses="1" visitedMethods="3" numMethods="5" />
          <FullName>Sources.Scripts.DI.ContainerCache</FullName>
          <Methods>
            <Method visited="true" cyclomaticComplexity="3" nPathComplexity="0" sequenceCoverage="100.0" branchCoverage="0" crapScore="3" isConstructor="false" isStatic="true" isGetter="false" isSetter="false">
              <Summary numSequencePoints="5" visitedSequencePoints="5" numBranchPoints="0" visitedBranchPoints="0" sequenceCoverage="100.0" branchCoverage="0" maxCyclomaticComplexity="3" minCyclomaticComplexity="3" maxCrapScore="3" minCrapScore="3" visitedClasses="0" numClasses="0" visitedMethods="1" numMethods="1" />
              <MetadataToken>100663373</MetadataToken>
              <Name>static System.Void Sources.Scripts.DI.ContainerCache::AddToCache(System.Type, System.Object&amp;)</Name>
              <FileRef uid="23" />
              <SequencePoints>
                <SequencePoint vc="7" uspid="763" ordinal="0" offset="0" sl="36" sc="9" el="36" ec="9" bec="0" bev="0" fileid="23" />
                <SequencePoint vc="7" uspid="764" ordinal="0" offset="1" sl="37" sc="13" el="37" ec="13" bec="0" bev="0" fileid="23" />
                <SequencePoint vc="4" uspid="765" ordinal="0" offset="22" sl="37" sc="51" el="37" ec="51" bec="0" bev="0" fileid="23" />
                <SequencePoint vc="3" uspid="766" ordinal="0" offset="28" sl="39" sc="13" el="39" ec="13" bec="0" bev="0" fileid="23" />
                <SequencePoint vc="3" uspid="767" ordinal="0" offset="42" sl="40" sc="9" el="40" ec="9" bec="0" bev="0" fileid="23" />
              </SequencePoints>
              <BranchPoints />
            </Method>
            <Method visited="false" cyclomaticComplexity="1" nPathComplexity="0" sequenceCoverage="0.0" branchCoverage="0" crapScore="2" isConstructor="false" isStatic="false" isGetter="false" isSetter="false">
              <Summary numSequencePoints="1" visitedSequencePoints="0" numBranchPoints="0" visitedBranchPoints="0" sequenceCoverage="0.0" branchCoverage="0" maxCyclomaticComplexity="1" minCyclomaticComplexity="1" maxCrapScore="2" minCrapScore="2" visitedClasses="0" numClasses="0" visitedMethods="0" numMethods="1" />
              <MetadataToken>100663374</MetadataToken>
              <Name>System.Void Sources.Scripts.DI.ContainerCache::Add[T]()</Name>
              <FileRef uid="23" />
              <SequencePoints>
                <SequencePoint vc="0" uspid="768" ordinal="0" offset="0" sl="42" sc="0" el="42" ec="0" bec="0" bev="0" fileid="23" />
              </SequencePoints>
              <BranchPoints />
            </Method>
            <Method visited="false" cyclomaticComplexity="1" nPathComplexity="0" sequenceCoverage="0.0" branchCoverage="0" crapScore="2" isConstructor="false" isStatic="false" isGetter="false" isSetter="false">
              <Summary numSequencePoints="1" visitedSequencePoints="0" numBranchPoints="0" visitedBranchPoints="0" sequenceCoverage="0.0" branchCoverage="0" maxCyclomaticComplexity="1" minCyclomaticComplexity="1" maxCrapScore="2" minCrapScore="2" visitedClasses="0" numClasses="0" visitedMethods="0" numMethods="1" />
              <MetadataToken>100663375</MetadataToken>
              <Name>System.Void Sources.Scripts.DI.ContainerCache::Add[TBase, TImpl]()</Name>
              <FileRef uid="23" />
              <SequencePoints>
                <SequencePoint vc="0" uspid="769" ordinal="0" offset="0" sl="45" sc="0" el="45" ec="0" bec="0" bev="0" fileid="23" />
              </SequencePoints>
              <BranchPoints />
            </Method>
            <Method visited="true" cyclomaticComplexity="1" nPathComplexity="0" sequenceCoverage="100.0" branchCoverage="0" crapScore="1" isConstructor="false" isStatic="false" isGetter="false" isSetter="false">
              <Summary numSequencePoints="1" visitedSequencePoints="1" numBranchPoints="0" visitedBranchPoints="0" sequenceCoverage="100.0" branchCoverage="0" maxCyclomaticComplexity="1" minCyclomaticComplexity="1" maxCrapScore="1" minCrapScore="1" visitedClasses="0" numClasses="0" visitedMethods="1" numMethods="1" />
              <MetadataToken>100663376</MetadataToken>
              <Name>System.Void Sources.Scripts.DI.ContainerCache::Add[T](System.Object&amp;)</Name>
              <FileRef uid="23" />
              <SequencePoints>
                <SequencePoint vc="2" uspid="770" ordinal="0" offset="0" sl="47" sc="0" el="47" ec="0" bec="0" bev="0" fileid="23" />
              </SequencePoints>
              <BranchPoints />
            </Method>
            <Method visited="true" cyclomaticComplexity="1" nPathComplexity="0" sequenceCoverage="100.0" branchCoverage="0" crapScore="1" isConstructor="false" isStatic="false" isGetter="false" isSetter="false">
              <Summary numSequencePoints="1" visitedSequencePoints="1" numBranchPoints="0" visitedBranchPoints="0" sequenceCoverage="100.0" branchCoverage="0" maxCyclomaticComplexity="1" minCyclomaticComplexity="1" maxCrapScore="1" minCrapScore="1" visitedClasses="0" numClasses="0" visitedMethods="1" numMethods="1" />
              <MetadataToken>100663377</MetadataToken>
              <Name>System.Void Sources.Scripts.DI.ContainerCache::Add(System.Type, System.Object&amp;)</Name>
              <FileRef uid="23" />
              <SequencePoints>
                <SequencePoint vc="5" uspid="771" ordinal="0" offset="0" sl="48" sc="59" el="48" ec="59" bec="0" bev="0" fileid="23" />
              </SequencePoints>
              <BranchPoints />
            </Method>
          </Methods>
        </Class>
        <Class>
          <Summary numSequencePoints="7" visitedSequencePoints="5" numBranchPoints="0" visitedBranchPoints="0" sequenceCoverage="71.43" branchCoverage="0.0" maxCyclomaticComplexity="4" minCyclomaticComplexity="4" maxCrapScore="4.37" minCrapScore="4.37" visitedClasses="1" numClasses="1" visitedMethods="1" numMethods="1" />
          <FullName>Sources.Scripts.Factory.StandardServiceFactory/&lt;CreateServiceAsync&gt;d__0</FullName>
          <Methods>
            <Method visited="true" cyclomaticComplexity="4" nPathComplexity="0" sequenceCoverage="71.43" branchCoverage="0" crapScore="4.37" isConstructor="false" isStatic="false" isGetter="false" isSetter="false">
              <Summary numSequencePoints="7" visitedSequencePoints="5" numBranchPoints="0" visitedBranchPoints="0" sequenceCoverage="71.43" branchCoverage="0" maxCyclomaticComplexity="4" minCyclomaticComplexity="4" maxCrapScore="4.37" minCrapScore="4.37" visitedClasses="0" numClasses="0" visitedMethods="1" numMethods="1" />
              <MetadataToken>100663436</MetadataToken>
              <Name>System.Void Sources.Scripts.Factory.StandardServiceFactory/&lt;CreateServiceAsync&gt;d__0::MoveNext()</Name>
              <FileRef uid="29" />
              <SequencePoints>
                <SequencePoint vc="2" uspid="859" ordinal="0" offset="14" sl="9" sc="9" el="9" ec="9" bec="0" bev="0" fileid="29" />
                <SequencePoint vc="2" uspid="860" ordinal="0" offset="15" sl="10" sc="13" el="10" ec="13" bec="0" bev="0" fileid="29" />
                <SequencePoint vc="1" uspid="861" ordinal="0" offset="31" sl="10" sc="31" el="10" ec="31" bec="0" bev="0" fileid="29" />
                <SequencePoint vc="1" uspid="862" ordinal="0" offset="37" sl="12" sc="13" el="12" ec="13" bec="0" bev="0" fileid="29" />
                <SequencePoint vc="0" uspid="863" ordinal="0" offset="77" sl="12" sc="13" el="12" ec="13" bec="0" bev="0" fileid="29" />
                <SequencePoint vc="0" uspid="864" ordinal="0" offset="105" sl="12" sc="13" el="12" ec="13" bec="0" bev="0" fileid="29" />
                <SequencePoint vc="1" uspid="865" ordinal="0" offset="181" sl="13" sc="9" el="13" ec="9" bec="0" bev="0" fileid="29" />
              </SequencePoints>
              <BranchPoints />
            </Method>
          </Methods>
        </Class>
        <Class>
          <Summary numSequencePoints="3" visitedSequencePoints="0" numBranchPoints="0" visitedBranchPoints="0" sequenceCoverage="0.0" branchCoverage="0.0" maxCyclomaticComplexity="3" minCyclomaticComplexity="3" maxCrapScore="12" minCrapScore="12" visitedClasses="0" numClasses="1" visitedMethods="0" numMethods="1" />
          <FullName>Sources.Scripts.Factory.StandardServiceFactory&lt;CreateServiceAsync&gt;d__1[T]</FullName>
          <Methods>
            <Method visited="false" cyclomaticComplexity="3" nPathComplexity="0" sequenceCoverage="0.0" branchCoverage="0" crapScore="12" isConstructor="false" isStatic="false" isGetter="false" isSetter="false">
              <Summary numSequencePoints="3" visitedSequencePoints="0" numBranchPoints="0" visitedBranchPoints="0" sequenceCoverage="0.0" branchCoverage="0" maxCyclomaticComplexity="3" minCyclomaticComplexity="3" maxCrapScore="12" minCrapScore="12" visitedClasses="0" numClasses="0" visitedMethods="0" numMethods="1" />
              <MetadataToken>100663439</MetadataToken>
              <Name>System.Void Sources.Scripts.Factory.StandardServiceFactory&lt;CreateServiceAsync&gt;d__1[T]::MoveNext()</Name>
              <FileRef uid="29" />
              <SequencePoints>
                <SequencePoint vc="0" uspid="866" ordinal="0" offset="14" sl="16" sc="0" el="16" ec="0" bec="0" bev="0" fileid="29" />
                <SequencePoint vc="0" uspid="867" ordinal="0" offset="15" sl="17" sc="0" el="17" ec="0" bec="0" bev="0" fileid="29" />
                <SequencePoint vc="0" uspid="868" ordinal="0" offset="152" sl="18" sc="0" el="18" ec="0" bec="0" bev="0" fileid="29" />
              </SequencePoints>
              <BranchPoints />
            </Method>
          </Methods>
        </Class>
        <Class>
          <Summary numSequencePoints="16" visitedSequencePoints="6" numBranchPoints="0" visitedBranchPoints="0" sequenceCoverage="37.50" branchCoverage="0.0" maxCyclomaticComplexity="7" minCyclomaticComplexity="7" maxCrapScore="18.96" minCrapScore="18.96" visitedClasses="1" numClasses="1" visitedMethods="1" numMethods="1" />
          <FullName>Sources.Scripts.DI.ContainerCache/&lt;Add&gt;d__10</FullName>
          <Methods>
            <Method visited="true" cyclomaticComplexity="7" nPathComplexity="0" sequenceCoverage="37.50" branchCoverage="0" crapScore="18.96" isConstructor="false" isStatic="false" isGetter="false" isSetter="false">
              <Summary numSequencePoints="16" visitedSequencePoints="6" numBranchPoints="0" visitedBranchPoints="0" sequenceCoverage="37.50" branchCoverage="0" maxCyclomaticComplexity="7" minCyclomaticComplexity="7" maxCrapScore="18.96" minCrapScore="18.96" visitedClasses="0" numClasses="0" visitedMethods="1" numMethods="1" />
              <MetadataToken>100663448</MetadataToken>
              <Name>System.Void Sources.Scripts.DI.ContainerCache/&lt;Add&gt;d__10::MoveNext()</Name>
              <FileRef uid="23" />
              <SequencePoints>
                <SequencePoint vc="2" uspid="898" ordinal="0" offset="17" sl="51" sc="9" el="51" ec="9" bec="0" bev="0" fileid="23" />
                <SequencePoint vc="2" uspid="899" ordinal="0" offset="18" sl="52" sc="13" el="52" ec="13" bec="0" bev="0" fileid="23" />
                <SequencePoint vc="1" uspid="900" ordinal="0" offset="31" sl="52" sc="37" el="52" ec="37" bec="0" bev="0" fileid="23" />
                <SequencePoint vc="1" uspid="901" ordinal="0" offset="37" sl="53" sc="13" el="53" ec="13" bec="0" bev="0" fileid="23" />
                <SequencePoint vc="1" uspid="902" ordinal="0" offset="55" sl="53" sc="40" el="53" ec="40" bec="0" bev="0" fileid="23" />
                <SequencePoint vc="0" uspid="903" ordinal="0" offset="60" sl="55" sc="13" el="55" ec="13" bec="0" bev="0" fileid="23" />
                <SequencePoint vc="0" uspid="904" ordinal="0" offset="61" sl="55" sc="34" el="55" ec="34" bec="0" bev="0" fileid="23" />
                <SequencePoint vc="0" uspid="905" ordinal="0" offset="80" sl="55" sc="22" el="55" ec="22" bec="0" bev="0" fileid="23" />
                <SequencePoint vc="0" uspid="906" ordinal="0" offset="97" sl="56" sc="13" el="56" ec="13" bec="0" bev="0" fileid="23" />
                <SequencePoint vc="0" uspid="907" ordinal="0" offset="98" sl="57" sc="17" el="57" ec="17" bec="0" bev="0" fileid="23" />
                <SequencePoint vc="0" uspid="908" ordinal="0" offset="132" sl="58" sc="13" el="58" ec="13" bec="0" bev="0" fileid="23" />
                <SequencePoint vc="0" uspid="909" ordinal="0" offset="145" sl="55" sc="31" el="55" ec="31" bec="0" bev="0" fileid="23" />
                <SequencePoint vc="0" uspid="910" ordinal="0" offset="195" sl="60" sc="13" el="60" ec="13" bec="0" bev="0" fileid="23" />
                <SequencePoint vc="0" uspid="911" ordinal="0" offset="224" sl="60" sc="13" el="60" ec="13" bec="0" bev="0" fileid="23" />
                <SequencePoint vc="0" uspid="912" ordinal="0" offset="252" sl="60" sc="13" el="60" ec="13" bec="0" bev="0" fileid="23" />
                <SequencePoint vc="1" uspid="913" ordinal="0" offset="316" sl="61" sc="9" el="61" ec="9" bec="0" bev="0" fileid="23" />
              </SequencePoints>
              <BranchPoints />
            </Method>
          </Methods>
        </Class>
        <Class>
          <Summary numSequencePoints="1" visitedSequencePoints="0" numBranchPoints="0" visitedBranchPoints="0" sequenceCoverage="0.0" branchCoverage="0.0" maxCyclomaticComplexity="3" minCyclomaticComplexity="3" maxCrapScore="12" minCrapScore="12" visitedClasses="0" numClasses="1" visitedMethods="0" numMethods="1" />
          <FullName>Sources.Scripts.DI.ContainerCache&lt;Get&gt;d__11[T]</FullName>
          <Methods>
            <Method visited="false" cyclomaticComplexity="3" nPathComplexity="0" sequenceCoverage="0.0" branchCoverage="0" crapScore="12" isConstructor="false" isStatic="false" isGetter="false" isSetter="false">
              <Summary numSequencePoints="1" visitedSequencePoints="0" numBranchPoints="0" visitedBranchPoints="0" sequenceCoverage="0.0" branchCoverage="0" maxCyclomaticComplexity="3" minCyclomaticComplexity="3" maxCrapScore="12" minCrapScore="12" visitedClasses="0" numClasses="0" visitedMethods="0" numMethods="1" />
              <MetadataToken>100663451</MetadataToken>
              <Name>System.Void Sources.Scripts.DI.ContainerCache&lt;Get&gt;d__11[T]::MoveNext()</Name>
              <FileRef uid="23" />
              <SequencePoints>
                <SequencePoint vc="0" uspid="914" ordinal="0" offset="14" sl="63" sc="0" el="63" ec="0" bec="0" bev="0" fileid="23" />
              </SequencePoints>
              <BranchPoints />
            </Method>
          </Methods>
        </Class>
        <Class>
          <Summary numSequencePoints="5" visitedSequencePoints="0" numBranchPoints="0" visitedBranchPoints="0" sequenceCoverage="0.0" branchCoverage="0.0" maxCyclomaticComplexity="4" minCyclomaticComplexity="4" maxCrapScore="20" minCrapScore="20" visitedClasses="0" numClasses="1" visitedMethods="0" numMethods="1" />
          <FullName>Sources.Scripts.DI.ContainerCache&lt;GetFromCache&gt;d__3[T]</FullName>
          <Methods>
            <Method visited="false" cyclomaticComplexity="4" nPathComplexity="0" sequenceCoverage="0.0" branchCoverage="0" crapScore="20" isConstructor="false" isStatic="false" isGetter="false" isSetter="false">
              <Summary numSequencePoints="5" visitedSequencePoints="0" numBranchPoints="0" visitedBranchPoints="0" sequenceCoverage="0.0" branchCoverage="0" maxCyclomaticComplexity="4" minCyclomaticComplexity="4" maxCrapScore="20" minCrapScore="20" visitedClasses="0" numClasses="0" visitedMethods="0" numMethods="1" />
              <MetadataToken>100663454</MetadataToken>
              <Name>System.Void Sources.Scripts.DI.ContainerCache&lt;GetFromCache&gt;d__3[T]::MoveNext()</Name>
              <FileRef uid="23" />
              <SequencePoints>
                <SequencePoint vc="0" uspid="915" ordinal="0" offset="14" sl="17" sc="0" el="17" ec="0" bec="0" bev="0" fileid="23" />
                <SequencePoint vc="0" uspid="916" ordinal="0" offset="15" sl="18" sc="0" el="18" ec="0" bec="0" bev="0" fileid="23" />
                <SequencePoint vc="0" uspid="917" ordinal="0" offset="42" sl="18" sc="0" el="18" ec="0" bec="0" bev="0" fileid="23" />
                <SequencePoint vc="0" uspid="918" ordinal="0" offset="48" sl="20" sc="0" el="20" ec="0" bec="0" bev="0" fileid="23" />
                <SequencePoint vc="0" uspid="919" ordinal="0" offset="211" sl="21" sc="0" el="21" ec="0" bec="0" bev="0" fileid="23" />
              </SequencePoints>
              <BranchPoints />
            </Method>
          </Methods>
        </Class>
        <Class>
          <Summary numSequencePoints="5" visitedSequencePoints="2" numBranchPoints="0" visitedBranchPoints="0" sequenceCoverage="40.00" branchCoverage="0.0" maxCyclomaticComplexity="3" minCyclomaticComplexity="3" maxCrapScore="4.94" minCrapScore="4.94" visitedClasses="1" numClasses="1" visitedMethods="1" numMethods="1" />
          <FullName>Sources.Scripts.DI.MyContainer&lt;BindAsync&gt;d__4[T]</FullName>
          <Methods>
            <Method visited="true" cyclomaticComplexity="3" nPathComplexity="0" sequenceCoverage="40.00" branchCoverage="0" crapScore="4.94" isConstructor="false" isStatic="false" isGetter="false" isSetter="false">
              <Summary numSequencePoints="5" visitedSequencePoints="2" numBranchPoints="0" visitedBranchPoints="0" sequenceCoverage="40.00" branchCoverage="0" maxCyclomaticComplexity="3" minCyclomaticComplexity="3" maxCrapScore="4.94" minCrapScore="4.94" visitedClasses="0" numClasses="0" visitedMethods="1" numMethods="1" />
              <MetadataToken>100663460</MetadataToken>
              <Name>System.Void Sources.Scripts.DI.MyContainer&lt;BindAsync&gt;d__4[T]::MoveNext()</Name>
              <FileRef uid="24" />
              <SequencePoints>
                <SequencePoint vc="2" uspid="945" ordinal="0" offset="14" sl="19" sc="0" el="19" ec="0" bec="0" bev="0" fileid="24" />
                <SequencePoint vc="2" uspid="946" ordinal="0" offset="15" sl="20" sc="0" el="20" ec="0" bec="0" bev="0" fileid="24" />
                <SequencePoint vc="0" uspid="947" ordinal="0" offset="32" sl="21" sc="0" el="21" ec="0" bec="0" bev="0" fileid="24" />
                <SequencePoint vc="0" uspid="948" ordinal="0" offset="49" sl="22" sc="0" el="22" ec="0" bec="0" bev="0" fileid="24" />
                <SequencePoint vc="0" uspid="949" ordinal="0" offset="192" sl="23" sc="0" el="23" ec="0" bec="0" bev="0" fileid="24" />
              </SequencePoints>
              <BranchPoints />
            </Method>
          </Methods>
        </Class>
        <Class>
          <Summary numSequencePoints="5" visitedSequencePoints="0" numBranchPoints="0" visitedBranchPoints="0" sequenceCoverage="0.0" branchCoverage="0.0" maxCyclomaticComplexity="3" minCyclomaticComplexity="3" maxCrapScore="12" minCrapScore="12" visitedClasses="0" numClasses="1" visitedMethods="0" numMethods="1" />
          <FullName>Sources.Scripts.DI.MyContainer&lt;BindAsync&gt;d__5[TBase,TImpl]</FullName>
          <Methods>
            <Method visited="false" cyclomaticComplexity="3" nPathComplexity="0" sequenceCoverage="0.0" branchCoverage="0" crapScore="12" isConstructor="false" isStatic="false" isGetter="false" isSetter="false">
              <Summary numSequencePoints="5" visitedSequencePoints="0" numBranchPoints="0" visitedBranchPoints="0" sequenceCoverage="0.0" branchCoverage="0" maxCyclomaticComplexity="3" minCyclomaticComplexity="3" maxCrapScore="12" minCrapScore="12" visitedClasses="0" numClasses="0" visitedMethods="0" numMethods="1" />
              <MetadataToken>100663463</MetadataToken>
              <Name>System.Void Sources.Scripts.DI.MyContainer&lt;BindAsync&gt;d__5[TBase,TImpl]::MoveNext()</Name>
              <FileRef uid="24" />
              <SequencePoints>
                <SequencePoint vc="0" uspid="950" ordinal="0" offset="14" sl="26" sc="0" el="26" ec="0" bec="0" bev="0" fileid="24" />
                <SequencePoint vc="0" uspid="951" ordinal="0" offset="15" sl="27" sc="0" el="27" ec="0" bec="0" bev="0" fileid="24" />
                <SequencePoint vc="0" uspid="952" ordinal="0" offset="32" sl="28" sc="0" el="28" ec="0" bec="0" bev="0" fileid="24" />
                <SequencePoint vc="0" uspid="953" ordinal="0" offset="49" sl="29" sc="0" el="29" ec="0" bec="0" bev="0" fileid="24" />
                <SequencePoint vc="0" uspid="954" ordinal="0" offset="192" sl="30" sc="0" el="30" ec="0" bec="0" bev="0" fileid="24" />
              </SequencePoints>
              <BranchPoints />
            </Method>
          </Methods>
        </Class>
        <Class>
          <Summary numSequencePoints="7" visitedSequencePoints="4" numBranchPoints="0" visitedBranchPoints="0" sequenceCoverage="57.14" branchCoverage="0.0" maxCyclomaticComplexity="4" minCyclomaticComplexity="4" maxCrapScore="5.26" minCrapScore="5.26" visitedClasses="1" numClasses="1" visitedMethods="1" numMethods="1" />
          <FullName>Sources.Scripts.DI.MyContainer&lt;BindAsync&gt;d__6[T]</FullName>
          <Methods>
            <Method visited="true" cyclomaticComplexity="4" nPathComplexity="0" sequenceCoverage="57.14" branchCoverage="0" crapScore="5.26" isConstructor="false" isStatic="false" isGetter="false" isSetter="false">
              <Summary numSequencePoints="7" visitedSequencePoints="4" numBranchPoints="0" visitedBranchPoints="0" sequenceCoverage="57.14" branchCoverage="0" maxCyclomaticComplexity="4" minCyclomaticComplexity="4" maxCrapScore="5.26" minCrapScore="5.26" visitedClasses="0" numClasses="0" visitedMethods="1" numMethods="1" />
              <MetadataToken>100663466</MetadataToken>
              <Name>System.Void Sources.Scripts.DI.MyContainer&lt;BindAsync&gt;d__6[T]::MoveNext()</Name>
              <FileRef uid="24" />
              <SequencePoints>
                <SequencePoint vc="2" uspid="955" ordinal="0" offset="17" sl="33" sc="0" el="33" ec="0" bec="0" bev="0" fileid="24" />
                <SequencePoint vc="2" uspid="956" ordinal="0" offset="18" sl="34" sc="0" el="34" ec="0" bec="0" bev="0" fileid="24" />
                <SequencePoint vc="1" uspid="957" ordinal="0" offset="36" sl="34" sc="0" el="34" ec="0" bec="0" bev="0" fileid="24" />
                <SequencePoint vc="1" uspid="958" ordinal="0" offset="42" sl="36" sc="0" el="36" ec="0" bec="0" bev="0" fileid="24" />
                <SequencePoint vc="0" uspid="959" ordinal="0" offset="59" sl="37" sc="0" el="37" ec="0" bec="0" bev="0" fileid="24" />
                <SequencePoint vc="0" uspid="960" ordinal="0" offset="90" sl="38" sc="0" el="38" ec="0" bec="0" bev="0" fileid="24" />
                <SequencePoint vc="0" uspid="961" ordinal="0" offset="237" sl="39" sc="0" el="39" ec="0" bec="0" bev="0" fileid="24" />
              </SequencePoints>
              <BranchPoints />
            </Method>
          </Methods>
        </Class>
        <Class>
          <Summary numSequencePoints="7" visitedSequencePoints="0" numBranchPoints="0" visitedBranchPoints="0" sequenceCoverage="0.0" branchCoverage="0.0" maxCyclomaticComplexity="4" minCyclomaticComplexity="4" maxCrapScore="20" minCrapScore="20" visitedClasses="0" numClasses="1" visitedMethods="0" numMethods="1" />
          <FullName>Sources.Scripts.DI.MyContainer&lt;BindAsync&gt;d__7[T]</FullName>
          <Methods>
            <Method visited="false" cyclomaticComplexity="4" nPathComplexity="0" sequenceCoverage="0.0" branchCoverage="0" crapScore="20" isConstructor="false" isStatic="false" isGetter="false" isSetter="false">
              <Summary numSequencePoints="7" visitedSequencePoints="0" numBranchPoints="0" visitedBranchPoints="0" sequenceCoverage="0.0" branchCoverage="0" maxCyclomaticComplexity="4" minCyclomaticComplexity="4" maxCrapScore="20" minCrapScore="20" visitedClasses="0" numClasses="0" visitedMethods="0" numMethods="1" />
              <MetadataToken>100663469</MetadataToken>
              <Name>System.Void Sources.Scripts.DI.MyContainer&lt;BindAsync&gt;d__7[T]::MoveNext()</Name>
              <FileRef uid="24" />
              <SequencePoints>
                <SequencePoint vc="0" uspid="962" ordinal="0" offset="17" sl="42" sc="0" el="42" ec="0" bec="0" bev="0" fileid="24" />
                <SequencePoint vc="0" uspid="963" ordinal="0" offset="18" sl="43" sc="0" el="43" ec="0" bec="0" bev="0" fileid="24" />
                <SequencePoint vc="0" uspid="964" ordinal="0" offset="31" sl="43" sc="0" el="43" ec="0" bec="0" bev="0" fileid="24" />
                <SequencePoint vc="0" uspid="965" ordinal="0" offset="37" sl="45" sc="0" el="45" ec="0" bec="0" bev="0" fileid="24" />
                <SequencePoint vc="0" uspid="966" ordinal="0" offset="65" sl="46" sc="0" el="46" ec="0" bec="0" bev="0" fileid="24" />
                <SequencePoint vc="0" uspid="967" ordinal="0" offset="88" sl="47" sc="0" el="47" ec="0" bec="0" bev="0" fileid="24" />
                <SequencePoint vc="0" uspid="968" ordinal="0" offset="232" sl="48" sc="0" el="48" ec="0" bec="0" bev="0" fileid="24" />
              </SequencePoints>
              <BranchPoints />
            </Method>
          </Methods>
        </Class>
        <Class>
          <Summary numSequencePoints="9" visitedSequencePoints="3" numBranchPoints="0" visitedBranchPoints="0" sequenceCoverage="33.33" branchCoverage="0.0" maxCyclomaticComplexity="4" minCyclomaticComplexity="4" maxCrapScore="8.74" minCrapScore="8.74" visitedClasses="1" numClasses="1" visitedMethods="1" numMethods="1" />
          <FullName>Sources.Scripts.DI.MyContainer/&lt;BindConfigAsync&gt;d__8</FullName>
          <Methods>
            <Method visited="true" cyclomaticComplexity="4" nPathComplexity="0" sequenceCoverage="33.33" branchCoverage="0" crapScore="8.74" isConstructor="false" isStatic="false" isGetter="false" isSetter="false">
              <Summary numSequencePoints="9" visitedSequencePoints="3" numBranchPoints="0" visitedBranchPoints="0" sequenceCoverage="33.33" branchCoverage="0" maxCyclomaticComplexity="4" minCyclomaticComplexity="4" maxCrapScore="8.74" minCrapScore="8.74" visitedClasses="0" numClasses="0" visitedMethods="1" numMethods="1" />
              <MetadataToken>100663472</MetadataToken>
              <Name>System.Void Sources.Scripts.DI.MyContainer/&lt;BindConfigAsync&gt;d__8::MoveNext()</Name>
              <FileRef uid="24" />
              <SequencePoints>
                <SequencePoint vc="1" uspid="969" ordinal="0" offset="17" sl="51" sc="9" el="51" ec="9" bec="0" bev="0" fileid="24" />
                <SequencePoint vc="1" uspid="970" ordinal="0" offset="18" sl="52" sc="13" el="52" ec="13" bec="0" bev="0" fileid="24" />
                <SequencePoint vc="1" uspid="971" ordinal="0" offset="31" sl="52" sc="40" el="52" ec="40" bec="0" bev="0" fileid="24" />
                <SequencePoint vc="0" uspid="972" ordinal="0" offset="37" sl="54" sc="13" el="54" ec="13" bec="0" bev="0" fileid="24" />
                <SequencePoint vc="0" uspid="973" ordinal="0" offset="54" sl="56" sc="13" el="56" ec="13" bec="0" bev="0" fileid="24" />
                <SequencePoint vc="0" uspid="974" ordinal="0" offset="77" sl="57" sc="13" el="57" ec="13" bec="0" bev="0" fileid="24" />
                <SequencePoint vc="0" uspid="975" ordinal="0" offset="123" sl="57" sc="13" el="57" ec="13" bec="0" bev="0" fileid="24" />
                <SequencePoint vc="0" uspid="976" ordinal="0" offset="150" sl="57" sc="13" el="57" ec="13" bec="0" bev="0" fileid="24" />
                <SequencePoint vc="0" uspid="977" ordinal="0" offset="221" sl="58" sc="9" el="58" ec="9" bec="0" bev="0" fileid="24" />
              </SequencePoints>
              <BranchPoints />
            </Method>
          </Methods>
        </Class>
        <Class>
          <Summary numSequencePoints="1" visitedSequencePoints="0" numBranchPoints="0" visitedBranchPoints="0" sequenceCoverage="0.0" branchCoverage="0.0" maxCyclomaticComplexity="3" minCyclomaticComplexity="3" maxCrapScore="12" minCrapScore="12" visitedClasses="0" numClasses="1" visitedMethods="0" numMethods="1" />
          <FullName>Sources.Scripts.DI.MyContainer&lt;GetServiceAsync&gt;d__3[T]</FullName>
          <Methods>
            <Method visited="false" cyclomaticComplexity="3" nPathComplexity="0" sequenceCoverage="0.0" branchCoverage="0" crapScore="12" isConstructor="false" isStatic="false" isGetter="false" isSetter="false">
              <Summary numSequencePoints="1" visitedSequencePoints="0" numBranchPoints="0" visitedBranchPoints="0" sequenceCoverage="0.0" branchCoverage="0" maxCyclomaticComplexity="3" minCyclomaticComplexity="3" maxCrapScore="12" minCrapScore="12" visitedClasses="0" numClasses="0" visitedMethods="0" numMethods="1" />
              <MetadataToken>100663475</MetadataToken>
              <Name>System.Void Sources.Scripts.DI.MyContainer&lt;GetServiceAsync&gt;d__3[T]::MoveNext()</Name>
              <FileRef uid="24" />
              <SequencePoints>
                <SequencePoint vc="0" uspid="978" ordinal="0" offset="14" sl="16" sc="0" el="16" ec="0" bec="0" bev="0" fileid="24" />
              </SequencePoints>
              <BranchPoints />
            </Method>
          </Methods>
        </Class>
      </Classes>
    </Module>
  </Modules>
</CoverageSession>